<?xml version="1.0" encoding="UTF-8"?>
<testsuites>
  <testsuite name="CLI Arguments" tests="744" assertions="2644" errors="1" failures="4" skipped="0" time="1106.661260">
    <testsuite name="Tests\Tenant\Assets\AssetContractTest" file="tests\Tenant\Assets\AssetContractTest.php" tests="6" assertions="37" errors="0" failures="0" skipped="0" time="12.862960">
      <testcase name="it can store an asset with contracts" file="tests\Tenant\Assets\AssetContractTest.php::it can store an asset with contracts" class="Tests\Tenant\Assets\AssetContractTest" classname="Tests.Tenant.Assets.AssetContractTest" assertions="6" time="3.937956"/>
      <testcase name="it can store an asset with contracts and documents" file="tests\Tenant\Assets\AssetContractTest.php::it can store an asset with contracts and documents" class="Tests\Tenant\Assets\AssetContractTest" classname="Tests.Tenant.Assets.AssetContractTest" assertions="11" time="3.143076"/>
      <testcase name="it can add an existing contract when creating an asset" file="tests\Tenant\Assets\AssetContractTest.php::it can add an existing contract when creating an asset" class="Tests\Tenant\Assets\AssetContractTest" classname="Tests.Tenant.Assets.AssetContractTest" assertions="3" time="1.958992"/>
      <testcase name="it can add multiple existing contracts when creating an asset" file="tests\Tenant\Assets\AssetContractTest.php::it can add multiple existing contracts when creating an asset" class="Tests\Tenant\Assets\AssetContractTest" classname="Tests.Tenant.Assets.AssetContractTest" assertions="4" time="1.367395"/>
      <testcase name="it can add existing contracts to an existing asset" file="tests\Tenant\Assets\AssetContractTest.php::it can add existing contracts to an existing asset" class="Tests\Tenant\Assets\AssetContractTest" classname="Tests.Tenant.Assets.AssetContractTest" assertions="5" time="1.208953"/>
      <testcase name="it can remove a contract from an asset" file="tests\Tenant\Assets\AssetContractTest.php::it can remove a contract from an asset" class="Tests\Tenant\Assets\AssetContractTest" classname="Tests.Tenant.Assets.AssetContractTest" assertions="8" time="1.246589"/>
    </testsuite>
    <testsuite name="Tests\Tenant\Assets\AssetTest" file="tests\Tenant\Assets\AssetTest.php" tests="24" assertions="146" errors="0" failures="1" skipped="0" time="28.753044">
      <testcase name="it can render the index assets page" file="tests\Tenant\Assets\AssetTest.php::it can render the index assets page" class="Tests\Tenant\Assets\AssetTest" classname="Tests.Tenant.Assets.AssetTest" assertions="13" time="1.520417">
        <failure type="PHPUnit\Framework\ExpectationFailedException">it can render the index assets pageProperty [items.0.maintainable.name] does not exist.
Failed asserting that false is true.&#13;
at vendor\laravel\framework\src\Illuminate\Testing\Fluent\Concerns\Has.php:91
at vendor\laravel\framework\src\Illuminate\Testing\Fluent\Concerns\Matching.php:23
at tests\Tenant\Assets\AssetTest.php:62
at vendor\inertiajs\inertia-laravel\src\Testing\TestResponseMacros.php:25
at vendor\laravel\framework\src\Illuminate\Macroable\Traits\Macroable.php:126
at vendor\laravel\framework\src\Illuminate\Testing\TestResponse.php:1974
at tests\Tenant\Assets\AssetTest.php:58</failure>
      </testcase>
      <testcase name="it can render the create asset page" file="tests\Tenant\Assets\AssetTest.php::it can render the create asset page" class="Tests\Tenant\Assets\AssetTest" classname="Tests.Tenant.Assets.AssetTest" assertions="13" time="1.263674"/>
      <testcase name="it can create a new asset to site" file="tests\Tenant\Assets\AssetTest.php::it can create a new asset to site" class="Tests\Tenant\Assets\AssetTest" classname="Tests.Tenant.Assets.AssetTest" assertions="5" time="1.118234"/>
      <testcase name="it can create a new mobile asset" file="tests\Tenant\Assets\AssetTest.php::it can create a new mobile asset" class="Tests\Tenant\Assets\AssetTest" classname="Tests.Tenant.Assets.AssetTest" assertions="5" time="1.084078"/>
      <testcase name="it can create a new asset to building" file="tests\Tenant\Assets\AssetTest.php::it can create a new asset to building" class="Tests\Tenant\Assets\AssetTest" classname="Tests.Tenant.Assets.AssetTest" assertions="5" time="1.204333"/>
      <testcase name="it can create an asset with uploaded pictures" file="tests\Tenant\Assets\AssetTest.php::it can create an asset with uploaded pictures" class="Tests\Tenant\Assets\AssetTest" classname="Tests.Tenant.Assets.AssetTest" assertions="6" time="1.180174"/>
      <testcase name="it can add pictures to an asset" file="tests\Tenant\Assets\AssetTest.php::it can add pictures to an asset" class="Tests\Tenant\Assets\AssetTest" classname="Tests.Tenant.Assets.AssetTest" assertions="5" time="1.050870"/>
      <testcase name="it cannot create a new asset with non existing building" file="tests\Tenant\Assets\AssetTest.php::it cannot create a new asset with non existing building" class="Tests\Tenant\Assets\AssetTest" classname="Tests.Tenant.Assets.AssetTest" assertions="2" time="1.070372"/>
      <testcase name="it cannot create a new asset with unrelated asset category type" file="tests\Tenant\Assets\AssetTest.php::it cannot create a new asset with unrelated asset category type" class="Tests\Tenant\Assets\AssetTest" classname="Tests.Tenant.Assets.AssetTest" assertions="2" time="1.045429"/>
      <testcase name="it cannot create a new asset with non existing location type" file="tests\Tenant\Assets\AssetTest.php::it cannot create a new asset with non existing location type" class="Tests\Tenant\Assets\AssetTest" classname="Tests.Tenant.Assets.AssetTest" assertions="2" time="0.973851"/>
      <testcase name="it can create a new asset to floor" file="tests\Tenant\Assets\AssetTest.php::it can create a new asset to floor" class="Tests\Tenant\Assets\AssetTest" classname="Tests.Tenant.Assets.AssetTest" assertions="5" time="1.117476"/>
      <testcase name="it can create a new asset to room" file="tests\Tenant\Assets\AssetTest.php::it can create a new asset to room" class="Tests\Tenant\Assets\AssetTest" classname="Tests.Tenant.Assets.AssetTest" assertions="5" time="1.294434"/>
      <testcase name="it can show the asset page" file="tests\Tenant\Assets\AssetTest.php::it can show the asset page" class="Tests\Tenant\Assets\AssetTest" classname="Tests.Tenant.Assets.AssetTest" assertions="22" time="1.111250"/>
      <testcase name="it can render the update asset page" file="tests\Tenant\Assets\AssetTest.php::it can render the update asset page" class="Tests\Tenant\Assets\AssetTest" classname="Tests.Tenant.Assets.AssetTest" assertions="14" time="1.096625"/>
      <testcase name="it can update asset and his maintainable" file="tests\Tenant\Assets\AssetTest.php::it can update asset and his maintainable" class="Tests\Tenant\Assets\AssetTest" classname="Tests.Tenant.Assets.AssetTest" assertions="5" time="1.294714"/>
      <testcase name="it can update asset's location" file="tests\Tenant\Assets\AssetTest.php::it can update asset's location" class="Tests\Tenant\Assets\AssetTest" classname="Tests.Tenant.Assets.AssetTest" assertions="5" time="1.293058"/>
      <testcase name="it can soft delete an asset but kept in DB with his maintainable" file="tests\Tenant\Assets\AssetTest.php::it can soft delete an asset but kept in DB with his maintainable" class="Tests\Tenant\Assets\AssetTest" classname="Tests.Tenant.Assets.AssetTest" assertions="5" time="1.198327"/>
      <testcase name="it can restore a soft deleted asset" file="tests\Tenant\Assets\AssetTest.php::it can restore a soft deleted asset" class="Tests\Tenant\Assets\AssetTest" classname="Tests.Tenant.Assets.AssetTest" assertions="8" time="1.195422"/>
      <testcase name="it can force delete a soft deleted asset" file="tests\Tenant\Assets\AssetTest.php::it can force delete a soft deleted asset" class="Tests\Tenant\Assets\AssetTest" classname="Tests.Tenant.Assets.AssetTest" assertions="8" time="1.090478"/>
      <testcase name="it fails when model has more than 100 chars" file="tests\Tenant\Assets\AssetTest.php::it fails when model has more than 100 chars" class="Tests\Tenant\Assets\AssetTest" classname="Tests.Tenant.Assets.AssetTest" assertions="2" time="0.970477"/>
      <testcase name="it fails when brand has more than 100 chars" file="tests\Tenant\Assets\AssetTest.php::it fails when brand has more than 100 chars" class="Tests\Tenant\Assets\AssetTest" classname="Tests.Tenant.Assets.AssetTest" assertions="2" time="0.984552"/>
      <testcase name="it fails when serial_number has more than 50 chars" file="tests\Tenant\Assets\AssetTest.php::it fails when serial_number has more than 50 chars" class="Tests\Tenant\Assets\AssetTest" classname="Tests.Tenant.Assets.AssetTest" assertions="2" time="1.224154"/>
      <testcase name="it can attach a provider to an asset's maintainable" file="tests\Tenant\Assets\AssetTest.php::it can attach a provider to an asset's maintainable" class="Tests\Tenant\Assets\AssetTest" classname="Tests.Tenant.Assets.AssetTest" assertions="2" time="1.588932"/>
      <testcase name="it can update providers to an asset's maintainable" file="tests\Tenant\Assets\AssetTest.php::it can update providers to an asset's maintainable" class="Tests\Tenant\Assets\AssetTest" classname="Tests.Tenant.Assets.AssetTest" assertions="3" time="1.781713"/>
    </testsuite>
    <testsuite name="Tests\Tenant\Auth\AssetManagementTest" file="tests\Tenant\Auth\AssetManagementTest.php" tests="42" assertions="42" errors="0" failures="0" skipped="0" time="55.189050">
      <testsuite name="test access roles to assets index page" tests="3" assertions="3" errors="0" failures="0" skipped="0" time="3.463709">
        <testcase name="test access roles to assets index page with data set &quot;('Admin', 200)&quot;" file="tests\Tenant\Auth\AssetManagementTest.php::test access roles to assets index page with data set &quot;('Admin', 200)&quot;" class="Tests\Tenant\Auth\AssetManagementTest" classname="Tests.Tenant.Auth.AssetManagementTest" assertions="1" time="1.208106"/>
        <testcase name="test access roles to assets index page with data set &quot;('Maintenance Manager', 403)&quot;" file="tests\Tenant\Auth\AssetManagementTest.php::test access roles to assets index page with data set &quot;('Maintenance Manager', 403)&quot;" class="Tests\Tenant\Auth\AssetManagementTest" classname="Tests.Tenant.Auth.AssetManagementTest" assertions="1" time="1.177508"/>
        <testcase name="test access roles to assets index page with data set &quot;('Provider', 403)&quot;" file="tests\Tenant\Auth\AssetManagementTest.php::test access roles to assets index page with data set &quot;('Provider', 403)&quot;" class="Tests\Tenant\Auth\AssetManagementTest" classname="Tests.Tenant.Auth.AssetManagementTest" assertions="1" time="1.078095"/>
      </testsuite>
      <testsuite name="test access roles to create asset page" tests="3" assertions="3" errors="0" failures="0" skipped="0" time="3.094754">
        <testcase name="test access roles to create asset page with data set &quot;('Admin', 200)&quot;" file="tests\Tenant\Auth\AssetManagementTest.php::test access roles to create asset page with data set &quot;('Admin', 200)&quot;" class="Tests\Tenant\Auth\AssetManagementTest" classname="Tests.Tenant.Auth.AssetManagementTest" assertions="1" time="1.082554"/>
        <testcase name="test access roles to create asset page with data set &quot;('Maintenance Manager', 403)&quot;" file="tests\Tenant\Auth\AssetManagementTest.php::test access roles to create asset page with data set &quot;('Maintenance Manager', 403)&quot;" class="Tests\Tenant\Auth\AssetManagementTest" classname="Tests.Tenant.Auth.AssetManagementTest" assertions="1" time="1.007416"/>
        <testcase name="test access roles to create asset page with data set &quot;('Provider', 403)&quot;" file="tests\Tenant\Auth\AssetManagementTest.php::test access roles to create asset page with data set &quot;('Provider', 403)&quot;" class="Tests\Tenant\Auth\AssetManagementTest" classname="Tests.Tenant.Auth.AssetManagementTest" assertions="1" time="1.004784"/>
      </testsuite>
      <testsuite name="test access roles to view any asset page" tests="3" assertions="3" errors="0" failures="0" skipped="0" time="3.840900">
        <testcase name="test access roles to view any asset page with data set &quot;('Admin', 200)&quot;" file="tests\Tenant\Auth\AssetManagementTest.php::test access roles to view any asset page with data set &quot;('Admin', 200)&quot;" class="Tests\Tenant\Auth\AssetManagementTest" classname="Tests.Tenant.Auth.AssetManagementTest" assertions="1" time="1.265881"/>
        <testcase name="test access roles to view any asset page with data set &quot;('Maintenance Manager', 403)&quot;" file="tests\Tenant\Auth\AssetManagementTest.php::test access roles to view any asset page with data set &quot;('Maintenance Manager', 403)&quot;" class="Tests\Tenant\Auth\AssetManagementTest" classname="Tests.Tenant.Auth.AssetManagementTest" assertions="1" time="1.282574"/>
        <testcase name="test access roles to view any asset page with data set &quot;('Provider', 403)&quot;" file="tests\Tenant\Auth\AssetManagementTest.php::test access roles to view any asset page with data set &quot;('Provider', 403)&quot;" class="Tests\Tenant\Auth\AssetManagementTest" classname="Tests.Tenant.Auth.AssetManagementTest" assertions="1" time="1.292445"/>
      </testsuite>
      <testsuite name="test access roles to view asset with maintenance manager page" tests="3" assertions="3" errors="0" failures="0" skipped="0" time="3.535788">
        <testcase name="test access roles to view asset with maintenance manager page with data set &quot;('Admin', 200)&quot;" file="tests\Tenant\Auth\AssetManagementTest.php::test access roles to view asset with maintenance manager page with data set &quot;('Admin', 200)&quot;" class="Tests\Tenant\Auth\AssetManagementTest" classname="Tests.Tenant.Auth.AssetManagementTest" assertions="1" time="1.192435"/>
        <testcase name="test access roles to view asset with maintenance manager page with data set &quot;('Maintenance Manager', 200)&quot;" file="tests\Tenant\Auth\AssetManagementTest.php::test access roles to view asset with maintenance manager page with data set &quot;('Maintenance Manager', 200)&quot;" class="Tests\Tenant\Auth\AssetManagementTest" classname="Tests.Tenant.Auth.AssetManagementTest" assertions="1" time="1.132127"/>
        <testcase name="test access roles to view asset with maintenance manager page with data set &quot;('Provider', 403)&quot;" file="tests\Tenant\Auth\AssetManagementTest.php::test access roles to view asset with maintenance manager page with data set &quot;('Provider', 403)&quot;" class="Tests\Tenant\Auth\AssetManagementTest" classname="Tests.Tenant.Auth.AssetManagementTest" assertions="1" time="1.211226"/>
      </testsuite>
      <testsuite name="test access roles to store an asset" tests="3" assertions="3" errors="0" failures="0" skipped="0" time="4.126487">
        <testcase name="test access roles to store an asset with data set &quot;('Admin', 200)&quot;" file="tests\Tenant\Auth\AssetManagementTest.php::test access roles to store an asset with data set &quot;('Admin', 200)&quot;" class="Tests\Tenant\Auth\AssetManagementTest" classname="Tests.Tenant.Auth.AssetManagementTest" assertions="1" time="1.210518"/>
        <testcase name="test access roles to store an asset with data set &quot;('Maintenance Manager', 403)&quot;" file="tests\Tenant\Auth\AssetManagementTest.php::test access roles to store an asset with data set &quot;('Maintenance Manager', 403)&quot;" class="Tests\Tenant\Auth\AssetManagementTest" classname="Tests.Tenant.Auth.AssetManagementTest" assertions="1" time="1.274947"/>
        <testcase name="test access roles to store an asset with data set &quot;('Provider', 403)&quot;" file="tests\Tenant\Auth\AssetManagementTest.php::test access roles to store an asset with data set &quot;('Provider', 403)&quot;" class="Tests\Tenant\Auth\AssetManagementTest" classname="Tests.Tenant.Auth.AssetManagementTest" assertions="1" time="1.641022"/>
      </testsuite>
      <testsuite name="test access roles to update any asset page" tests="3" assertions="3" errors="0" failures="0" skipped="0" time="3.727476">
        <testcase name="test access roles to update any asset page with data set &quot;('Admin', 200)&quot;" file="tests\Tenant\Auth\AssetManagementTest.php::test access roles to update any asset page with data set &quot;('Admin', 200)&quot;" class="Tests\Tenant\Auth\AssetManagementTest" classname="Tests.Tenant.Auth.AssetManagementTest" assertions="1" time="1.477754"/>
        <testcase name="test access roles to update any asset page with data set &quot;('Maintenance Manager', 403)&quot;" file="tests\Tenant\Auth\AssetManagementTest.php::test access roles to update any asset page with data set &quot;('Maintenance Manager', 403)&quot;" class="Tests\Tenant\Auth\AssetManagementTest" classname="Tests.Tenant.Auth.AssetManagementTest" assertions="1" time="1.193103"/>
        <testcase name="test access roles to update any asset page with data set &quot;('Provider', 403)&quot;" file="tests\Tenant\Auth\AssetManagementTest.php::test access roles to update any asset page with data set &quot;('Provider', 403)&quot;" class="Tests\Tenant\Auth\AssetManagementTest" classname="Tests.Tenant.Auth.AssetManagementTest" assertions="1" time="1.056619"/>
      </testsuite>
      <testsuite name="test access roles to update asset with maintenance manager page" tests="3" assertions="3" errors="0" failures="0" skipped="0" time="3.436579">
        <testcase name="test access roles to update asset with maintenance manager page with data set &quot;('Admin', 200)&quot;" file="tests\Tenant\Auth\AssetManagementTest.php::test access roles to update asset with maintenance manager page with data set &quot;('Admin', 200)&quot;" class="Tests\Tenant\Auth\AssetManagementTest" classname="Tests.Tenant.Auth.AssetManagementTest" assertions="1" time="1.134159"/>
        <testcase name="test access roles to update asset with maintenance manager page with data set &quot;('Maintenance Manager', 200)&quot;" file="tests\Tenant\Auth\AssetManagementTest.php::test access roles to update asset with maintenance manager page with data set &quot;('Maintenance Manager', 200)&quot;" class="Tests\Tenant\Auth\AssetManagementTest" classname="Tests.Tenant.Auth.AssetManagementTest" assertions="1" time="1.224124"/>
        <testcase name="test access roles to update asset with maintenance manager page with data set &quot;('Provider', 403)&quot;" file="tests\Tenant\Auth\AssetManagementTest.php::test access roles to update asset with maintenance manager page with data set &quot;('Provider', 403)&quot;" class="Tests\Tenant\Auth\AssetManagementTest" classname="Tests.Tenant.Auth.AssetManagementTest" assertions="1" time="1.078295"/>
      </testsuite>
      <testsuite name="test access roles to asset page" tests="3" assertions="3" errors="0" failures="0" skipped="0" time="4.162792">
        <testcase name="test access roles to asset page with data set &quot;('Admin', 200)&quot;" file="tests\Tenant\Auth\AssetManagementTest.php::test access roles to asset page with data set &quot;('Admin', 200)&quot;" class="Tests\Tenant\Auth\AssetManagementTest" classname="Tests.Tenant.Auth.AssetManagementTest" assertions="1" time="1.586428"/>
        <testcase name="test access roles to asset page with data set &quot;('Maintenance Manager', 403)&quot;" file="tests\Tenant\Auth\AssetManagementTest.php::test access roles to asset page with data set &quot;('Maintenance Manager', 403)&quot;" class="Tests\Tenant\Auth\AssetManagementTest" classname="Tests.Tenant.Auth.AssetManagementTest" assertions="1" time="1.417542"/>
        <testcase name="test access roles to asset page with data set &quot;('Provider', 403)&quot;" file="tests\Tenant\Auth\AssetManagementTest.php::test access roles to asset page with data set &quot;('Provider', 403)&quot;" class="Tests\Tenant\Auth\AssetManagementTest" classname="Tests.Tenant.Auth.AssetManagementTest" assertions="1" time="1.158822"/>
      </testsuite>
      <testsuite name="test access roles to delete any asset" tests="3" assertions="3" errors="0" failures="0" skipped="0" time="3.464264">
        <testcase name="test access roles to delete any asset with data set &quot;('Admin', 200)&quot;" file="tests\Tenant\Auth\AssetManagementTest.php::test access roles to delete any asset with data set &quot;('Admin', 200)&quot;" class="Tests\Tenant\Auth\AssetManagementTest" classname="Tests.Tenant.Auth.AssetManagementTest" assertions="1" time="1.084473"/>
        <testcase name="test access roles to delete any asset with data set &quot;('Maintenance Manager', 403)&quot;" file="tests\Tenant\Auth\AssetManagementTest.php::test access roles to delete any asset with data set &quot;('Maintenance Manager', 403)&quot;" class="Tests\Tenant\Auth\AssetManagementTest" classname="Tests.Tenant.Auth.AssetManagementTest" assertions="1" time="1.219701"/>
        <testcase name="test access roles to delete any asset with data set &quot;('Provider', 403)&quot;" file="tests\Tenant\Auth\AssetManagementTest.php::test access roles to delete any asset with data set &quot;('Provider', 403)&quot;" class="Tests\Tenant\Auth\AssetManagementTest" classname="Tests.Tenant.Auth.AssetManagementTest" assertions="1" time="1.160090"/>
      </testsuite>
      <testsuite name="test access roles to delete asset with maintenance manager" tests="3" assertions="3" errors="0" failures="0" skipped="0" time="4.324403">
        <testcase name="test access roles to delete asset with maintenance manager with data set &quot;('Admin', 200)&quot;" file="tests\Tenant\Auth\AssetManagementTest.php::test access roles to delete asset with maintenance manager with data set &quot;('Admin', 200)&quot;" class="Tests\Tenant\Auth\AssetManagementTest" classname="Tests.Tenant.Auth.AssetManagementTest" assertions="1" time="1.157124"/>
        <testcase name="test access roles to delete asset with maintenance manager with data set &quot;('Maintenance Manager', 200)&quot;" file="tests\Tenant\Auth\AssetManagementTest.php::test access roles to delete asset with maintenance manager with data set &quot;('Maintenance Manager', 200)&quot;" class="Tests\Tenant\Auth\AssetManagementTest" classname="Tests.Tenant.Auth.AssetManagementTest" assertions="1" time="1.843933"/>
        <testcase name="test access roles to delete asset with maintenance manager with data set &quot;('Provider', 403)&quot;" file="tests\Tenant\Auth\AssetManagementTest.php::test access roles to delete asset with maintenance manager with data set &quot;('Provider', 403)&quot;" class="Tests\Tenant\Auth\AssetManagementTest" classname="Tests.Tenant.Auth.AssetManagementTest" assertions="1" time="1.323345"/>
      </testsuite>
      <testsuite name="test access roles to restore any asset" tests="3" assertions="3" errors="0" failures="0" skipped="0" time="4.351973">
        <testcase name="test access roles to restore any asset with data set &quot;('Admin', 200)&quot;" file="tests\Tenant\Auth\AssetManagementTest.php::test access roles to restore any asset with data set &quot;('Admin', 200)&quot;" class="Tests\Tenant\Auth\AssetManagementTest" classname="Tests.Tenant.Auth.AssetManagementTest" assertions="1" time="1.199944"/>
        <testcase name="test access roles to restore any asset with data set &quot;('Maintenance Manager', 403)&quot;" file="tests\Tenant\Auth\AssetManagementTest.php::test access roles to restore any asset with data set &quot;('Maintenance Manager', 403)&quot;" class="Tests\Tenant\Auth\AssetManagementTest" classname="Tests.Tenant.Auth.AssetManagementTest" assertions="1" time="1.243316"/>
        <testcase name="test access roles to restore any asset with data set &quot;('Provider', 403)&quot;" file="tests\Tenant\Auth\AssetManagementTest.php::test access roles to restore any asset with data set &quot;('Provider', 403)&quot;" class="Tests\Tenant\Auth\AssetManagementTest" classname="Tests.Tenant.Auth.AssetManagementTest" assertions="1" time="1.908713"/>
      </testsuite>
      <testsuite name="test access roles to force delete any asset" tests="3" assertions="3" errors="0" failures="0" skipped="0" time="3.721727">
        <testcase name="test access roles to force delete any asset with data set &quot;('Admin', 200)&quot;" file="tests\Tenant\Auth\AssetManagementTest.php::test access roles to force delete any asset with data set &quot;('Admin', 200)&quot;" class="Tests\Tenant\Auth\AssetManagementTest" classname="Tests.Tenant.Auth.AssetManagementTest" assertions="1" time="1.335336"/>
        <testcase name="test access roles to force delete any asset with data set &quot;('Maintenance Manager', 403)&quot;" file="tests\Tenant\Auth\AssetManagementTest.php::test access roles to force delete any asset with data set &quot;('Maintenance Manager', 403)&quot;" class="Tests\Tenant\Auth\AssetManagementTest" classname="Tests.Tenant.Auth.AssetManagementTest" assertions="1" time="1.206059"/>
        <testcase name="test access roles to force delete any asset with data set &quot;('Provider', 403)&quot;" file="tests\Tenant\Auth\AssetManagementTest.php::test access roles to force delete any asset with data set &quot;('Provider', 403)&quot;" class="Tests\Tenant\Auth\AssetManagementTest" classname="Tests.Tenant.Auth.AssetManagementTest" assertions="1" time="1.180332"/>
      </testsuite>
      <testsuite name="cannot regenerate a QR Code if user is not maintenance manager from the asset" tests="3" assertions="3" errors="0" failures="0" skipped="0" time="4.654390">
        <testcase name="cannot regenerate a QR Code if user is not maintenance manager from the asset with data set &quot;('Admin', 200)&quot;" file="tests\Tenant\Auth\AssetManagementTest.php::cannot regenerate a QR Code if user is not maintenance manager from the asset with data set &quot;('Admin', 200)&quot;" class="Tests\Tenant\Auth\AssetManagementTest" classname="Tests.Tenant.Auth.AssetManagementTest" assertions="1" time="2.107444"/>
        <testcase name="cannot regenerate a QR Code if user is not maintenance manager from the asset with data set &quot;('Maintenance Manager', 403)&quot;" file="tests\Tenant\Auth\AssetManagementTest.php::cannot regenerate a QR Code if user is not maintenance manager from the asset with data set &quot;('Maintenance Manager', 403)&quot;" class="Tests\Tenant\Auth\AssetManagementTest" classname="Tests.Tenant.Auth.AssetManagementTest" assertions="1" time="1.289113"/>
        <testcase name="cannot regenerate a QR Code if user is not maintenance manager from the asset with data set &quot;('Provider', 403)&quot;" file="tests\Tenant\Auth\AssetManagementTest.php::cannot regenerate a QR Code if user is not maintenance manager from the asset with data set &quot;('Provider', 403)&quot;" class="Tests\Tenant\Auth\AssetManagementTest" classname="Tests.Tenant.Auth.AssetManagementTest" assertions="1" time="1.257833"/>
      </testsuite>
      <testsuite name="can regenerate a QR Code if user is not maintenance manager from the asset" tests="3" assertions="3" errors="0" failures="0" skipped="0" time="5.283809">
        <testcase name="can regenerate a QR Code if user is not maintenance manager from the asset with data set &quot;('Admin', 200)&quot;" file="tests\Tenant\Auth\AssetManagementTest.php::can regenerate a QR Code if user is not maintenance manager from the asset with data set &quot;('Admin', 200)&quot;" class="Tests\Tenant\Auth\AssetManagementTest" classname="Tests.Tenant.Auth.AssetManagementTest" assertions="1" time="2.137400"/>
        <testcase name="can regenerate a QR Code if user is not maintenance manager from the asset with data set &quot;('Maintenance Manager', 200)&quot;" file="tests\Tenant\Auth\AssetManagementTest.php::can regenerate a QR Code if user is not maintenance manager from the asset with data set &quot;('Maintenance Manager', 200)&quot;" class="Tests\Tenant\Auth\AssetManagementTest" classname="Tests.Tenant.Auth.AssetManagementTest" assertions="1" time="1.971606"/>
        <testcase name="can regenerate a QR Code if user is not maintenance manager from the asset with data set &quot;('Provider', 403)&quot;" file="tests\Tenant\Auth\AssetManagementTest.php::can regenerate a QR Code if user is not maintenance manager from the asset with data set &quot;('Provider', 403)&quot;" class="Tests\Tenant\Auth\AssetManagementTest" classname="Tests.Tenant.Auth.AssetManagementTest" assertions="1" time="1.174803"/>
      </testsuite>
    </testsuite>
    <testsuite name="Tests\Tenant\Auth\BuildingManagementTest" file="tests\Tenant\Auth\BuildingManagementTest.php" tests="36" assertions="36" errors="0" failures="0" skipped="0" time="47.855091">
      <testsuite name="test access roles to building index page" tests="3" assertions="3" errors="0" failures="0" skipped="0" time="3.483836">
        <testcase name="test access roles to building index page with data set &quot;('Admin', 200)&quot;" file="tests\Tenant\Auth\BuildingManagementTest.php::test access roles to building index page with data set &quot;('Admin', 200)&quot;" class="Tests\Tenant\Auth\BuildingManagementTest" classname="Tests.Tenant.Auth.BuildingManagementTest" assertions="1" time="1.218694"/>
        <testcase name="test access roles to building index page with data set &quot;('Maintenance Manager', 403)&quot;" file="tests\Tenant\Auth\BuildingManagementTest.php::test access roles to building index page with data set &quot;('Maintenance Manager', 403)&quot;" class="Tests\Tenant\Auth\BuildingManagementTest" classname="Tests.Tenant.Auth.BuildingManagementTest" assertions="1" time="1.122478"/>
        <testcase name="test access roles to building index page with data set &quot;('Provider', 403)&quot;" file="tests\Tenant\Auth\BuildingManagementTest.php::test access roles to building index page with data set &quot;('Provider', 403)&quot;" class="Tests\Tenant\Auth\BuildingManagementTest" classname="Tests.Tenant.Auth.BuildingManagementTest" assertions="1" time="1.142664"/>
      </testsuite>
      <testsuite name="test access roles to create building page" tests="3" assertions="3" errors="0" failures="0" skipped="0" time="5.071268">
        <testcase name="test access roles to create building page with data set &quot;('Admin', 200)&quot;" file="tests\Tenant\Auth\BuildingManagementTest.php::test access roles to create building page with data set &quot;('Admin', 200)&quot;" class="Tests\Tenant\Auth\BuildingManagementTest" classname="Tests.Tenant.Auth.BuildingManagementTest" assertions="1" time="1.709911"/>
        <testcase name="test access roles to create building page with data set &quot;('Maintenance Manager', 403)&quot;" file="tests\Tenant\Auth\BuildingManagementTest.php::test access roles to create building page with data set &quot;('Maintenance Manager', 403)&quot;" class="Tests\Tenant\Auth\BuildingManagementTest" classname="Tests.Tenant.Auth.BuildingManagementTest" assertions="1" time="1.867688"/>
        <testcase name="test access roles to create building page with data set &quot;('Provider', 403)&quot;" file="tests\Tenant\Auth\BuildingManagementTest.php::test access roles to create building page with data set &quot;('Provider', 403)&quot;" class="Tests\Tenant\Auth\BuildingManagementTest" classname="Tests.Tenant.Auth.BuildingManagementTest" assertions="1" time="1.493669"/>
      </testsuite>
      <testsuite name="test access roles to view any building page" tests="3" assertions="3" errors="0" failures="0" skipped="0" time="3.275913">
        <testcase name="test access roles to view any building page with data set &quot;('Admin', 200)&quot;" file="tests\Tenant\Auth\BuildingManagementTest.php::test access roles to view any building page with data set &quot;('Admin', 200)&quot;" class="Tests\Tenant\Auth\BuildingManagementTest" classname="Tests.Tenant.Auth.BuildingManagementTest" assertions="1" time="1.205263"/>
        <testcase name="test access roles to view any building page with data set &quot;('Maintenance Manager', 403)&quot;" file="tests\Tenant\Auth\BuildingManagementTest.php::test access roles to view any building page with data set &quot;('Maintenance Manager', 403)&quot;" class="Tests\Tenant\Auth\BuildingManagementTest" classname="Tests.Tenant.Auth.BuildingManagementTest" assertions="1" time="1.061932"/>
        <testcase name="test access roles to view any building page with data set &quot;('Provider', 403)&quot;" file="tests\Tenant\Auth\BuildingManagementTest.php::test access roles to view any building page with data set &quot;('Provider', 403)&quot;" class="Tests\Tenant\Auth\BuildingManagementTest" classname="Tests.Tenant.Auth.BuildingManagementTest" assertions="1" time="1.008718"/>
      </testsuite>
      <testsuite name="test access roles to view building with maintenance manager page" tests="3" assertions="3" errors="0" failures="0" skipped="0" time="3.767734">
        <testcase name="test access roles to view building with maintenance manager page with data set &quot;('Admin', 200)&quot;" file="tests\Tenant\Auth\BuildingManagementTest.php::test access roles to view building with maintenance manager page with data set &quot;('Admin', 200)&quot;" class="Tests\Tenant\Auth\BuildingManagementTest" classname="Tests.Tenant.Auth.BuildingManagementTest" assertions="1" time="1.076610"/>
        <testcase name="test access roles to view building with maintenance manager page with data set &quot;('Maintenance Manager', 200)&quot;" file="tests\Tenant\Auth\BuildingManagementTest.php::test access roles to view building with maintenance manager page with data set &quot;('Maintenance Manager', 200)&quot;" class="Tests\Tenant\Auth\BuildingManagementTest" classname="Tests.Tenant.Auth.BuildingManagementTest" assertions="1" time="1.158461"/>
        <testcase name="test access roles to view building with maintenance manager page with data set &quot;('Provider', 403)&quot;" file="tests\Tenant\Auth\BuildingManagementTest.php::test access roles to view building with maintenance manager page with data set &quot;('Provider', 403)&quot;" class="Tests\Tenant\Auth\BuildingManagementTest" classname="Tests.Tenant.Auth.BuildingManagementTest" assertions="1" time="1.532663"/>
      </testsuite>
      <testsuite name="test access roles to store a building" tests="3" assertions="3" errors="0" failures="0" skipped="0" time="4.456323">
        <testcase name="test access roles to store a building with data set &quot;('Admin', 200)&quot;" file="tests\Tenant\Auth\BuildingManagementTest.php::test access roles to store a building with data set &quot;('Admin', 200)&quot;" class="Tests\Tenant\Auth\BuildingManagementTest" classname="Tests.Tenant.Auth.BuildingManagementTest" assertions="1" time="1.573166"/>
        <testcase name="test access roles to store a building with data set &quot;('Maintenance Manager', 403)&quot;" file="tests\Tenant\Auth\BuildingManagementTest.php::test access roles to store a building with data set &quot;('Maintenance Manager', 403)&quot;" class="Tests\Tenant\Auth\BuildingManagementTest" classname="Tests.Tenant.Auth.BuildingManagementTest" assertions="1" time="1.348927"/>
        <testcase name="test access roles to store a building with data set &quot;('Provider', 403)&quot;" file="tests\Tenant\Auth\BuildingManagementTest.php::test access roles to store a building with data set &quot;('Provider', 403)&quot;" class="Tests\Tenant\Auth\BuildingManagementTest" classname="Tests.Tenant.Auth.BuildingManagementTest" assertions="1" time="1.534231"/>
      </testsuite>
      <testsuite name="test access roles to update any asset page" tests="3" assertions="3" errors="0" failures="0" skipped="0" time="4.810858">
        <testcase name="test access roles to update any asset page with data set &quot;('Admin', 200)&quot;" file="tests\Tenant\Auth\BuildingManagementTest.php::test access roles to update any asset page with data set &quot;('Admin', 200)&quot;" class="Tests\Tenant\Auth\BuildingManagementTest" classname="Tests.Tenant.Auth.BuildingManagementTest" assertions="1" time="1.634337"/>
        <testcase name="test access roles to update any asset page with data set &quot;('Maintenance Manager', 403)&quot;" file="tests\Tenant\Auth\BuildingManagementTest.php::test access roles to update any asset page with data set &quot;('Maintenance Manager', 403)&quot;" class="Tests\Tenant\Auth\BuildingManagementTest" classname="Tests.Tenant.Auth.BuildingManagementTest" assertions="1" time="1.602690"/>
        <testcase name="test access roles to update any asset page with data set &quot;('Provider', 403)&quot;" file="tests\Tenant\Auth\BuildingManagementTest.php::test access roles to update any asset page with data set &quot;('Provider', 403)&quot;" class="Tests\Tenant\Auth\BuildingManagementTest" classname="Tests.Tenant.Auth.BuildingManagementTest" assertions="1" time="1.573832"/>
      </testsuite>
      <testsuite name="test access roles to update building with maintenance manager page" tests="3" assertions="3" errors="0" failures="0" skipped="0" time="3.392517">
        <testcase name="test access roles to update building with maintenance manager page with data set &quot;('Admin', 200)&quot;" file="tests\Tenant\Auth\BuildingManagementTest.php::test access roles to update building with maintenance manager page with data set &quot;('Admin', 200)&quot;" class="Tests\Tenant\Auth\BuildingManagementTest" classname="Tests.Tenant.Auth.BuildingManagementTest" assertions="1" time="1.228479"/>
        <testcase name="test access roles to update building with maintenance manager page with data set &quot;('Maintenance Manager', 200)&quot;" file="tests\Tenant\Auth\BuildingManagementTest.php::test access roles to update building with maintenance manager page with data set &quot;('Maintenance Manager', 200)&quot;" class="Tests\Tenant\Auth\BuildingManagementTest" classname="Tests.Tenant.Auth.BuildingManagementTest" assertions="1" time="1.113760"/>
        <testcase name="test access roles to update building with maintenance manager page with data set &quot;('Provider', 403)&quot;" file="tests\Tenant\Auth\BuildingManagementTest.php::test access roles to update building with maintenance manager page with data set &quot;('Provider', 403)&quot;" class="Tests\Tenant\Auth\BuildingManagementTest" classname="Tests.Tenant.Auth.BuildingManagementTest" assertions="1" time="1.050278"/>
      </testsuite>
      <testsuite name="test access roles to update building with maintenance manager" tests="3" assertions="3" errors="0" failures="0" skipped="0" time="3.508837">
        <testcase name="test access roles to update building with maintenance manager with data set &quot;('Admin', 200)&quot;" file="tests\Tenant\Auth\BuildingManagementTest.php::test access roles to update building with maintenance manager with data set &quot;('Admin', 200)&quot;" class="Tests\Tenant\Auth\BuildingManagementTest" classname="Tests.Tenant.Auth.BuildingManagementTest" assertions="1" time="1.094047"/>
        <testcase name="test access roles to update building with maintenance manager with data set &quot;('Maintenance Manager', 200)&quot;" file="tests\Tenant\Auth\BuildingManagementTest.php::test access roles to update building with maintenance manager with data set &quot;('Maintenance Manager', 200)&quot;" class="Tests\Tenant\Auth\BuildingManagementTest" classname="Tests.Tenant.Auth.BuildingManagementTest" assertions="1" time="1.208379"/>
        <testcase name="test access roles to update building with maintenance manager with data set &quot;('Provider', 403)&quot;" file="tests\Tenant\Auth\BuildingManagementTest.php::test access roles to update building with maintenance manager with data set &quot;('Provider', 403)&quot;" class="Tests\Tenant\Auth\BuildingManagementTest" classname="Tests.Tenant.Auth.BuildingManagementTest" assertions="1" time="1.206411"/>
      </testsuite>
      <testsuite name="test access roles to delete any building" tests="3" assertions="3" errors="0" failures="0" skipped="0" time="3.326596">
        <testcase name="test access roles to delete any building with data set &quot;('Admin', 200)&quot;" file="tests\Tenant\Auth\BuildingManagementTest.php::test access roles to delete any building with data set &quot;('Admin', 200)&quot;" class="Tests\Tenant\Auth\BuildingManagementTest" classname="Tests.Tenant.Auth.BuildingManagementTest" assertions="1" time="1.004179"/>
        <testcase name="test access roles to delete any building with data set &quot;('Maintenance Manager', 403)&quot;" file="tests\Tenant\Auth\BuildingManagementTest.php::test access roles to delete any building with data set &quot;('Maintenance Manager', 403)&quot;" class="Tests\Tenant\Auth\BuildingManagementTest" classname="Tests.Tenant.Auth.BuildingManagementTest" assertions="1" time="1.137276"/>
        <testcase name="test access roles to delete any building with data set &quot;('Provider', 403)&quot;" file="tests\Tenant\Auth\BuildingManagementTest.php::test access roles to delete any building with data set &quot;('Provider', 403)&quot;" class="Tests\Tenant\Auth\BuildingManagementTest" classname="Tests.Tenant.Auth.BuildingManagementTest" assertions="1" time="1.185141"/>
      </testsuite>
      <testsuite name="test access roles to delete building with maintenance manager" tests="3" assertions="3" errors="0" failures="0" skipped="0" time="3.178028">
        <testcase name="test access roles to delete building with maintenance manager with data set &quot;('Admin', 200)&quot;" file="tests\Tenant\Auth\BuildingManagementTest.php::test access roles to delete building with maintenance manager with data set &quot;('Admin', 200)&quot;" class="Tests\Tenant\Auth\BuildingManagementTest" classname="Tests.Tenant.Auth.BuildingManagementTest" assertions="1" time="1.042686"/>
        <testcase name="test access roles to delete building with maintenance manager with data set &quot;('Maintenance Manager', 403)&quot;" file="tests\Tenant\Auth\BuildingManagementTest.php::test access roles to delete building with maintenance manager with data set &quot;('Maintenance Manager', 403)&quot;" class="Tests\Tenant\Auth\BuildingManagementTest" classname="Tests.Tenant.Auth.BuildingManagementTest" assertions="1" time="1.072511"/>
        <testcase name="test access roles to delete building with maintenance manager with data set &quot;('Provider', 403)&quot;" file="tests\Tenant\Auth\BuildingManagementTest.php::test access roles to delete building with maintenance manager with data set &quot;('Provider', 403)&quot;" class="Tests\Tenant\Auth\BuildingManagementTest" classname="Tests.Tenant.Auth.BuildingManagementTest" assertions="1" time="1.062832"/>
      </testsuite>
      <testsuite name="cannot regenerate a QR Code if user is not maintenance manager from the building" tests="3" assertions="3" errors="0" failures="0" skipped="0" time="3.808352">
        <testcase name="cannot regenerate a QR Code if user is not maintenance manager from the building with data set &quot;('Admin', 200)&quot;" file="tests\Tenant\Auth\BuildingManagementTest.php::cannot regenerate a QR Code if user is not maintenance manager from the building with data set &quot;('Admin', 200)&quot;" class="Tests\Tenant\Auth\BuildingManagementTest" classname="Tests.Tenant.Auth.BuildingManagementTest" assertions="1" time="1.932614"/>
        <testcase name="cannot regenerate a QR Code if user is not maintenance manager from the building with data set &quot;('Maintenance Manager', 403)&quot;" file="tests\Tenant\Auth\BuildingManagementTest.php::cannot regenerate a QR Code if user is not maintenance manager from the building with data set &quot;('Maintenance Manager', 403)&quot;" class="Tests\Tenant\Auth\BuildingManagementTest" classname="Tests.Tenant.Auth.BuildingManagementTest" assertions="1" time="0.932664"/>
        <testcase name="cannot regenerate a QR Code if user is not maintenance manager from the building with data set &quot;('Provider', 403)&quot;" file="tests\Tenant\Auth\BuildingManagementTest.php::cannot regenerate a QR Code if user is not maintenance manager from the building with data set &quot;('Provider', 403)&quot;" class="Tests\Tenant\Auth\BuildingManagementTest" classname="Tests.Tenant.Auth.BuildingManagementTest" assertions="1" time="0.943074"/>
      </testsuite>
      <testsuite name="can regenerate a QR Code if user is not maintenance manager from the building" tests="3" assertions="3" errors="0" failures="0" skipped="0" time="5.774828">
        <testcase name="can regenerate a QR Code if user is not maintenance manager from the building with data set &quot;('Admin', 200)&quot;" file="tests\Tenant\Auth\BuildingManagementTest.php::can regenerate a QR Code if user is not maintenance manager from the building with data set &quot;('Admin', 200)&quot;" class="Tests\Tenant\Auth\BuildingManagementTest" classname="Tests.Tenant.Auth.BuildingManagementTest" assertions="1" time="1.947228"/>
        <testcase name="can regenerate a QR Code if user is not maintenance manager from the building with data set &quot;('Maintenance Manager', 200)&quot;" file="tests\Tenant\Auth\BuildingManagementTest.php::can regenerate a QR Code if user is not maintenance manager from the building with data set &quot;('Maintenance Manager', 200)&quot;" class="Tests\Tenant\Auth\BuildingManagementTest" classname="Tests.Tenant.Auth.BuildingManagementTest" assertions="1" time="2.797764"/>
        <testcase name="can regenerate a QR Code if user is not maintenance manager from the building with data set &quot;('Provider', 403)&quot;" file="tests\Tenant\Auth\BuildingManagementTest.php::can regenerate a QR Code if user is not maintenance manager from the building with data set &quot;('Provider', 403)&quot;" class="Tests\Tenant\Auth\BuildingManagementTest" classname="Tests.Tenant.Auth.BuildingManagementTest" assertions="1" time="1.029836"/>
      </testsuite>
    </testsuite>
    <testsuite name="Tests\Tenant\Auth\ContractManagementTest" file="tests\Tenant\Auth\ContractManagementTest.php" tests="30" assertions="30" errors="0" failures="0" skipped="0" time="43.680914">
      <testsuite name="test access roles to contracts index page" tests="3" assertions="3" errors="0" failures="0" skipped="0" time="4.124220">
        <testcase name="test access roles to contracts index page with data set &quot;('Admin', 200)&quot;" file="tests\Tenant\Auth\ContractManagementTest.php::test access roles to contracts index page with data set &quot;('Admin', 200)&quot;" class="Tests\Tenant\Auth\ContractManagementTest" classname="Tests.Tenant.Auth.ContractManagementTest" assertions="1" time="1.618987"/>
        <testcase name="test access roles to contracts index page with data set &quot;('Maintenance Manager', 200)&quot;" file="tests\Tenant\Auth\ContractManagementTest.php::test access roles to contracts index page with data set &quot;('Maintenance Manager', 200)&quot;" class="Tests\Tenant\Auth\ContractManagementTest" classname="Tests.Tenant.Auth.ContractManagementTest" assertions="1" time="1.246114"/>
        <testcase name="test access roles to contracts index page with data set &quot;('Provider', 403)&quot;" file="tests\Tenant\Auth\ContractManagementTest.php::test access roles to contracts index page with data set &quot;('Provider', 403)&quot;" class="Tests\Tenant\Auth\ContractManagementTest" classname="Tests.Tenant.Auth.ContractManagementTest" assertions="1" time="1.259119"/>
      </testsuite>
      <testsuite name="test access roles to create contract page" tests="3" assertions="3" errors="0" failures="0" skipped="0" time="3.799816">
        <testcase name="test access roles to create contract page with data set &quot;('Admin', 200)&quot;" file="tests\Tenant\Auth\ContractManagementTest.php::test access roles to create contract page with data set &quot;('Admin', 200)&quot;" class="Tests\Tenant\Auth\ContractManagementTest" classname="Tests.Tenant.Auth.ContractManagementTest" assertions="1" time="1.234139"/>
        <testcase name="test access roles to create contract page with data set &quot;('Maintenance Manager', 200)&quot;" file="tests\Tenant\Auth\ContractManagementTest.php::test access roles to create contract page with data set &quot;('Maintenance Manager', 200)&quot;" class="Tests\Tenant\Auth\ContractManagementTest" classname="Tests.Tenant.Auth.ContractManagementTest" assertions="1" time="1.217769"/>
        <testcase name="test access roles to create contract page with data set &quot;('Provider', 403)&quot;" file="tests\Tenant\Auth\ContractManagementTest.php::test access roles to create contract page with data set &quot;('Provider', 403)&quot;" class="Tests\Tenant\Auth\ContractManagementTest" classname="Tests.Tenant.Auth.ContractManagementTest" assertions="1" time="1.347908"/>
      </testsuite>
      <testsuite name="test access roles to view any contract page" tests="3" assertions="3" errors="0" failures="0" skipped="0" time="4.720227">
        <testcase name="test access roles to view any contract page with data set &quot;('Admin', 200)&quot;" file="tests\Tenant\Auth\ContractManagementTest.php::test access roles to view any contract page with data set &quot;('Admin', 200)&quot;" class="Tests\Tenant\Auth\ContractManagementTest" classname="Tests.Tenant.Auth.ContractManagementTest" assertions="1" time="1.696247"/>
        <testcase name="test access roles to view any contract page with data set &quot;('Maintenance Manager', 200)&quot;" file="tests\Tenant\Auth\ContractManagementTest.php::test access roles to view any contract page with data set &quot;('Maintenance Manager', 200)&quot;" class="Tests\Tenant\Auth\ContractManagementTest" classname="Tests.Tenant.Auth.ContractManagementTest" assertions="1" time="1.547394"/>
        <testcase name="test access roles to view any contract page with data set &quot;('Provider', 403)&quot;" file="tests\Tenant\Auth\ContractManagementTest.php::test access roles to view any contract page with data set &quot;('Provider', 403)&quot;" class="Tests\Tenant\Auth\ContractManagementTest" classname="Tests.Tenant.Auth.ContractManagementTest" assertions="1" time="1.476585"/>
      </testsuite>
      <testsuite name="test access roles to store a contract" tests="3" assertions="3" errors="0" failures="0" skipped="0" time="4.766920">
        <testcase name="test access roles to store a contract with data set &quot;('Admin', 200)&quot;" file="tests\Tenant\Auth\ContractManagementTest.php::test access roles to store a contract with data set &quot;('Admin', 200)&quot;" class="Tests\Tenant\Auth\ContractManagementTest" classname="Tests.Tenant.Auth.ContractManagementTest" assertions="1" time="1.716119"/>
        <testcase name="test access roles to store a contract with data set &quot;('Maintenance Manager', 200)&quot;" file="tests\Tenant\Auth\ContractManagementTest.php::test access roles to store a contract with data set &quot;('Maintenance Manager', 200)&quot;" class="Tests\Tenant\Auth\ContractManagementTest" classname="Tests.Tenant.Auth.ContractManagementTest" assertions="1" time="1.881205"/>
        <testcase name="test access roles to store a contract with data set &quot;('Provider', 403)&quot;" file="tests\Tenant\Auth\ContractManagementTest.php::test access roles to store a contract with data set &quot;('Provider', 403)&quot;" class="Tests\Tenant\Auth\ContractManagementTest" classname="Tests.Tenant.Auth.ContractManagementTest" assertions="1" time="1.169595"/>
      </testsuite>
      <testsuite name="test access roles to update any contract page" tests="3" assertions="3" errors="0" failures="0" skipped="0" time="4.073250">
        <testcase name="test access roles to update any contract page with data set &quot;('Admin', 200)&quot;" file="tests\Tenant\Auth\ContractManagementTest.php::test access roles to update any contract page with data set &quot;('Admin', 200)&quot;" class="Tests\Tenant\Auth\ContractManagementTest" classname="Tests.Tenant.Auth.ContractManagementTest" assertions="1" time="1.286399"/>
        <testcase name="test access roles to update any contract page with data set &quot;('Maintenance Manager', 200)&quot;" file="tests\Tenant\Auth\ContractManagementTest.php::test access roles to update any contract page with data set &quot;('Maintenance Manager', 200)&quot;" class="Tests\Tenant\Auth\ContractManagementTest" classname="Tests.Tenant.Auth.ContractManagementTest" assertions="1" time="1.399753"/>
        <testcase name="test access roles to update any contract page with data set &quot;('Provider', 403)&quot;" file="tests\Tenant\Auth\ContractManagementTest.php::test access roles to update any contract page with data set &quot;('Provider', 403)&quot;" class="Tests\Tenant\Auth\ContractManagementTest" classname="Tests.Tenant.Auth.ContractManagementTest" assertions="1" time="1.387098"/>
      </testsuite>
      <testsuite name="test access roles to update a contract" tests="3" assertions="3" errors="0" failures="0" skipped="0" time="3.569306">
        <testcase name="test access roles to update a contract with data set &quot;('Admin', 200)&quot;" file="tests\Tenant\Auth\ContractManagementTest.php::test access roles to update a contract with data set &quot;('Admin', 200)&quot;" class="Tests\Tenant\Auth\ContractManagementTest" classname="Tests.Tenant.Auth.ContractManagementTest" assertions="1" time="1.214304"/>
        <testcase name="test access roles to update a contract with data set &quot;('Maintenance Manager', 200)&quot;" file="tests\Tenant\Auth\ContractManagementTest.php::test access roles to update a contract with data set &quot;('Maintenance Manager', 200)&quot;" class="Tests\Tenant\Auth\ContractManagementTest" classname="Tests.Tenant.Auth.ContractManagementTest" assertions="1" time="1.201275"/>
        <testcase name="test access roles to update a contract with data set &quot;('Provider', 403)&quot;" file="tests\Tenant\Auth\ContractManagementTest.php::test access roles to update a contract with data set &quot;('Provider', 403)&quot;" class="Tests\Tenant\Auth\ContractManagementTest" classname="Tests.Tenant.Auth.ContractManagementTest" assertions="1" time="1.153726"/>
      </testsuite>
      <testsuite name="test access roles to contract page" tests="3" assertions="3" errors="0" failures="0" skipped="0" time="4.955885">
        <testcase name="test access roles to contract page with data set &quot;('Admin', 200)&quot;" file="tests\Tenant\Auth\ContractManagementTest.php::test access roles to contract page with data set &quot;('Admin', 200)&quot;" class="Tests\Tenant\Auth\ContractManagementTest" classname="Tests.Tenant.Auth.ContractManagementTest" assertions="1" time="1.680473"/>
        <testcase name="test access roles to contract page with data set &quot;('Maintenance Manager', 200)&quot;" file="tests\Tenant\Auth\ContractManagementTest.php::test access roles to contract page with data set &quot;('Maintenance Manager', 200)&quot;" class="Tests\Tenant\Auth\ContractManagementTest" classname="Tests.Tenant.Auth.ContractManagementTest" assertions="1" time="1.532067"/>
        <testcase name="test access roles to contract page with data set &quot;('Provider', 403)&quot;" file="tests\Tenant\Auth\ContractManagementTest.php::test access roles to contract page with data set &quot;('Provider', 403)&quot;" class="Tests\Tenant\Auth\ContractManagementTest" classname="Tests.Tenant.Auth.ContractManagementTest" assertions="1" time="1.743345"/>
      </testsuite>
      <testsuite name="test access roles to delete any contract" tests="3" assertions="3" errors="0" failures="0" skipped="0" time="4.412798">
        <testcase name="test access roles to delete any contract with data set &quot;('Admin', 200)&quot;" file="tests\Tenant\Auth\ContractManagementTest.php::test access roles to delete any contract with data set &quot;('Admin', 200)&quot;" class="Tests\Tenant\Auth\ContractManagementTest" classname="Tests.Tenant.Auth.ContractManagementTest" assertions="1" time="1.617100"/>
        <testcase name="test access roles to delete any contract with data set &quot;('Maintenance Manager', 403)&quot;" file="tests\Tenant\Auth\ContractManagementTest.php::test access roles to delete any contract with data set &quot;('Maintenance Manager', 403)&quot;" class="Tests\Tenant\Auth\ContractManagementTest" classname="Tests.Tenant.Auth.ContractManagementTest" assertions="1" time="1.522502"/>
        <testcase name="test access roles to delete any contract with data set &quot;('Provider', 403)&quot;" file="tests\Tenant\Auth\ContractManagementTest.php::test access roles to delete any contract with data set &quot;('Provider', 403)&quot;" class="Tests\Tenant\Auth\ContractManagementTest" classname="Tests.Tenant.Auth.ContractManagementTest" assertions="1" time="1.273195"/>
      </testsuite>
      <testsuite name="test access roles to post a new document to a contract" tests="3" assertions="3" errors="0" failures="0" skipped="0" time="4.319705">
        <testcase name="test access roles to post a new document to a contract with data set &quot;('Admin', 200)&quot;" file="tests\Tenant\Auth\ContractManagementTest.php::test access roles to post a new document to a contract with data set &quot;('Admin', 200)&quot;" class="Tests\Tenant\Auth\ContractManagementTest" classname="Tests.Tenant.Auth.ContractManagementTest" assertions="1" time="1.237185"/>
        <testcase name="test access roles to post a new document to a contract with data set &quot;('Maintenance Manager', 200)&quot;" file="tests\Tenant\Auth\ContractManagementTest.php::test access roles to post a new document to a contract with data set &quot;('Maintenance Manager', 200)&quot;" class="Tests\Tenant\Auth\ContractManagementTest" classname="Tests.Tenant.Auth.ContractManagementTest" assertions="1" time="1.503169"/>
        <testcase name="test access roles to post a new document to a contract with data set &quot;('Provider', 403)&quot;" file="tests\Tenant\Auth\ContractManagementTest.php::test access roles to post a new document to a contract with data set &quot;('Provider', 403)&quot;" class="Tests\Tenant\Auth\ContractManagementTest" classname="Tests.Tenant.Auth.ContractManagementTest" assertions="1" time="1.579351"/>
      </testsuite>
      <testsuite name="test access roles to detach a document from a contract" tests="3" assertions="3" errors="0" failures="0" skipped="0" time="4.938788">
        <testcase name="test access roles to detach a document from a contract with data set &quot;('Admin', 200)&quot;" file="tests\Tenant\Auth\ContractManagementTest.php::test access roles to detach a document from a contract with data set &quot;('Admin', 200)&quot;" class="Tests\Tenant\Auth\ContractManagementTest" classname="Tests.Tenant.Auth.ContractManagementTest" assertions="1" time="1.930531"/>
        <testcase name="test access roles to detach a document from a contract with data set &quot;('Maintenance Manager', 200)&quot;" file="tests\Tenant\Auth\ContractManagementTest.php::test access roles to detach a document from a contract with data set &quot;('Maintenance Manager', 200)&quot;" class="Tests\Tenant\Auth\ContractManagementTest" classname="Tests.Tenant.Auth.ContractManagementTest" assertions="1" time="1.830381"/>
        <testcase name="test access roles to detach a document from a contract with data set &quot;('Provider', 403)&quot;" file="tests\Tenant\Auth\ContractManagementTest.php::test access roles to detach a document from a contract with data set &quot;('Provider', 403)&quot;" class="Tests\Tenant\Auth\ContractManagementTest" classname="Tests.Tenant.Auth.ContractManagementTest" assertions="1" time="1.177876"/>
      </testsuite>
    </testsuite>
    <testsuite name="Tests\Tenant\Auth\FloorManagementTest" file="tests\Tenant\Auth\FloorManagementTest.php" tests="36" assertions="36" errors="0" failures="0" skipped="0" time="48.417895">
      <testsuite name="test access roles to floor index page" tests="3" assertions="3" errors="0" failures="0" skipped="0" time="3.764458">
        <testcase name="test access roles to floor index page with data set &quot;('Admin', 200)&quot;" file="tests\Tenant\Auth\FloorManagementTest.php::test access roles to floor index page with data set &quot;('Admin', 200)&quot;" class="Tests\Tenant\Auth\FloorManagementTest" classname="Tests.Tenant.Auth.FloorManagementTest" assertions="1" time="1.467232"/>
        <testcase name="test access roles to floor index page with data set &quot;('Maintenance Manager', 403)&quot;" file="tests\Tenant\Auth\FloorManagementTest.php::test access roles to floor index page with data set &quot;('Maintenance Manager', 403)&quot;" class="Tests\Tenant\Auth\FloorManagementTest" classname="Tests.Tenant.Auth.FloorManagementTest" assertions="1" time="1.156442"/>
        <testcase name="test access roles to floor index page with data set &quot;('Provider', 403)&quot;" file="tests\Tenant\Auth\FloorManagementTest.php::test access roles to floor index page with data set &quot;('Provider', 403)&quot;" class="Tests\Tenant\Auth\FloorManagementTest" classname="Tests.Tenant.Auth.FloorManagementTest" assertions="1" time="1.140784"/>
      </testsuite>
      <testsuite name="test access roles to create floor page" tests="3" assertions="3" errors="0" failures="0" skipped="0" time="4.076929">
        <testcase name="test access roles to create floor page with data set &quot;('Admin', 200)&quot;" file="tests\Tenant\Auth\FloorManagementTest.php::test access roles to create floor page with data set &quot;('Admin', 200)&quot;" class="Tests\Tenant\Auth\FloorManagementTest" classname="Tests.Tenant.Auth.FloorManagementTest" assertions="1" time="1.289891"/>
        <testcase name="test access roles to create floor page with data set &quot;('Maintenance Manager', 403)&quot;" file="tests\Tenant\Auth\FloorManagementTest.php::test access roles to create floor page with data set &quot;('Maintenance Manager', 403)&quot;" class="Tests\Tenant\Auth\FloorManagementTest" classname="Tests.Tenant.Auth.FloorManagementTest" assertions="1" time="1.170745"/>
        <testcase name="test access roles to create floor page with data set &quot;('Provider', 403)&quot;" file="tests\Tenant\Auth\FloorManagementTest.php::test access roles to create floor page with data set &quot;('Provider', 403)&quot;" class="Tests\Tenant\Auth\FloorManagementTest" classname="Tests.Tenant.Auth.FloorManagementTest" assertions="1" time="1.616293"/>
      </testsuite>
      <testsuite name="test access roles to view any floor page" tests="3" assertions="3" errors="0" failures="0" skipped="0" time="4.382601">
        <testcase name="test access roles to view any floor page with data set &quot;('Admin', 200)&quot;" file="tests\Tenant\Auth\FloorManagementTest.php::test access roles to view any floor page with data set &quot;('Admin', 200)&quot;" class="Tests\Tenant\Auth\FloorManagementTest" classname="Tests.Tenant.Auth.FloorManagementTest" assertions="1" time="1.392136"/>
        <testcase name="test access roles to view any floor page with data set &quot;('Maintenance Manager', 403)&quot;" file="tests\Tenant\Auth\FloorManagementTest.php::test access roles to view any floor page with data set &quot;('Maintenance Manager', 403)&quot;" class="Tests\Tenant\Auth\FloorManagementTest" classname="Tests.Tenant.Auth.FloorManagementTest" assertions="1" time="1.728281"/>
        <testcase name="test access roles to view any floor page with data set &quot;('Provider', 403)&quot;" file="tests\Tenant\Auth\FloorManagementTest.php::test access roles to view any floor page with data set &quot;('Provider', 403)&quot;" class="Tests\Tenant\Auth\FloorManagementTest" classname="Tests.Tenant.Auth.FloorManagementTest" assertions="1" time="1.262185"/>
      </testsuite>
      <testsuite name="test access roles to view floor with maintenance manager page" tests="3" assertions="3" errors="0" failures="0" skipped="0" time="4.065660">
        <testcase name="test access roles to view floor with maintenance manager page with data set &quot;('Admin', 200)&quot;" file="tests\Tenant\Auth\FloorManagementTest.php::test access roles to view floor with maintenance manager page with data set &quot;('Admin', 200)&quot;" class="Tests\Tenant\Auth\FloorManagementTest" classname="Tests.Tenant.Auth.FloorManagementTest" assertions="1" time="1.488134"/>
        <testcase name="test access roles to view floor with maintenance manager page with data set &quot;('Maintenance Manager', 200)&quot;" file="tests\Tenant\Auth\FloorManagementTest.php::test access roles to view floor with maintenance manager page with data set &quot;('Maintenance Manager', 200)&quot;" class="Tests\Tenant\Auth\FloorManagementTest" classname="Tests.Tenant.Auth.FloorManagementTest" assertions="1" time="1.414936"/>
        <testcase name="test access roles to view floor with maintenance manager page with data set &quot;('Provider', 403)&quot;" file="tests\Tenant\Auth\FloorManagementTest.php::test access roles to view floor with maintenance manager page with data set &quot;('Provider', 403)&quot;" class="Tests\Tenant\Auth\FloorManagementTest" classname="Tests.Tenant.Auth.FloorManagementTest" assertions="1" time="1.162590"/>
      </testsuite>
      <testsuite name="test access roles to store a floor" tests="3" assertions="3" errors="0" failures="0" skipped="0" time="2.947525">
        <testcase name="test access roles to store a floor with data set &quot;('Admin', 200)&quot;" file="tests\Tenant\Auth\FloorManagementTest.php::test access roles to store a floor with data set &quot;('Admin', 200)&quot;" class="Tests\Tenant\Auth\FloorManagementTest" classname="Tests.Tenant.Auth.FloorManagementTest" assertions="1" time="0.999958"/>
        <testcase name="test access roles to store a floor with data set &quot;('Maintenance Manager', 403)&quot;" file="tests\Tenant\Auth\FloorManagementTest.php::test access roles to store a floor with data set &quot;('Maintenance Manager', 403)&quot;" class="Tests\Tenant\Auth\FloorManagementTest" classname="Tests.Tenant.Auth.FloorManagementTest" assertions="1" time="1.019914"/>
        <testcase name="test access roles to store a floor with data set &quot;('Provider', 403)&quot;" file="tests\Tenant\Auth\FloorManagementTest.php::test access roles to store a floor with data set &quot;('Provider', 403)&quot;" class="Tests\Tenant\Auth\FloorManagementTest" classname="Tests.Tenant.Auth.FloorManagementTest" assertions="1" time="0.927652"/>
      </testsuite>
      <testsuite name="test access roles to update any asset page" tests="3" assertions="3" errors="0" failures="0" skipped="0" time="3.128740">
        <testcase name="test access roles to update any asset page with data set &quot;('Admin', 200)&quot;" file="tests\Tenant\Auth\FloorManagementTest.php::test access roles to update any asset page with data set &quot;('Admin', 200)&quot;" class="Tests\Tenant\Auth\FloorManagementTest" classname="Tests.Tenant.Auth.FloorManagementTest" assertions="1" time="0.980963"/>
        <testcase name="test access roles to update any asset page with data set &quot;('Maintenance Manager', 403)&quot;" file="tests\Tenant\Auth\FloorManagementTest.php::test access roles to update any asset page with data set &quot;('Maintenance Manager', 403)&quot;" class="Tests\Tenant\Auth\FloorManagementTest" classname="Tests.Tenant.Auth.FloorManagementTest" assertions="1" time="1.040034"/>
        <testcase name="test access roles to update any asset page with data set &quot;('Provider', 403)&quot;" file="tests\Tenant\Auth\FloorManagementTest.php::test access roles to update any asset page with data set &quot;('Provider', 403)&quot;" class="Tests\Tenant\Auth\FloorManagementTest" classname="Tests.Tenant.Auth.FloorManagementTest" assertions="1" time="1.107743"/>
      </testsuite>
      <testsuite name="test access roles to update floor with maintenance manager page" tests="3" assertions="3" errors="0" failures="0" skipped="0" time="3.937582">
        <testcase name="test access roles to update floor with maintenance manager page with data set &quot;('Admin', 200)&quot;" file="tests\Tenant\Auth\FloorManagementTest.php::test access roles to update floor with maintenance manager page with data set &quot;('Admin', 200)&quot;" class="Tests\Tenant\Auth\FloorManagementTest" classname="Tests.Tenant.Auth.FloorManagementTest" assertions="1" time="1.501837"/>
        <testcase name="test access roles to update floor with maintenance manager page with data set &quot;('Maintenance Manager', 200)&quot;" file="tests\Tenant\Auth\FloorManagementTest.php::test access roles to update floor with maintenance manager page with data set &quot;('Maintenance Manager', 200)&quot;" class="Tests\Tenant\Auth\FloorManagementTest" classname="Tests.Tenant.Auth.FloorManagementTest" assertions="1" time="1.248531"/>
        <testcase name="test access roles to update floor with maintenance manager page with data set &quot;('Provider', 403)&quot;" file="tests\Tenant\Auth\FloorManagementTest.php::test access roles to update floor with maintenance manager page with data set &quot;('Provider', 403)&quot;" class="Tests\Tenant\Auth\FloorManagementTest" classname="Tests.Tenant.Auth.FloorManagementTest" assertions="1" time="1.187214"/>
      </testsuite>
      <testsuite name="test access roles to update floor with maintenance manager" tests="3" assertions="3" errors="0" failures="0" skipped="0" time="3.596520">
        <testcase name="test access roles to update floor with maintenance manager with data set &quot;('Admin', 200)&quot;" file="tests\Tenant\Auth\FloorManagementTest.php::test access roles to update floor with maintenance manager with data set &quot;('Admin', 200)&quot;" class="Tests\Tenant\Auth\FloorManagementTest" classname="Tests.Tenant.Auth.FloorManagementTest" assertions="1" time="1.227218"/>
        <testcase name="test access roles to update floor with maintenance manager with data set &quot;('Maintenance Manager', 200)&quot;" file="tests\Tenant\Auth\FloorManagementTest.php::test access roles to update floor with maintenance manager with data set &quot;('Maintenance Manager', 200)&quot;" class="Tests\Tenant\Auth\FloorManagementTest" classname="Tests.Tenant.Auth.FloorManagementTest" assertions="1" time="1.278035"/>
        <testcase name="test access roles to update floor with maintenance manager with data set &quot;('Provider', 403)&quot;" file="tests\Tenant\Auth\FloorManagementTest.php::test access roles to update floor with maintenance manager with data set &quot;('Provider', 403)&quot;" class="Tests\Tenant\Auth\FloorManagementTest" classname="Tests.Tenant.Auth.FloorManagementTest" assertions="1" time="1.091266"/>
      </testsuite>
      <testsuite name="test access roles to delete any floor" tests="3" assertions="3" errors="0" failures="0" skipped="0" time="3.606757">
        <testcase name="test access roles to delete any floor with data set &quot;('Admin', 200)&quot;" file="tests\Tenant\Auth\FloorManagementTest.php::test access roles to delete any floor with data set &quot;('Admin', 200)&quot;" class="Tests\Tenant\Auth\FloorManagementTest" classname="Tests.Tenant.Auth.FloorManagementTest" assertions="1" time="1.195830"/>
        <testcase name="test access roles to delete any floor with data set &quot;('Maintenance Manager', 403)&quot;" file="tests\Tenant\Auth\FloorManagementTest.php::test access roles to delete any floor with data set &quot;('Maintenance Manager', 403)&quot;" class="Tests\Tenant\Auth\FloorManagementTest" classname="Tests.Tenant.Auth.FloorManagementTest" assertions="1" time="1.213279"/>
        <testcase name="test access roles to delete any floor with data set &quot;('Provider', 403)&quot;" file="tests\Tenant\Auth\FloorManagementTest.php::test access roles to delete any floor with data set &quot;('Provider', 403)&quot;" class="Tests\Tenant\Auth\FloorManagementTest" classname="Tests.Tenant.Auth.FloorManagementTest" assertions="1" time="1.197648"/>
      </testsuite>
      <testsuite name="test access roles to delete floor with maintenance manager" tests="3" assertions="3" errors="0" failures="0" skipped="0" time="3.793676">
        <testcase name="test access roles to delete floor with maintenance manager with data set &quot;('Admin', 200)&quot;" file="tests\Tenant\Auth\FloorManagementTest.php::test access roles to delete floor with maintenance manager with data set &quot;('Admin', 200)&quot;" class="Tests\Tenant\Auth\FloorManagementTest" classname="Tests.Tenant.Auth.FloorManagementTest" assertions="1" time="1.311712"/>
        <testcase name="test access roles to delete floor with maintenance manager with data set &quot;('Maintenance Manager', 403)&quot;" file="tests\Tenant\Auth\FloorManagementTest.php::test access roles to delete floor with maintenance manager with data set &quot;('Maintenance Manager', 403)&quot;" class="Tests\Tenant\Auth\FloorManagementTest" classname="Tests.Tenant.Auth.FloorManagementTest" assertions="1" time="1.239423"/>
        <testcase name="test access roles to delete floor with maintenance manager with data set &quot;('Provider', 403)&quot;" file="tests\Tenant\Auth\FloorManagementTest.php::test access roles to delete floor with maintenance manager with data set &quot;('Provider', 403)&quot;" class="Tests\Tenant\Auth\FloorManagementTest" classname="Tests.Tenant.Auth.FloorManagementTest" assertions="1" time="1.242541"/>
      </testsuite>
      <testsuite name="cannot regenerate a QR Code if user is not maintenance manager from the floor" tests="3" assertions="3" errors="0" failures="0" skipped="0" time="4.720846">
        <testcase name="cannot regenerate a QR Code if user is not maintenance manager from the floor with data set &quot;('Admin', 200)&quot;" file="tests\Tenant\Auth\FloorManagementTest.php::cannot regenerate a QR Code if user is not maintenance manager from the floor with data set &quot;('Admin', 200)&quot;" class="Tests\Tenant\Auth\FloorManagementTest" classname="Tests.Tenant.Auth.FloorManagementTest" assertions="1" time="2.629444"/>
        <testcase name="cannot regenerate a QR Code if user is not maintenance manager from the floor with data set &quot;('Maintenance Manager', 403)&quot;" file="tests\Tenant\Auth\FloorManagementTest.php::cannot regenerate a QR Code if user is not maintenance manager from the floor with data set &quot;('Maintenance Manager', 403)&quot;" class="Tests\Tenant\Auth\FloorManagementTest" classname="Tests.Tenant.Auth.FloorManagementTest" assertions="1" time="1.138601"/>
        <testcase name="cannot regenerate a QR Code if user is not maintenance manager from the floor with data set &quot;('Provider', 403)&quot;" file="tests\Tenant\Auth\FloorManagementTest.php::cannot regenerate a QR Code if user is not maintenance manager from the floor with data set &quot;('Provider', 403)&quot;" class="Tests\Tenant\Auth\FloorManagementTest" classname="Tests.Tenant.Auth.FloorManagementTest" assertions="1" time="0.952801"/>
      </testsuite>
      <testsuite name="can regenerate a QR Code if user is not maintenance manager from the floor" tests="3" assertions="3" errors="0" failures="0" skipped="0" time="6.396602">
        <testcase name="can regenerate a QR Code if user is not maintenance manager from the floor with data set &quot;('Admin', 200)&quot;" file="tests\Tenant\Auth\FloorManagementTest.php::can regenerate a QR Code if user is not maintenance manager from the floor with data set &quot;('Admin', 200)&quot;" class="Tests\Tenant\Auth\FloorManagementTest" classname="Tests.Tenant.Auth.FloorManagementTest" assertions="1" time="2.750102"/>
        <testcase name="can regenerate a QR Code if user is not maintenance manager from the floor with data set &quot;('Maintenance Manager', 200)&quot;" file="tests\Tenant\Auth\FloorManagementTest.php::can regenerate a QR Code if user is not maintenance manager from the floor with data set &quot;('Maintenance Manager', 200)&quot;" class="Tests\Tenant\Auth\FloorManagementTest" classname="Tests.Tenant.Auth.FloorManagementTest" assertions="1" time="2.618948"/>
        <testcase name="can regenerate a QR Code if user is not maintenance manager from the floor with data set &quot;('Provider', 403)&quot;" file="tests\Tenant\Auth\FloorManagementTest.php::can regenerate a QR Code if user is not maintenance manager from the floor with data set &quot;('Provider', 403)&quot;" class="Tests\Tenant\Auth\FloorManagementTest" classname="Tests.Tenant.Auth.FloorManagementTest" assertions="1" time="1.027552"/>
      </testsuite>
    </testsuite>
    <testsuite name="Tests\Tenant\Auth\ProviderManagementTest" file="tests\Tenant\Auth\ProviderManagementTest.php" tests="30" assertions="30" errors="0" failures="0" skipped="0" time="43.062965">
      <testsuite name="test access roles to providers index page" tests="3" assertions="3" errors="0" failures="0" skipped="0" time="4.242058">
        <testcase name="test access roles to providers index page with data set &quot;('Admin', 200)&quot;" file="tests\Tenant\Auth\ProviderManagementTest.php::test access roles to providers index page with data set &quot;('Admin', 200)&quot;" class="Tests\Tenant\Auth\ProviderManagementTest" classname="Tests.Tenant.Auth.ProviderManagementTest" assertions="1" time="1.579818"/>
        <testcase name="test access roles to providers index page with data set &quot;('Maintenance Manager', 200)&quot;" file="tests\Tenant\Auth\ProviderManagementTest.php::test access roles to providers index page with data set &quot;('Maintenance Manager', 200)&quot;" class="Tests\Tenant\Auth\ProviderManagementTest" classname="Tests.Tenant.Auth.ProviderManagementTest" assertions="1" time="1.361871"/>
        <testcase name="test access roles to providers index page with data set &quot;('Provider', 403)&quot;" file="tests\Tenant\Auth\ProviderManagementTest.php::test access roles to providers index page with data set &quot;('Provider', 403)&quot;" class="Tests\Tenant\Auth\ProviderManagementTest" classname="Tests.Tenant.Auth.ProviderManagementTest" assertions="1" time="1.300369"/>
      </testsuite>
      <testsuite name="test access roles to create provider page" tests="3" assertions="3" errors="0" failures="0" skipped="0" time="4.302286">
        <testcase name="test access roles to create provider page with data set &quot;('Admin', 200)&quot;" file="tests\Tenant\Auth\ProviderManagementTest.php::test access roles to create provider page with data set &quot;('Admin', 200)&quot;" class="Tests\Tenant\Auth\ProviderManagementTest" classname="Tests.Tenant.Auth.ProviderManagementTest" assertions="1" time="1.453540"/>
        <testcase name="test access roles to create provider page with data set &quot;('Maintenance Manager', 200)&quot;" file="tests\Tenant\Auth\ProviderManagementTest.php::test access roles to create provider page with data set &quot;('Maintenance Manager', 200)&quot;" class="Tests\Tenant\Auth\ProviderManagementTest" classname="Tests.Tenant.Auth.ProviderManagementTest" assertions="1" time="1.174156"/>
        <testcase name="test access roles to create provider page with data set &quot;('Provider', 403)&quot;" file="tests\Tenant\Auth\ProviderManagementTest.php::test access roles to create provider page with data set &quot;('Provider', 403)&quot;" class="Tests\Tenant\Auth\ProviderManagementTest" classname="Tests.Tenant.Auth.ProviderManagementTest" assertions="1" time="1.674590"/>
      </testsuite>
      <testsuite name="test access roles to view any provider page" tests="3" assertions="3" errors="0" failures="0" skipped="0" time="5.261232">
        <testcase name="test access roles to view any provider page with data set &quot;('Admin', 200)&quot;" file="tests\Tenant\Auth\ProviderManagementTest.php::test access roles to view any provider page with data set &quot;('Admin', 200)&quot;" class="Tests\Tenant\Auth\ProviderManagementTest" classname="Tests.Tenant.Auth.ProviderManagementTest" assertions="1" time="1.616719"/>
[...]
      <testcase name="it can render the index providers page" file="tests\Tenant\Providers\ProviderTest.php::it can render the index providers page" class="Tests\Tenant\Providers\ProviderTest" classname="Tests.Tenant.Providers.ProviderTest" assertions="12" time="1.105737"/>
      <testcase name="it can render the show provider page" file="tests\Tenant\Providers\ProviderTest.php::it can render the show provider page" class="Tests\Tenant\Providers\ProviderTest" classname="Tests.Tenant.Providers.ProviderTest" assertions="13" time="0.907547"/>
      <testcase name="it can render the create provider page" file="tests\Tenant\Providers\ProviderTest.php::it can render the create provider page" class="Tests\Tenant\Providers\ProviderTest" classname="Tests.Tenant.Providers.ProviderTest" assertions="10" time="1.277594"/>
      <testcase name="it can render the edit provider page" file="tests\Tenant\Providers\ProviderTest.php::it can render the edit provider page" class="Tests\Tenant\Providers\ProviderTest" classname="Tests.Tenant.Providers.ProviderTest" assertions="13" time="0.905457"/>
      <testcase name="it can post a new provider with logo" file="tests\Tenant\Providers\ProviderTest.php::it can post a new provider with logo" class="Tests\Tenant\Providers\ProviderTest" classname="Tests.Tenant.Providers.ProviderTest" assertions="6" time="1.071422"/>
      <testcase name="it can update an existing provider" file="tests\Tenant\Providers\ProviderTest.php::it can update an existing provider" class="Tests\Tenant\Providers\ProviderTest" classname="Tests.Tenant.Providers.ProviderTest" assertions="4" time="1.173049"/>
      <testcase name="it can delete an existing provider" file="tests\Tenant\Providers\ProviderTest.php::it can delete an existing provider" class="Tests\Tenant\Providers\ProviderTest" classname="Tests.Tenant.Providers.ProviderTest" assertions="3" time="1.200109"/>
    </testsuite>
    <testsuite name="Tests\Tenant\QRCode\AssetQRTest" file="tests\Tenant\QRCode\AssetQRTest.php" tests="2" assertions="4" errors="0" failures="0" skipped="0" time="6.525583">
      <testcase name="it creates a QR Code when need_qr_code is true" file="tests\Tenant\QRCode\AssetQRTest.php::it creates a QR Code when need_qr_code is true" class="Tests\Tenant\QRCode\AssetQRTest" classname="Tests.Tenant.QRCode.AssetQRTest" assertions="2" time="3.690457"/>
      <testcase name="it can regenerate a QR Code" file="tests\Tenant\QRCode\AssetQRTest.php::it can regenerate a QR Code" class="Tests\Tenant\QRCode\AssetQRTest" classname="Tests.Tenant.QRCode.AssetQRTest" assertions="2" time="2.835126"/>
    </testsuite>
    <testsuite name="Tests\Tenant\QRCode\BuildingQRTest" file="tests\Tenant\QRCode\BuildingQRTest.php" tests="2" assertions="4" errors="0" failures="0" skipped="0" time="4.966569">
      <testcase name="it creates a QR Code when need_qr_code is true at building's creation" file="tests\Tenant\QRCode\BuildingQRTest.php::it creates a QR Code when need_qr_code is true at building's creation" class="Tests\Tenant\QRCode\BuildingQRTest" classname="Tests.Tenant.QRCode.BuildingQRTest" assertions="2" time="2.496660"/>
      <testcase name="it can regenerate a QR Code for a building" file="tests\Tenant\QRCode\BuildingQRTest.php::it can regenerate a QR Code for a building" class="Tests\Tenant\QRCode\BuildingQRTest" classname="Tests.Tenant.QRCode.BuildingQRTest" assertions="2" time="2.469909"/>
    </testsuite>
    <testsuite name="Tests\Tenant\QRCode\FloorQRTest" file="tests\Tenant\QRCode\FloorQRTest.php" tests="2" assertions="4" errors="0" failures="0" skipped="0" time="5.559288">
      <testcase name="it creates a QR Code when need_qr_code is true at floor's creation" file="tests\Tenant\QRCode\FloorQRTest.php::it creates a QR Code when need_qr_code is true at floor's creation" class="Tests\Tenant\QRCode\FloorQRTest" classname="Tests.Tenant.QRCode.FloorQRTest" assertions="2" time="3.112409"/>
      <testcase name="it can regenerate a QR Code for a floor" file="tests\Tenant\QRCode\FloorQRTest.php::it can regenerate a QR Code for a floor" class="Tests\Tenant\QRCode\FloorQRTest" classname="Tests.Tenant.QRCode.FloorQRTest" assertions="2" time="2.446879"/>
    </testsuite>
    <testsuite name="Tests\Tenant\QRCode\RoomQRTest" file="tests\Tenant\QRCode\RoomQRTest.php" tests="2" assertions="4" errors="0" failures="0" skipped="0" time="4.366354">
      <testcase name="it creates a QR Code when need_qr_code is true at room's creation" file="tests\Tenant\QRCode\RoomQRTest.php::it creates a QR Code when need_qr_code is true at room's creation" class="Tests\Tenant\QRCode\RoomQRTest" classname="Tests.Tenant.QRCode.RoomQRTest" assertions="2" time="2.502648"/>
      <testcase name="it can regenerate a QR Code for a room" file="tests\Tenant\QRCode\RoomQRTest.php::it can regenerate a QR Code for a room" class="Tests\Tenant\QRCode\RoomQRTest" classname="Tests.Tenant.QRCode.RoomQRTest" assertions="2" time="1.863706"/>
    </testsuite>
    <testsuite name="Tests\Tenant\QRCode\SiteQRTest" file="tests\Tenant\QRCode\SiteQRTest.php" tests="2" assertions="4" errors="0" failures="0" skipped="0" time="3.996939">
      <testcase name="it creates a QR Code when need_qr_code is true at site's creation" file="tests\Tenant\QRCode\SiteQRTest.php::it creates a QR Code when need_qr_code is true at site's creation" class="Tests\Tenant\QRCode\SiteQRTest" classname="Tests.Tenant.QRCode.SiteQRTest" assertions="2" time="2.188041"/>
      <testcase name="it can regenerate a QR Code for a site" file="tests\Tenant\QRCode\SiteQRTest.php::it can regenerate a QR Code for a site" class="Tests\Tenant\QRCode\SiteQRTest" classname="Tests.Tenant.QRCode.SiteQRTest" assertions="2" time="1.808898"/>
    </testsuite>
    <testsuite name="Tests\Tenant\Tickets\APITicketTest" file="tests\Tenant\Tickets\APITicketTest.php" tests="5" assertions="15" errors="0" failures="0" skipped="0" time="6.607457">
      <testcase name="it can retrieve all tickets " file="tests\Tenant\Tickets\APITicketTest.php::it can retrieve all tickets " class="Tests\Tenant\Tickets\APITicketTest" classname="Tests.Tenant.Tickets.APITicketTest" assertions="3" time="1.516115"/>
      <testcase name="it can retrieve all tickets from a site" file="tests\Tenant\Tickets\APITicketTest.php::it can retrieve all tickets from a site" class="Tests\Tenant\Tickets\APITicketTest" classname="Tests.Tenant.Tickets.APITicketTest" assertions="3" time="1.321747"/>
      <testcase name="it can retrieve all tickets from a building" file="tests\Tenant\Tickets\APITicketTest.php::it can retrieve all tickets from a building" class="Tests\Tenant\Tickets\APITicketTest" classname="Tests.Tenant.Tickets.APITicketTest" assertions="3" time="1.310185"/>
      <testcase name="it can retrieve all tickets from a floor" file="tests\Tenant\Tickets\APITicketTest.php::it can retrieve all tickets from a floor" class="Tests\Tenant\Tickets\APITicketTest" classname="Tests.Tenant.Tickets.APITicketTest" assertions="3" time="1.270834"/>
      <testcase name="it can retrieve all tickets from a room" file="tests\Tenant\Tickets\APITicketTest.php::it can retrieve all tickets from a room" class="Tests\Tenant\Tickets\APITicketTest" classname="Tests.Tenant.Tickets.APITicketTest" assertions="3" time="1.188576"/>
    </testsuite>
    <testsuite name="Tests\Tenant\Tickets\TicketAsAnonymousTest" file="tests\Tenant\Tickets\TicketAsAnonymousTest.php" tests="10" assertions="100" errors="0" failures="0" skipped="0" time="13.618775">
      <testsuite name="it can render a new ticket page for a guest" tests="5" assertions="75" errors="0" failures="0" skipped="0" time="7.293405">
        <testcase name="it can render a new ticket page for a guest with data set &quot;('asset', 'assets')&quot;" file="tests\Tenant\Tickets\TicketAsAnonymousTest.php::it can render a new ticket page for a guest with data set &quot;('asset', 'assets')&quot;" class="Tests\Tenant\Tickets\TicketAsAnonymousTest" classname="Tests.Tenant.Tickets.TicketAsAnonymousTest" assertions="15" time="1.604404"/>
        <testcase name="it can render a new ticket page for a guest with data set &quot;('site', 'sites')&quot;" file="tests\Tenant\Tickets\TicketAsAnonymousTest.php::it can render a new ticket page for a guest with data set &quot;('site', 'sites')&quot;" class="Tests\Tenant\Tickets\TicketAsAnonymousTest" classname="Tests.Tenant.Tickets.TicketAsAnonymousTest" assertions="15" time="1.486707"/>
        <testcase name="it can render a new ticket page for a guest with data set &quot;('building', 'buildings')&quot;" file="tests\Tenant\Tickets\TicketAsAnonymousTest.php::it can render a new ticket page for a guest with data set &quot;('building', 'buildings')&quot;" class="Tests\Tenant\Tickets\TicketAsAnonymousTest" classname="Tests.Tenant.Tickets.TicketAsAnonymousTest" assertions="15" time="1.179300"/>
        <testcase name="it can render a new ticket page for a guest with data set &quot;('floor', 'floors')&quot;" file="tests\Tenant\Tickets\TicketAsAnonymousTest.php::it can render a new ticket page for a guest with data set &quot;('floor', 'floors')&quot;" class="Tests\Tenant\Tickets\TicketAsAnonymousTest" classname="Tests.Tenant.Tickets.TicketAsAnonymousTest" assertions="15" time="1.536875"/>
        <testcase name="it can render a new ticket page for a guest with data set &quot;('room', 'rooms')&quot;" file="tests\Tenant\Tickets\TicketAsAnonymousTest.php::it can render a new ticket page for a guest with data set &quot;('room', 'rooms')&quot;" class="Tests\Tenant\Tickets\TicketAsAnonymousTest" classname="Tests.Tenant.Tickets.TicketAsAnonymousTest" assertions="15" time="1.486120"/>
      </testsuite>
      <testsuite name="it can create a new ticket with pictures has &quot;anonymous&quot; user" tests="5" assertions="25" errors="0" failures="0" skipped="0" time="6.325370">
        <testcase name="it can create a new ticket with pictures has &quot;anonymous&quot; user with data set &quot;('asset', 'assets')&quot;" file="tests\Tenant\Tickets\TicketAsAnonymousTest.php::it can create a new ticket with pictures has &quot;anonymous&quot; user with data set &quot;('asset', 'assets')&quot;" class="Tests\Tenant\Tickets\TicketAsAnonymousTest" classname="Tests.Tenant.Tickets.TicketAsAnonymousTest" assertions="5" time="1.072583"/>
        <testcase name="it can create a new ticket with pictures has &quot;anonymous&quot; user with data set &quot;('site', 'sites')&quot;" file="tests\Tenant\Tickets\TicketAsAnonymousTest.php::it can create a new ticket with pictures has &quot;anonymous&quot; user with data set &quot;('site', 'sites')&quot;" class="Tests\Tenant\Tickets\TicketAsAnonymousTest" classname="Tests.Tenant.Tickets.TicketAsAnonymousTest" assertions="5" time="1.150866"/>
        <testcase name="it can create a new ticket with pictures has &quot;anonymous&quot; user with data set &quot;('building', 'buildings')&quot;" file="tests\Tenant\Tickets\TicketAsAnonymousTest.php::it can create a new ticket with pictures has &quot;anonymous&quot; user with data set &quot;('building', 'buildings')&quot;" class="Tests\Tenant\Tickets\TicketAsAnonymousTest" classname="Tests.Tenant.Tickets.TicketAsAnonymousTest" assertions="5" time="1.410802"/>
        <testcase name="it can create a new ticket with pictures has &quot;anonymous&quot; user with data set &quot;('floor', 'floors')&quot;" file="tests\Tenant\Tickets\TicketAsAnonymousTest.php::it can create a new ticket with pictures has &quot;anonymous&quot; user with data set &quot;('floor', 'floors')&quot;" class="Tests\Tenant\Tickets\TicketAsAnonymousTest" classname="Tests.Tenant.Tickets.TicketAsAnonymousTest" assertions="5" time="1.421874"/>
        <testcase name="it can create a new ticket with pictures has &quot;anonymous&quot; user with data set &quot;('room', 'rooms')&quot;" file="tests\Tenant\Tickets\TicketAsAnonymousTest.php::it can create a new ticket with pictures has &quot;anonymous&quot; user with data set &quot;('room', 'rooms')&quot;" class="Tests\Tenant\Tickets\TicketAsAnonymousTest" classname="Tests.Tenant.Tickets.TicketAsAnonymousTest" assertions="5" time="1.269246"/>
      </testsuite>
    </testsuite>
    <testsuite name="Tests\Tenant\Tickets\TicketMailTest" file="tests\Tenant\Tickets\TicketMailTest.php" tests="3" assertions="7" errors="0" failures="0" skipped="0" time="4.907142">
      <testcase name="it sends an email when a new ticket is created for location without maintenance manager" file="tests\Tenant\Tickets\TicketMailTest.php::it sends an email when a new ticket is created for location without maintenance manager" class="Tests\Tenant\Tickets\TicketMailTest" classname="Tests.Tenant.Tickets.TicketMailTest" assertions="2" time="1.889730"/>
      <testcase name="it sends an email when a new ticket is created for location with maintenance manager" file="tests\Tenant\Tickets\TicketMailTest.php::it sends an email when a new ticket is created for location with maintenance manager" class="Tests\Tenant\Tickets\TicketMailTest" classname="Tests.Tenant.Tickets.TicketMailTest" assertions="3" time="1.574631"/>
      <testcase name="it send an email to the notifier when a ticket is closed and the notifier wanted to be notified" file="tests\Tenant\Tickets\TicketMailTest.php::it send an email to the notifier when a ticket is closed and the notifier wanted to be notified" class="Tests\Tenant\Tickets\TicketMailTest" classname="Tests.Tenant.Tickets.TicketMailTest" assertions="2" time="1.442781"/>
    </testsuite>
    <testsuite name="Tests\Tenant\Tickets\TicketTest" file="tests\Tenant\Tickets\TicketTest.php" tests="9" assertions="55" errors="1" failures="0" skipped="0" time="10.458203">
      <testcase name="it can render the index tickets page" file="tests\Tenant\Tickets\TicketTest.php::it can render the index tickets page" class="Tests\Tenant\Tickets\TicketTest" classname="Tests.Tenant.Tickets.TicketTest" assertions="10" time="1.670820"/>
      <testcase name="it can render the show ticket page" file="tests\Tenant\Tickets\TicketTest.php::it can render the show ticket page" class="Tests\Tenant\Tickets\TicketTest" classname="Tests.Tenant.Tickets.TicketTest" assertions="14" time="1.314983"/>
      <testcase name="it can render interventions in the ticket page" file="tests\Tenant\Tickets\TicketTest.php::it can render interventions in the ticket page" class="Tests\Tenant\Tickets\TicketTest" classname="Tests.Tenant.Tickets.TicketTest" assertions="15" time="1.339461"/>
      <testcase name="it can create a new ticket to an ASSET with the logged user" file="tests\Tenant\Tickets\TicketTest.php::it can create a new ticket to an ASSET with the logged user" class="Tests\Tenant\Tickets\TicketTest" classname="Tests.Tenant.Tickets.TicketTest" assertions="3" time="1.322096"/>
      <testcase name="it can create a ticket with uploaded pictures" file="tests\Tenant\Tickets\TicketTest.php::it can create a ticket with uploaded pictures" class="Tests\Tenant\Tickets\TicketTest" classname="Tests.Tenant.Tickets.TicketTest" assertions="3" time="1.369373"/>
      <testcase name="it can create several tickets with correct incremental code" file="tests\Tenant\Tickets\TicketTest.php::it can create several tickets with correct incremental code" class="Tests\Tenant\Tickets\TicketTest" classname="Tests.Tenant.Tickets.TicketTest" assertions="4" time="1.235273"/>
      <testcase name="it can create a new ticket to a ROOM" file="tests\Tenant\Tickets\TicketTest.php::it can create a new ticket to a ROOM" class="Tests\Tenant\Tickets\TicketTest" classname="Tests.Tenant.Tickets.TicketTest" assertions="3" time="1.102974"/>
      <testcase name="it can create a new ticket to a FLOOR" file="tests\Tenant\Tickets\TicketTest.php::it can create a new ticket to a FLOOR" class="Tests\Tenant\Tickets\TicketTest" classname="Tests.Tenant.Tickets.TicketTest" assertions="3" time="1.103222"/>
      <testcase name="it can create a new ticket to a BUILDING" file="tests\Tenant\Tickets\TicketTest.php::it can create a new ticket to a BUILDING" class="Tests\Tenant\Tickets\TicketTest" classname="Tests.Tenant.Tickets.TicketTest" assertions="0" time="0.000000">
        <error type="Illuminate\Database\UniqueConstraintViolationException">it can create a new ticket to a BUILDINGIlluminate\Database\UniqueConstraintViolationException: SQLSTATE[23000]: Integrity constraint violation: 1062 Duplicate entry 'accusamus' for key 'category_types.category_types_slug_unique' (Connection: central, SQL: insert into `category_types` (`slug`, `category`, `updated_at`, `created_at`) values (accusamus, action, 2025-10-21 21:18:12, 2025-10-21 21:18:12))&#13;
at vendor\laravel\framework\src\Illuminate\Database\MySqlConnection.php:53
at vendor\laravel\framework\src\Illuminate\Database\Connection.php:811
at vendor\laravel\framework\src\Illuminate\Database\Connection.php:778
at vendor\laravel\framework\src\Illuminate\Database\MySqlConnection.php:42
at vendor\laravel\framework\src\Illuminate\Database\Query\Processors\MySqlProcessor.php:35
at vendor\laravel\framework\src\Illuminate\Database\Query\Builder.php:3853
at vendor\laravel\framework\src\Illuminate\Database\Eloquent\Builder.php:2235
at vendor\laravel\framework\src\Illuminate\Database\Eloquent\Model.php:1436
at vendor\laravel\framework\src\Illuminate\Database\Eloquent\Model.php:1401
at vendor\laravel\framework\src\Illuminate\Database\Eloquent\Model.php:1240
at vendor\laravel\framework\src\Illuminate\Database\Eloquent\Factories\Factory.php:370
at vendor\laravel\framework\src\Illuminate\Collections\Traits\EnumeratesValues.php:271
at vendor\laravel\framework\src\Illuminate\Database\Eloquent\Factories\Factory.php:365
at vendor\laravel\framework\src\Illuminate\Database\Eloquent\Factories\Factory.php:321
at vendor\laravel\framework\src\Illuminate\Database\Eloquent\Factories\Factory.php:315
at tests\Tenant\Tickets\TicketTest.php:33
Caused by
PDOException: SQLSTATE[23000]: Integrity constraint violation: 1062 Duplicate entry 'accusamus' for key 'category_types.category_types_slug_unique'

at vendor\laravel\framework\src\Illuminate\Database\MySqlConnection.php:53
at vendor\laravel\framework\src\Illuminate\Database\Connection.php:811
at vendor\laravel\framework\src\Illuminate\Database\Connection.php:778
at vendor\laravel\framework\src\Illuminate\Database\MySqlConnection.php:42
at vendor\laravel\framework\src\Illuminate\Database\Query\Processors\MySqlProcessor.php:35
at vendor\laravel\framework\src\Illuminate\Database\Query\Builder.php:3853
at vendor\laravel\framework\src\Illuminate\Database\Eloquent\Builder.php:2235
at vendor\laravel\framework\src\Illuminate\Database\Eloquent\Model.php:1436
at vendor\laravel\framework\src\Illuminate\Database\Eloquent\Model.php:1401
at vendor\laravel\framework\src\Illuminate\Database\Eloquent\Model.php:1240
at vendor\laravel\framework\src\Illuminate\Database\Eloquent\Factories\Factory.php:370
at vendor\laravel\framework\src\Illuminate\Collections\Traits\EnumeratesValues.php:271
at vendor\laravel\framework\src\Illuminate\Database\Eloquent\Factories\Factory.php:365
at vendor\laravel\framework\src\Illuminate\Database\Eloquent\Factories\Factory.php:321
at vendor\laravel\framework\src\Illuminate\Database\Eloquent\Factories\Factory.php:315
at tests\Tenant\Tickets\TicketTest.php:33</error>
      </testcase>
    </testsuite>
    <testsuite name="Tests\Tenant\Tickets\ValidationTicketTest" file="tests\Tenant\Tickets\ValidationTicketTest.php" tests="0" assertions="0" errors="0" failures="0" skipped="0" time="0.000000"/>
    <testsuite name="Tests\Tenant\Users\ProfileTest" file="tests\Tenant\Users\ProfileTest.php" tests="0" assertions="0" errors="0" failures="0" skipped="0" time="0.000000"/>
    <testsuite name="Tests\Tenant\Users\UserTest" file="tests\Tenant\Users\UserTest.php" tests="0" assertions="0" errors="0" failures="0" skipped="0" time="0.000000"/>
  </testsuite>
</testsuites>
