<?xml version="1.0" encoding="UTF-8"?>
<testsuites>
  <testsuite name="CLI Arguments" tests="769" assertions="2729" errors="0" failures="23" skipped="0" time="891.217805">
    <testsuite name="Tests\Tenant\Assets\AssetContractTest" file="tests\Tenant\Assets\AssetContractTest.php" tests="6" assertions="37" errors="0" failures="0" skipped="0" time="8.403508">
      <testcase name="it can store an asset with contracts" file="tests\Tenant\Assets\AssetContractTest.php::it can store an asset with contracts" class="Tests\Tenant\Assets\AssetContractTest" classname="Tests.Tenant.Assets.AssetContractTest" assertions="6" time="2.238840"/>
      <testcase name="it can store an asset with contracts and documents" file="tests\Tenant\Assets\AssetContractTest.php::it can store an asset with contracts and documents" class="Tests\Tenant\Assets\AssetContractTest" classname="Tests.Tenant.Assets.AssetContractTest" assertions="11" time="1.478260"/>
      <testcase name="it can add an existing contract when creating an asset" file="tests\Tenant\Assets\AssetContractTest.php::it can add an existing contract when creating an asset" class="Tests\Tenant\Assets\AssetContractTest" classname="Tests.Tenant.Assets.AssetContractTest" assertions="3" time="1.267216"/>
      <testcase name="it can add multiple existing contracts when creating an asset" file="tests\Tenant\Assets\AssetContractTest.php::it can add multiple existing contracts when creating an asset" class="Tests\Tenant\Assets\AssetContractTest" classname="Tests.Tenant.Assets.AssetContractTest" assertions="4" time="1.094502"/>
      <testcase name="it can add existing contracts to an existing asset" file="tests\Tenant\Assets\AssetContractTest.php::it can add existing contracts to an existing asset" class="Tests\Tenant\Assets\AssetContractTest" classname="Tests.Tenant.Assets.AssetContractTest" assertions="5" time="1.266126"/>
      <testcase name="it can remove a contract from an asset" file="tests\Tenant\Assets\AssetContractTest.php::it can remove a contract from an asset" class="Tests\Tenant\Assets\AssetContractTest" classname="Tests.Tenant.Assets.AssetContractTest" assertions="8" time="1.058563"/>
    </testsuite>
    <testsuite name="Tests\Tenant\Assets\AssetTest" file="tests\Tenant\Assets\AssetTest.php" tests="24" assertions="145" errors="0" failures="1" skipped="0" time="24.123017">
      <testcase name="it can render the index assets page" file="tests\Tenant\Assets\AssetTest.php::it can render the index assets page" class="Tests\Tenant\Assets\AssetTest" classname="Tests.Tenant.Assets.AssetTest" assertions="12" time="1.167825">
        <failure type="PHPUnit\Framework\ExpectationFailedException">it can render the index assets pageProperty [items] does not have the expected size.
Failed asserting that actual size 13 matches expected size 4.&#13;
at vendor\laravel\framework\src\Illuminate\Testing\Fluent\Concerns\Has.php:34
at vendor\laravel\framework\src\Illuminate\Testing\Fluent\Concerns\Has.php:116
at tests\Tenant\Assets\AssetTest.php:61
at vendor\inertiajs\inertia-laravel\src\Testing\TestResponseMacros.php:25
at vendor\laravel\framework\src\Illuminate\Macroable\Traits\Macroable.php:126
at vendor\laravel\framework\src\Illuminate\Testing\TestResponse.php:1974
at tests\Tenant\Assets\AssetTest.php:58</failure>
      </testcase>
      <testcase name="it can render the create asset page" file="tests\Tenant\Assets\AssetTest.php::it can render the create asset page" class="Tests\Tenant\Assets\AssetTest" classname="Tests.Tenant.Assets.AssetTest" assertions="13" time="0.924588"/>
      <testcase name="it can create a new asset to site" file="tests\Tenant\Assets\AssetTest.php::it can create a new asset to site" class="Tests\Tenant\Assets\AssetTest" classname="Tests.Tenant.Assets.AssetTest" assertions="5" time="1.022487"/>
      <testcase name="it can create a new mobile asset" file="tests\Tenant\Assets\AssetTest.php::it can create a new mobile asset" class="Tests\Tenant\Assets\AssetTest" classname="Tests.Tenant.Assets.AssetTest" assertions="5" time="0.981833"/>
      <testcase name="it can create a new asset to building" file="tests\Tenant\Assets\AssetTest.php::it can create a new asset to building" class="Tests\Tenant\Assets\AssetTest" classname="Tests.Tenant.Assets.AssetTest" assertions="5" time="0.973693"/>
      <testcase name="it can create an asset with uploaded pictures" file="tests\Tenant\Assets\AssetTest.php::it can create an asset with uploaded pictures" class="Tests\Tenant\Assets\AssetTest" classname="Tests.Tenant.Assets.AssetTest" assertions="6" time="1.010900"/>
      <testcase name="it can add pictures to an asset" file="tests\Tenant\Assets\AssetTest.php::it can add pictures to an asset" class="Tests\Tenant\Assets\AssetTest" classname="Tests.Tenant.Assets.AssetTest" assertions="5" time="1.008777"/>
      <testcase name="it cannot create a new asset with non existing building" file="tests\Tenant\Assets\AssetTest.php::it cannot create a new asset with non existing building" class="Tests\Tenant\Assets\AssetTest" classname="Tests.Tenant.Assets.AssetTest" assertions="2" time="0.979285"/>
      <testcase name="it cannot create a new asset with unrelated asset category type" file="tests\Tenant\Assets\AssetTest.php::it cannot create a new asset with unrelated asset category type" class="Tests\Tenant\Assets\AssetTest" classname="Tests.Tenant.Assets.AssetTest" assertions="2" time="1.077129"/>
      <testcase name="it cannot create a new asset with non existing location type" file="tests\Tenant\Assets\AssetTest.php::it cannot create a new asset with non existing location type" class="Tests\Tenant\Assets\AssetTest" classname="Tests.Tenant.Assets.AssetTest" assertions="2" time="0.927503"/>
      <testcase name="it can create a new asset to floor" file="tests\Tenant\Assets\AssetTest.php::it can create a new asset to floor" class="Tests\Tenant\Assets\AssetTest" classname="Tests.Tenant.Assets.AssetTest" assertions="5" time="0.955757"/>
      <testcase name="it can create a new asset to room" file="tests\Tenant\Assets\AssetTest.php::it can create a new asset to room" class="Tests\Tenant\Assets\AssetTest" classname="Tests.Tenant.Assets.AssetTest" assertions="5" time="0.991408"/>
      <testcase name="it can show the asset page" file="tests\Tenant\Assets\AssetTest.php::it can show the asset page" class="Tests\Tenant\Assets\AssetTest" classname="Tests.Tenant.Assets.AssetTest" assertions="22" time="0.958457"/>
      <testcase name="it can render the update asset page" file="tests\Tenant\Assets\AssetTest.php::it can render the update asset page" class="Tests\Tenant\Assets\AssetTest" classname="Tests.Tenant.Assets.AssetTest" assertions="14" time="0.920094"/>
      <testcase name="it can update asset and his maintainable" file="tests\Tenant\Assets\AssetTest.php::it can update asset and his maintainable" class="Tests\Tenant\Assets\AssetTest" classname="Tests.Tenant.Assets.AssetTest" assertions="5" time="0.996244"/>
      <testcase name="it can update asset's location" file="tests\Tenant\Assets\AssetTest.php::it can update asset's location" class="Tests\Tenant\Assets\AssetTest" classname="Tests.Tenant.Assets.AssetTest" assertions="5" time="0.938938"/>
      <testcase name="it can soft delete an asset but kept in DB with his maintainable" file="tests\Tenant\Assets\AssetTest.php::it can soft delete an asset but kept in DB with his maintainable" class="Tests\Tenant\Assets\AssetTest" classname="Tests.Tenant.Assets.AssetTest" assertions="5" time="1.005853"/>
      <testcase name="it can restore a soft deleted asset" file="tests\Tenant\Assets\AssetTest.php::it can restore a soft deleted asset" class="Tests\Tenant\Assets\AssetTest" classname="Tests.Tenant.Assets.AssetTest" assertions="8" time="0.977179"/>
      <testcase name="it can force delete a soft deleted asset" file="tests\Tenant\Assets\AssetTest.php::it can force delete a soft deleted asset" class="Tests\Tenant\Assets\AssetTest" classname="Tests.Tenant.Assets.AssetTest" assertions="8" time="0.962224"/>
      <testcase name="it fails when model has more than 100 chars" file="tests\Tenant\Assets\AssetTest.php::it fails when model has more than 100 chars" class="Tests\Tenant\Assets\AssetTest" classname="Tests.Tenant.Assets.AssetTest" assertions="2" time="0.926710"/>
      <testcase name="it fails when brand has more than 100 chars" file="tests\Tenant\Assets\AssetTest.php::it fails when brand has more than 100 chars" class="Tests\Tenant\Assets\AssetTest" classname="Tests.Tenant.Assets.AssetTest" assertions="2" time="0.978368"/>
      <testcase name="it fails when serial_number has more than 50 chars" file="tests\Tenant\Assets\AssetTest.php::it fails when serial_number has more than 50 chars" class="Tests\Tenant\Assets\AssetTest" classname="Tests.Tenant.Assets.AssetTest" assertions="2" time="1.057184"/>
      <testcase name="it can attach a provider to an asset's maintainable" file="tests\Tenant\Assets\AssetTest.php::it can attach a provider to an asset's maintainable" class="Tests\Tenant\Assets\AssetTest" classname="Tests.Tenant.Assets.AssetTest" assertions="2" time="1.169690"/>
      <testcase name="it can update providers to an asset's maintainable" file="tests\Tenant\Assets\AssetTest.php::it can update providers to an asset's maintainable" class="Tests\Tenant\Assets\AssetTest" classname="Tests.Tenant.Assets.AssetTest" assertions="3" time="1.210894"/>
    </testsuite>
    <testsuite name="Tests\Tenant\Auth\AssetManagementTest" file="tests\Tenant\Auth\AssetManagementTest.php" tests="42" assertions="42" errors="0" failures="0" skipped="0" time="49.798040">
      <testsuite name="test access roles to assets index page" tests="3" assertions="3" errors="0" failures="0" skipped="0" time="3.249717">
        <testcase name="test access roles to assets index page with data set &quot;('Admin', 200)&quot;" file="tests\Tenant\Auth\AssetManagementTest.php::test access roles to assets index page with data set &quot;('Admin', 200)&quot;" class="Tests\Tenant\Auth\AssetManagementTest" classname="Tests.Tenant.Auth.AssetManagementTest" assertions="1" time="1.260777"/>
        <testcase name="test access roles to assets index page with data set &quot;('Maintenance Manager', 403)&quot;" file="tests\Tenant\Auth\AssetManagementTest.php::test access roles to assets index page with data set &quot;('Maintenance Manager', 403)&quot;" class="Tests\Tenant\Auth\AssetManagementTest" classname="Tests.Tenant.Auth.AssetManagementTest" assertions="1" time="1.036840"/>
        <testcase name="test access roles to assets index page with data set &quot;('Provider', 403)&quot;" file="tests\Tenant\Auth\AssetManagementTest.php::test access roles to assets index page with data set &quot;('Provider', 403)&quot;" class="Tests\Tenant\Auth\AssetManagementTest" classname="Tests.Tenant.Auth.AssetManagementTest" assertions="1" time="0.952100"/>
      </testsuite>
      <testsuite name="test access roles to create asset page" tests="3" assertions="3" errors="0" failures="0" skipped="0" time="3.083311">
        <testcase name="test access roles to create asset page with data set &quot;('Admin', 200)&quot;" file="tests\Tenant\Auth\AssetManagementTest.php::test access roles to create asset page with data set &quot;('Admin', 200)&quot;" class="Tests\Tenant\Auth\AssetManagementTest" classname="Tests.Tenant.Auth.AssetManagementTest" assertions="1" time="1.023713"/>
        <testcase name="test access roles to create asset page with data set &quot;('Maintenance Manager', 403)&quot;" file="tests\Tenant\Auth\AssetManagementTest.php::test access roles to create asset page with data set &quot;('Maintenance Manager', 403)&quot;" class="Tests\Tenant\Auth\AssetManagementTest" classname="Tests.Tenant.Auth.AssetManagementTest" assertions="1" time="1.117303"/>
        <testcase name="test access roles to create asset page with data set &quot;('Provider', 403)&quot;" file="tests\Tenant\Auth\AssetManagementTest.php::test access roles to create asset page with data set &quot;('Provider', 403)&quot;" class="Tests\Tenant\Auth\AssetManagementTest" classname="Tests.Tenant.Auth.AssetManagementTest" assertions="1" time="0.942296"/>
      </testsuite>
      <testsuite name="test access roles to view any asset page" tests="3" assertions="3" errors="0" failures="0" skipped="0" time="2.748623">
        <testcase name="test access roles to view any asset page with data set &quot;('Admin', 200)&quot;" file="tests\Tenant\Auth\AssetManagementTest.php::test access roles to view any asset page with data set &quot;('Admin', 200)&quot;" class="Tests\Tenant\Auth\AssetManagementTest" classname="Tests.Tenant.Auth.AssetManagementTest" assertions="1" time="0.927469"/>
        <testcase name="test access roles to view any asset page with data set &quot;('Maintenance Manager', 403)&quot;" file="tests\Tenant\Auth\AssetManagementTest.php::test access roles to view any asset page with data set &quot;('Maintenance Manager', 403)&quot;" class="Tests\Tenant\Auth\AssetManagementTest" classname="Tests.Tenant.Auth.AssetManagementTest" assertions="1" time="0.852391"/>
        <testcase name="test access roles to view any asset page with data set &quot;('Provider', 403)&quot;" file="tests\Tenant\Auth\AssetManagementTest.php::test access roles to view any asset page with data set &quot;('Provider', 403)&quot;" class="Tests\Tenant\Auth\AssetManagementTest" classname="Tests.Tenant.Auth.AssetManagementTest" assertions="1" time="0.968762"/>
      </testsuite>
      <testsuite name="test access roles to view asset with maintenance manager page" tests="3" assertions="3" errors="0" failures="0" skipped="0" time="2.909904">
        <testcase name="test access roles to view asset with maintenance manager page with data set &quot;('Admin', 200)&quot;" file="tests\Tenant\Auth\AssetManagementTest.php::test access roles to view asset with maintenance manager page with data set &quot;('Admin', 200)&quot;" class="Tests\Tenant\Auth\AssetManagementTest" classname="Tests.Tenant.Auth.AssetManagementTest" assertions="1" time="1.028977"/>
        <testcase name="test access roles to view asset with maintenance manager page with data set &quot;('Maintenance Manager', 200)&quot;" file="tests\Tenant\Auth\AssetManagementTest.php::test access roles to view asset with maintenance manager page with data set &quot;('Maintenance Manager', 200)&quot;" class="Tests\Tenant\Auth\AssetManagementTest" classname="Tests.Tenant.Auth.AssetManagementTest" assertions="1" time="0.958120"/>
        <testcase name="test access roles to view asset with maintenance manager page with data set &quot;('Provider', 403)&quot;" file="tests\Tenant\Auth\AssetManagementTest.php::test access roles to view asset with maintenance manager page with data set &quot;('Provider', 403)&quot;" class="Tests\Tenant\Auth\AssetManagementTest" classname="Tests.Tenant.Auth.AssetManagementTest" assertions="1" time="0.922807"/>
      </testsuite>
      <testsuite name="test access roles to store an asset" tests="3" assertions="3" errors="0" failures="0" skipped="0" time="3.892225">
        <testcase name="test access roles to store an asset with data set &quot;('Admin', 200)&quot;" file="tests\Tenant\Auth\AssetManagementTest.php::test access roles to store an asset with data set &quot;('Admin', 200)&quot;" class="Tests\Tenant\Auth\AssetManagementTest" classname="Tests.Tenant.Auth.AssetManagementTest" assertions="1" time="1.253540"/>
        <testcase name="test access roles to store an asset with data set &quot;('Maintenance Manager', 403)&quot;" file="tests\Tenant\Auth\AssetManagementTest.php::test access roles to store an asset with data set &quot;('Maintenance Manager', 403)&quot;" class="Tests\Tenant\Auth\AssetManagementTest" classname="Tests.Tenant.Auth.AssetManagementTest" assertions="1" time="1.325184"/>
        <testcase name="test access roles to store an asset with data set &quot;('Provider', 403)&quot;" file="tests\Tenant\Auth\AssetManagementTest.php::test access roles to store an asset with data set &quot;('Provider', 403)&quot;" class="Tests\Tenant\Auth\AssetManagementTest" classname="Tests.Tenant.Auth.AssetManagementTest" assertions="1" time="1.313501"/>
      </testsuite>
      <testsuite name="test access roles to update any asset page" tests="3" assertions="3" errors="0" failures="0" skipped="0" time="4.129297">
        <testcase name="test access roles to update any asset page with data set &quot;('Admin', 200)&quot;" file="tests\Tenant\Auth\AssetManagementTest.php::test access roles to update any asset page with data set &quot;('Admin', 200)&quot;" class="Tests\Tenant\Auth\AssetManagementTest" classname="Tests.Tenant.Auth.AssetManagementTest" assertions="1" time="1.238414"/>
        <testcase name="test access roles to update any asset page with data set &quot;('Maintenance Manager', 403)&quot;" file="tests\Tenant\Auth\AssetManagementTest.php::test access roles to update any asset page with data set &quot;('Maintenance Manager', 403)&quot;" class="Tests\Tenant\Auth\AssetManagementTest" classname="Tests.Tenant.Auth.AssetManagementTest" assertions="1" time="1.563588"/>
        <testcase name="test access roles to update any asset page with data set &quot;('Provider', 403)&quot;" file="tests\Tenant\Auth\AssetManagementTest.php::test access roles to update any asset page with data set &quot;('Provider', 403)&quot;" class="Tests\Tenant\Auth\AssetManagementTest" classname="Tests.Tenant.Auth.AssetManagementTest" assertions="1" time="1.327295"/>
      </testsuite>
      <testsuite name="test access roles to update asset with maintenance manager page" tests="3" assertions="3" errors="0" failures="0" skipped="0" time="3.898126">
        <testcase name="test access roles to update asset with maintenance manager page with data set &quot;('Admin', 200)&quot;" file="tests\Tenant\Auth\AssetManagementTest.php::test access roles to update asset with maintenance manager page with data set &quot;('Admin', 200)&quot;" class="Tests\Tenant\Auth\AssetManagementTest" classname="Tests.Tenant.Auth.AssetManagementTest" assertions="1" time="1.258775"/>
        <testcase name="test access roles to update asset with maintenance manager page with data set &quot;('Maintenance Manager', 200)&quot;" file="tests\Tenant\Auth\AssetManagementTest.php::test access roles to update asset with maintenance manager page with data set &quot;('Maintenance Manager', 200)&quot;" class="Tests\Tenant\Auth\AssetManagementTest" classname="Tests.Tenant.Auth.AssetManagementTest" assertions="1" time="1.309559"/>
        <testcase name="test access roles to update asset with maintenance manager page with data set &quot;('Provider', 403)&quot;" file="tests\Tenant\Auth\AssetManagementTest.php::test access roles to update asset with maintenance manager page with data set &quot;('Provider', 403)&quot;" class="Tests\Tenant\Auth\AssetManagementTest" classname="Tests.Tenant.Auth.AssetManagementTest" assertions="1" time="1.329792"/>
      </testsuite>
      <testsuite name="test access roles to asset page" tests="3" assertions="3" errors="0" failures="0" skipped="0" time="3.822709">
        <testcase name="test access roles to asset page with data set &quot;('Admin', 200)&quot;" file="tests\Tenant\Auth\AssetManagementTest.php::test access roles to asset page with data set &quot;('Admin', 200)&quot;" class="Tests\Tenant\Auth\AssetManagementTest" classname="Tests.Tenant.Auth.AssetManagementTest" assertions="1" time="1.164146"/>
        <testcase name="test access roles to asset page with data set &quot;('Maintenance Manager', 403)&quot;" file="tests\Tenant\Auth\AssetManagementTest.php::test access roles to asset page with data set &quot;('Maintenance Manager', 403)&quot;" class="Tests\Tenant\Auth\AssetManagementTest" classname="Tests.Tenant.Auth.AssetManagementTest" assertions="1" time="1.306085"/>
        <testcase name="test access roles to asset page with data set &quot;('Provider', 403)&quot;" file="tests\Tenant\Auth\AssetManagementTest.php::test access roles to asset page with data set &quot;('Provider', 403)&quot;" class="Tests\Tenant\Auth\AssetManagementTest" classname="Tests.Tenant.Auth.AssetManagementTest" assertions="1" time="1.352478"/>
      </testsuite>
      <testsuite name="test access roles to delete any asset" tests="3" assertions="3" errors="0" failures="0" skipped="0" time="4.134094">
        <testcase name="test access roles to delete any asset with data set &quot;('Admin', 200)&quot;" file="tests\Tenant\Auth\AssetManagementTest.php::test access roles to delete any asset with data set &quot;('Admin', 200)&quot;" class="Tests\Tenant\Auth\AssetManagementTest" classname="Tests.Tenant.Auth.AssetManagementTest" assertions="1" time="1.332102"/>
        <testcase name="test access roles to delete any asset with data set &quot;('Maintenance Manager', 403)&quot;" file="tests\Tenant\Auth\AssetManagementTest.php::test access roles to delete any asset with data set &quot;('Maintenance Manager', 403)&quot;" class="Tests\Tenant\Auth\AssetManagementTest" classname="Tests.Tenant.Auth.AssetManagementTest" assertions="1" time="1.889346"/>
        <testcase name="test access roles to delete any asset with data set &quot;('Provider', 403)&quot;" file="tests\Tenant\Auth\AssetManagementTest.php::test access roles to delete any asset with data set &quot;('Provider', 403)&quot;" class="Tests\Tenant\Auth\AssetManagementTest" classname="Tests.Tenant.Auth.AssetManagementTest" assertions="1" time="0.912647"/>
      </testsuite>
      <testsuite name="test access roles to delete asset with maintenance manager" tests="3" assertions="3" errors="0" failures="0" skipped="0" time="3.413635">
        <testcase name="test access roles to delete asset with maintenance manager with data set &quot;('Admin', 200)&quot;" file="tests\Tenant\Auth\AssetManagementTest.php::test access roles to delete asset with maintenance manager with data set &quot;('Admin', 200)&quot;" class="Tests\Tenant\Auth\AssetManagementTest" classname="Tests.Tenant.Auth.AssetManagementTest" assertions="1" time="1.123819"/>
        <testcase name="test access roles to delete asset with maintenance manager with data set &quot;('Maintenance Manager', 200)&quot;" file="tests\Tenant\Auth\AssetManagementTest.php::test access roles to delete asset with maintenance manager with data set &quot;('Maintenance Manager', 200)&quot;" class="Tests\Tenant\Auth\AssetManagementTest" classname="Tests.Tenant.Auth.AssetManagementTest" assertions="1" time="1.175202"/>
        <testcase name="test access roles to delete asset with maintenance manager with data set &quot;('Provider', 403)&quot;" file="tests\Tenant\Auth\AssetManagementTest.php::test access roles to delete asset with maintenance manager with data set &quot;('Provider', 403)&quot;" class="Tests\Tenant\Auth\AssetManagementTest" classname="Tests.Tenant.Auth.AssetManagementTest" assertions="1" time="1.114614"/>
      </testsuite>
      <testsuite name="test access roles to restore any asset" tests="3" assertions="3" errors="0" failures="0" skipped="0" time="3.238475">
        <testcase name="test access roles to restore any asset with data set &quot;('Admin', 200)&quot;" file="tests\Tenant\Auth\AssetManagementTest.php::test access roles to restore any asset with data set &quot;('Admin', 200)&quot;" class="Tests\Tenant\Auth\AssetManagementTest" classname="Tests.Tenant.Auth.AssetManagementTest" assertions="1" time="1.106088"/>
        <testcase name="test access roles to restore any asset with data set &quot;('Maintenance Manager', 403)&quot;" file="tests\Tenant\Auth\AssetManagementTest.php::test access roles to restore any asset with data set &quot;('Maintenance Manager', 403)&quot;" class="Tests\Tenant\Auth\AssetManagementTest" classname="Tests.Tenant.Auth.AssetManagementTest" assertions="1" time="1.090429"/>
        <testcase name="test access roles to restore any asset with data set &quot;('Provider', 403)&quot;" file="tests\Tenant\Auth\AssetManagementTest.php::test access roles to restore any asset with data set &quot;('Provider', 403)&quot;" class="Tests\Tenant\Auth\AssetManagementTest" classname="Tests.Tenant.Auth.AssetManagementTest" assertions="1" time="1.041959"/>
      </testsuite>
      <testsuite name="test access roles to force delete any asset" tests="3" assertions="3" errors="0" failures="0" skipped="0" time="2.795989">
        <testcase name="test access roles to force delete any asset with data set &quot;('Admin', 200)&quot;" file="tests\Tenant\Auth\AssetManagementTest.php::test access roles to force delete any asset with data set &quot;('Admin', 200)&quot;" class="Tests\Tenant\Auth\AssetManagementTest" classname="Tests.Tenant.Auth.AssetManagementTest" assertions="1" time="0.889924"/>
        <testcase name="test access roles to force delete any asset with data set &quot;('Maintenance Manager', 403)&quot;" file="tests\Tenant\Auth\AssetManagementTest.php::test access roles to force delete any asset with data set &quot;('Maintenance Manager', 403)&quot;" class="Tests\Tenant\Auth\AssetManagementTest" classname="Tests.Tenant.Auth.AssetManagementTest" assertions="1" time="0.973904"/>
        <testcase name="test access roles to force delete any asset with data set &quot;('Provider', 403)&quot;" file="tests\Tenant\Auth\AssetManagementTest.php::test access roles to force delete any asset with data set &quot;('Provider', 403)&quot;" class="Tests\Tenant\Auth\AssetManagementTest" classname="Tests.Tenant.Auth.AssetManagementTest" assertions="1" time="0.932161"/>
      </testsuite>
      <testsuite name="cannot regenerate a QR Code if user is not maintenance manager from the asset" tests="3" assertions="3" errors="0" failures="0" skipped="0" time="4.232937">
        <testcase name="cannot regenerate a QR Code if user is not maintenance manager from the asset with data set &quot;('Admin', 200)&quot;" file="tests\Tenant\Auth\AssetManagementTest.php::cannot regenerate a QR Code if user is not maintenance manager from the asset with data set &quot;('Admin', 200)&quot;" class="Tests\Tenant\Auth\AssetManagementTest" classname="Tests.Tenant.Auth.AssetManagementTest" assertions="1" time="2.265341"/>
        <testcase name="cannot regenerate a QR Code if user is not maintenance manager from the asset with data set &quot;('Maintenance Manager', 403)&quot;" file="tests\Tenant\Auth\AssetManagementTest.php::cannot regenerate a QR Code if user is not maintenance manager from the asset with data set &quot;('Maintenance Manager', 403)&quot;" class="Tests\Tenant\Auth\AssetManagementTest" classname="Tests.Tenant.Auth.AssetManagementTest" assertions="1" time="1.012443"/>
        <testcase name="cannot regenerate a QR Code if user is not maintenance manager from the asset with data set &quot;('Provider', 403)&quot;" file="tests\Tenant\Auth\AssetManagementTest.php::cannot regenerate a QR Code if user is not maintenance manager from the asset with data set &quot;('Provider', 403)&quot;" class="Tests\Tenant\Auth\AssetManagementTest" classname="Tests.Tenant.Auth.AssetManagementTest" assertions="1" time="0.955153"/>
      </testsuite>
      <testsuite name="can regenerate a QR Code if user is not maintenance manager from the asset" tests="3" assertions="3" errors="0" failures="0" skipped="0" time="4.248995">
        <testcase name="can regenerate a QR Code if user is not maintenance manager from the asset with data set &quot;('Admin', 200)&quot;" file="tests\Tenant\Auth\AssetManagementTest.php::can regenerate a QR Code if user is not maintenance manager from the asset with data set &quot;('Admin', 200)&quot;" class="Tests\Tenant\Auth\AssetManagementTest" classname="Tests.Tenant.Auth.AssetManagementTest" assertions="1" time="1.620695"/>
        <testcase name="can regenerate a QR Code if user is not maintenance manager from the asset with data set &quot;('Maintenance Manager', 200)&quot;" file="tests\Tenant\Auth\AssetManagementTest.php::can regenerate a QR Code if user is not maintenance manager from the asset with data set &quot;('Maintenance Manager', 200)&quot;" class="Tests\Tenant\Auth\AssetManagementTest" classname="Tests.Tenant.Auth.AssetManagementTest" assertions="1" time="1.704596"/>
        <testcase name="can regenerate a QR Code if user is not maintenance manager from the asset with data set &quot;('Provider', 403)&quot;" file="tests\Tenant\Auth\AssetManagementTest.php::can regenerate a QR Code if user is not maintenance manager from the asset with data set &quot;('Provider', 403)&quot;" class="Tests\Tenant\Auth\AssetManagementTest" classname="Tests.Tenant.Auth.AssetManagementTest" assertions="1" time="0.923705"/>
      </testsuite>
    </testsuite>
    <testsuite name="Tests\Tenant\Auth\BuildingManagementTest" file="tests\Tenant\Auth\BuildingManagementTest.php" tests="36" assertions="36" errors="0" failures="0" skipped="0" time="39.971401">
      <testsuite name="test access roles to building index page" tests="3" assertions="3" errors="0" failures="0" skipped="0" time="2.819344">
        <testcase name="test access roles to building index page with data set &quot;('Admin', 200)&quot;" file="tests\Tenant\Auth\BuildingManagementTest.php::test access roles to building index page with data set &quot;('Admin', 200)&quot;" class="Tests\Tenant\Auth\BuildingManagementTest" classname="Tests.Tenant.Auth.BuildingManagementTest" assertions="1" time="0.977080"/>
        <testcase name="test access roles to building index page with data set &quot;('Maintenance Manager', 403)&quot;" file="tests\Tenant\Auth\BuildingManagementTest.php::test access roles to building index page with data set &quot;('Maintenance Manager', 403)&quot;" class="Tests\Tenant\Auth\BuildingManagementTest" classname="Tests.Tenant.Auth.BuildingManagementTest" assertions="1" time="0.928188"/>
        <testcase name="test access roles to building index page with data set &quot;('Provider', 403)&quot;" file="tests\Tenant\Auth\BuildingManagementTest.php::test access roles to building index page with data set &quot;('Provider', 403)&quot;" class="Tests\Tenant\Auth\BuildingManagementTest" classname="Tests.Tenant.Auth.BuildingManagementTest" assertions="1" time="0.914076"/>
      </testsuite>
      <testsuite name="test access roles to create building page" tests="3" assertions="3" errors="0" failures="0" skipped="0" time="2.707883">
        <testcase name="test access roles to create building page with data set &quot;('Admin', 200)&quot;" file="tests\Tenant\Auth\BuildingManagementTest.php::test access roles to create building page with data set &quot;('Admin', 200)&quot;" class="Tests\Tenant\Auth\BuildingManagementTest" classname="Tests.Tenant.Auth.BuildingManagementTest" assertions="1" time="0.980034"/>
        <testcase name="test access roles to create building page with data set &quot;('Maintenance Manager', 403)&quot;" file="tests\Tenant\Auth\BuildingManagementTest.php::test access roles to create building page with data set &quot;('Maintenance Manager', 403)&quot;" class="Tests\Tenant\Auth\BuildingManagementTest" classname="Tests.Tenant.Auth.BuildingManagementTest" assertions="1" time="0.875409"/>
        <testcase name="test access roles to create building page with data set &quot;('Provider', 403)&quot;" file="tests\Tenant\Auth\BuildingManagementTest.php::test access roles to create building page with data set &quot;('Provider', 403)&quot;" class="Tests\Tenant\Auth\BuildingManagementTest" classname="Tests.Tenant.Auth.BuildingManagementTest" assertions="1" time="0.852440"/>
      </testsuite>
      <testsuite name="test access roles to view any building page" tests="3" assertions="3" errors="0" failures="0" skipped="0" time="2.805531">
        <testcase name="test access roles to view any building page with data set &quot;('Admin', 200)&quot;" file="tests\Tenant\Auth\BuildingManagementTest.php::test access roles to view any building page with data set &quot;('Admin', 200)&quot;" class="Tests\Tenant\Auth\BuildingManagementTest" classname="Tests.Tenant.Auth.BuildingManagementTest" assertions="1" time="0.939860"/>
        <testcase name="test access roles to view any building page with data set &quot;('Maintenance Manager', 403)&quot;" file="tests\Tenant\Auth\BuildingManagementTest.php::test access roles to view any building page with data set &quot;('Maintenance Manager', 403)&quot;" class="Tests\Tenant\Auth\BuildingManagementTest" classname="Tests.Tenant.Auth.BuildingManagementTest" assertions="1" time="0.971570"/>
        <testcase name="test access roles to view any building page with data set &quot;('Provider', 403)&quot;" file="tests\Tenant\Auth\BuildingManagementTest.php::test access roles to view any building page with data set &quot;('Provider', 403)&quot;" class="Tests\Tenant\Auth\BuildingManagementTest" classname="Tests.Tenant.Auth.BuildingManagementTest" assertions="1" time="0.894101"/>
      </testsuite>
      <testsuite name="test access roles to view building with maintenance manager page" tests="3" assertions="3" errors="0" failures="0" skipped="0" time="2.843811">
        <testcase name="test access roles to view building with maintenance manager page with data set &quot;('Admin', 200)&quot;" file="tests\Tenant\Auth\BuildingManagementTest.php::test access roles to view building with maintenance manager page with data set &quot;('Admin', 200)&quot;" class="Tests\Tenant\Auth\BuildingManagementTest" classname="Tests.Tenant.Auth.BuildingManagementTest" assertions="1" time="0.977444"/>
        <testcase name="test access roles to view building with maintenance manager page with data set &quot;('Maintenance Manager', 200)&quot;" file="tests\Tenant\Auth\BuildingManagementTest.php::test access roles to view building with maintenance manager page with data set &quot;('Maintenance Manager', 200)&quot;" class="Tests\Tenant\Auth\BuildingManagementTest" classname="Tests.Tenant.Auth.BuildingManagementTest" assertions="1" time="0.965271"/>
        <testcase name="test access roles to view building with maintenance manager page with data set &quot;('Provider', 403)&quot;" file="tests\Tenant\Auth\BuildingManagementTest.php::test access roles to view building with maintenance manager page with data set &quot;('Provider', 403)&quot;" class="Tests\Tenant\Auth\BuildingManagementTest" classname="Tests.Tenant.Auth.BuildingManagementTest" assertions="1" time="0.901096"/>
      </testsuite>
      <testsuite name="test access roles to store a building" tests="3" assertions="3" errors="0" failures="0" skipped="0" time="3.033136">
        <testcase name="test access roles to store a building with data set &quot;('Admin', 200)&quot;" file="tests\Tenant\Auth\BuildingManagementTest.php::test access roles to store a building with data set &quot;('Admin', 200)&quot;" class="Tests\Tenant\Auth\BuildingManagementTest" classname="Tests.Tenant.Auth.BuildingManagementTest" assertions="1" time="0.911463"/>
        <testcase name="test access roles to store a building with data set &quot;('Maintenance Manager', 403)&quot;" file="tests\Tenant\Auth\BuildingManagementTest.php::test access roles to store a building with data set &quot;('Maintenance Manager', 403)&quot;" class="Tests\Tenant\Auth\BuildingManagementTest" classname="Tests.Tenant.Auth.BuildingManagementTest" assertions="1" time="0.985436"/>
        <testcase name="test access roles to store a building with data set &quot;('Provider', 403)&quot;" file="tests\Tenant\Auth\BuildingManagementTest.php::test access roles to store a building with data set &quot;('Provider', 403)&quot;" class="Tests\Tenant\Auth\BuildingManagementTest" classname="Tests.Tenant.Auth.BuildingManagementTest" assertions="1" time="1.136237"/>
      </testsuite>
      <testsuite name="test access roles to update any asset page" tests="3" assertions="3" errors="0" failures="0" skipped="0" time="3.849716">
        <testcase name="test access roles to update any asset page with data set &quot;('Admin', 200)&quot;" file="tests\Tenant\Auth\BuildingManagementTest.php::test access roles to update any asset page with data set &quot;('Admin', 200)&quot;" class="Tests\Tenant\Auth\BuildingManagementTest" classname="Tests.Tenant.Auth.BuildingManagementTest" assertions="1" time="1.311984"/>
        <testcase name="test access roles to update any asset page with data set &quot;('Maintenance Manager', 403)&quot;" file="tests\Tenant\Auth\BuildingManagementTest.php::test access roles to update any asset page with data set &quot;('Maintenance Manager', 403)&quot;" class="Tests\Tenant\Auth\BuildingManagementTest" classname="Tests.Tenant.Auth.BuildingManagementTest" assertions="1" time="1.189734"/>
        <testcase name="test access roles to update any asset page with data set &quot;('Provider', 403)&quot;" file="tests\Tenant\Auth\BuildingManagementTest.php::test access roles to update any asset page with data set &quot;('Provider', 403)&quot;" class="Tests\Tenant\Auth\BuildingManagementTest" classname="Tests.Tenant.Auth.BuildingManagementTest" assertions="1" time="1.347998"/>
      </testsuite>
      <testsuite name="test access roles to update building with maintenance manager page" tests="3" assertions="3" errors="0" failures="0" skipped="0" time="4.150994">
        <testcase name="test access roles to update building with maintenance manager page with data set &quot;('Admin', 200)&quot;" file="tests\Tenant\Auth\BuildingManagementTest.php::test access roles to update building with maintenance manager page with data set &quot;('Admin', 200)&quot;" class="Tests\Tenant\Auth\BuildingManagementTest" classname="Tests.Tenant.Auth.BuildingManagementTest" assertions="1" time="1.380557"/>
        <testcase name="test access roles to update building with maintenance manager page with data set &quot;('Maintenance Manager', 200)&quot;" file="tests\Tenant\Auth\BuildingManagementTest.php::test access roles to update building with maintenance manager page with data set &quot;('Maintenance Manager', 200)&quot;" class="Tests\Tenant\Auth\BuildingManagementTest" classname="Tests.Tenant.Auth.BuildingManagementTest" assertions="1" time="1.399538"/>
        <testcase name="test access roles to update building with maintenance manager page with data set &quot;('Provider', 403)&quot;" file="tests\Tenant\Auth\BuildingManagementTest.php::test access roles to update building with maintenance manager page with data set &quot;('Provider', 403)&quot;" class="Tests\Tenant\Auth\BuildingManagementTest" classname="Tests.Tenant.Auth.BuildingManagementTest" assertions="1" time="1.370899"/>
      </testsuite>
      <testsuite name="test access roles to update building with maintenance manager" tests="3" assertions="3" errors="0" failures="0" skipped="0" time="4.333405">
        <testcase name="test access roles to update building with maintenance manager with data set &quot;('Admin', 200)&quot;" file="tests\Tenant\Auth\BuildingManagementTest.php::test access roles to update building with maintenance manager with data set &quot;('Admin', 200)&quot;" class="Tests\Tenant\Auth\BuildingManagementTest" classname="Tests.Tenant.Auth.BuildingManagementTest" assertions="1" time="1.456500"/>
        <testcase name="test access roles to update building with maintenance manager with data set &quot;('Maintenance Manager', 200)&quot;" file="tests\Tenant\Auth\BuildingManagementTest.php::test access roles to update building with maintenance manager with data set &quot;('Maintenance Manager', 200)&quot;" class="Tests\Tenant\Auth\BuildingManagementTest" classname="Tests.Tenant.Auth.BuildingManagementTest" assertions="1" time="1.548168"/>
        <testcase name="test access roles to update building with maintenance manager with data set &quot;('Provider', 403)&quot;" file="tests\Tenant\Auth\BuildingManagementTest.php::test access roles to update building with maintenance manager with data set &quot;('Provider', 403)&quot;" class="Tests\Tenant\Auth\BuildingManagementTest" classname="Tests.Tenant.Auth.BuildingManagementTest" assertions="1" time="1.328737"/>
      </testsuite>
      <testsuite name="test access roles to delete any building" tests="3" assertions="3" errors="0" failures="0" skipped="0" time="2.972530">
        <testcase name="test access roles to delete any building with data set &quot;('Admin', 200)&quot;" file="tests\Tenant\Auth\BuildingManagementTest.php::test access roles to delete any building with data set &quot;('Admin', 200)&quot;" class="Tests\Tenant\Auth\BuildingManagementTest" classname="Tests.Tenant.Auth.BuildingManagementTest" assertions="1" time="1.324515"/>
        <testcase name="test access roles to delete any building with data set &quot;('Maintenance Manager', 403)&quot;" file="tests\Tenant\Auth\BuildingManagementTest.php::test access roles to delete any building with data set &quot;('Maintenance Manager', 403)&quot;" class="Tests\Tenant\Auth\BuildingManagementTest" classname="Tests.Tenant.Auth.BuildingManagementTest" assertions="1" time="0.807118"/>
        <testcase name="test access roles to delete any building with data set &quot;('Provider', 403)&quot;" file="tests\Tenant\Auth\BuildingManagementTest.php::test access roles to delete any building with data set &quot;('Provider', 403)&quot;" class="Tests\Tenant\Auth\BuildingManagementTest" classname="Tests.Tenant.Auth.BuildingManagementTest" assertions="1" time="0.840896"/>
      </testsuite>
      <testsuite name="test access roles to delete building with maintenance manager" tests="3" assertions="3" errors="0" failures="0" skipped="0" time="2.543897">
        <testcase name="test access roles to delete building with maintenance manager with data set &quot;('Admin', 200)&quot;" file="tests\Tenant\Auth\BuildingManagementTest.php::test access roles to delete building with maintenance manager with data set &quot;('Admin', 200)&quot;" class="Tests\Tenant\Auth\BuildingManagementTest" classname="Tests.Tenant.Auth.BuildingManagementTest" assertions="1" time="0.825105"/>
        <testcase name="test access roles to delete building with maintenance manager with data set &quot;('Maintenance Manager', 403)&quot;" file="tests\Tenant\Auth\BuildingManagementTest.php::test access roles to delete building with maintenance manager with data set &quot;('Maintenance Manager', 403)&quot;" class="Tests\Tenant\Auth\BuildingManagementTest" classname="Tests.Tenant.Auth.BuildingManagementTest" assertions="1" time="0.818125"/>
        <testcase name="test access roles to delete building with maintenance manager with data set &quot;('Provider', 403)&quot;" file="tests\Tenant\Auth\BuildingManagementTest.php::test access roles to delete building with maintenance manager with data set &quot;('Provider', 403)&quot;" class="Tests\Tenant\Auth\BuildingManagementTest" classname="Tests.Tenant.Auth.BuildingManagementTest" assertions="1" time="0.900667"/>
      </testsuite>
      <testsuite name="cannot regenerate a QR Code if user is not maintenance manager from the building" tests="3" assertions="3" errors="0" failures="0" skipped="0" time="3.739634">
        <testcase name="cannot regenerate a QR Code if user is not maintenance manager from the building with data set &quot;('Admin', 200)&quot;" file="tests\Tenant\Auth\BuildingManagementTest.php::cannot regenerate a QR Code if user is not maintenance manager from the building with data set &quot;('Admin', 200)&quot;" class="Tests\Tenant\Auth\BuildingManagementTest" classname="Tests.Tenant.Auth.BuildingManagementTest" assertions="1" time="1.712588"/>
        <testcase name="cannot regenerate a QR Code if user is not maintenance manager from the building with data set &quot;('Maintenance Manager', 403)&quot;" file="tests\Tenant\Auth\BuildingManagementTest.php::cannot regenerate a QR Code if user is not maintenance manager from the building with data set &quot;('Maintenance Manager', 403)&quot;" class="Tests\Tenant\Auth\BuildingManagementTest" classname="Tests.Tenant.Auth.BuildingManagementTest" assertions="1" time="1.048569"/>
        <testcase name="cannot regenerate a QR Code if user is not maintenance manager from the building with data set &quot;('Provider', 403)&quot;" file="tests\Tenant\Auth\BuildingManagementTest.php::cannot regenerate a QR Code if user is not maintenance manager from the building with data set &quot;('Provider', 403)&quot;" class="Tests\Tenant\Auth\BuildingManagementTest" classname="Tests.Tenant.Auth.BuildingManagementTest" assertions="1" time="0.978477"/>
      </testsuite>
      <testsuite name="can regenerate a QR Code if user is not maintenance manager from the building" tests="3" assertions="3" errors="0" failures="0" skipped="0" time="4.171519">
        <testcase name="can regenerate a QR Code if user is not maintenance manager from the building with data set &quot;('Admin', 200)&quot;" file="tests\Tenant\Auth\BuildingManagementTest.php::can regenerate a QR Code if user is not maintenance manager from the building with data set &quot;('Admin', 200)&quot;" class="Tests\Tenant\Auth\BuildingManagementTest" classname="Tests.Tenant.Auth.BuildingManagementTest" assertions="1" time="1.609397"/>
        <testcase name="can regenerate a QR Code if user is not maintenance manager from the building with data set &quot;('Maintenance Manager', 200)&quot;" file="tests\Tenant\Auth\BuildingManagementTest.php::can regenerate a QR Code if user is not maintenance manager from the building with data set &quot;('Maintenance Manager', 200)&quot;" class="Tests\Tenant\Auth\BuildingManagementTest" classname="Tests.Tenant.Auth.BuildingManagementTest" assertions="1" time="1.643178"/>
        <testcase name="can regenerate a QR Code if user is not maintenance manager from the building with data set &quot;('Provider', 403)&quot;" file="tests\Tenant\Auth\BuildingManagementTest.php::can regenerate a QR Code if user is not maintenance manager from the building with data set &quot;('Provider', 403)&quot;" class="Tests\Tenant\Auth\BuildingManagementTest" classname="Tests.Tenant.Auth.BuildingManagementTest" assertions="1" time="0.918944"/>
      </testsuite>
    </testsuite>
    <testsuite name="Tests\Tenant\Auth\ContractManagementTest" file="tests\Tenant\Auth\ContractManagementTest.php" tests="30" assertions="30" errors="0" failures="0" skipped="0" time="31.973934">
      <testsuite name="test access roles to contracts index page" tests="3" assertions="3" errors="0" failures="0" skipped="0" time="3.191043">
        <testcase name="test access roles to contracts index page with data set &quot;('Admin', 200)&quot;" file="tests\Tenant\Auth\ContractManagementTest.php::test access roles to contracts index page with data set &quot;('Admin', 200)&quot;" class="Tests\Tenant\Auth\ContractManagementTest" classname="Tests.Tenant.Auth.ContractManagementTest" assertions="1" time="1.139526"/>
        <testcase name="test access roles to contracts index page with data set &quot;('Maintenance Manager', 200)&quot;" file="tests\Tenant\Auth\ContractManagementTest.php::test access roles to contracts index page with data set &quot;('Maintenance Manager', 200)&quot;" class="Tests\Tenant\Auth\ContractManagementTest" classname="Tests.Tenant.Auth.ContractManagementTest" assertions="1" time="1.047462"/>
        <testcase name="test access roles to contracts index page with data set &quot;('Provider', 403)&quot;" file="tests\Tenant\Auth\ContractManagementTest.php::test access roles to contracts index page with data set &quot;('Provider', 403)&quot;" class="Tests\Tenant\Auth\ContractManagementTest" classname="Tests.Tenant.Auth.ContractManagementTest" assertions="1" time="1.004055"/>
      </testsuite>
      <testsuite name="test access roles to create contract page" tests="3" assertions="3" errors="0" failures="0" skipped="0" time="3.255412">
        <testcase name="test access roles to create contract page with data set &quot;('Admin', 200)&quot;" file="tests\Tenant\Auth\ContractManagementTest.php::test access roles to create contract page with data set &quot;('Admin', 200)&quot;" class="Tests\Tenant\Auth\ContractManagementTest" classname="Tests.Tenant.Auth.ContractManagementTest" assertions="1" time="1.184710"/>
        <testcase name="test access roles to create contract page with data set &quot;('Maintenance Manager', 200)&quot;" file="tests\Tenant\Auth\ContractManagementTest.php::test access roles to create contract page with data set &quot;('Maintenance Manager', 200)&quot;" class="Tests\Tenant\Auth\ContractManagementTest" classname="Tests.Tenant.Auth.ContractManagementTest" assertions="1" time="1.064414"/>
        <testcase name="test access roles to create contract page with data set &quot;('Provider', 403)&quot;" file="tests\Tenant\Auth\ContractManagementTest.php::test access roles to create contract page with data set &quot;('Provider', 403)&quot;" class="Tests\Tenant\Auth\ContractManagementTest" classname="Tests.Tenant.Auth.ContractManagementTest" assertions="1" time="1.006288"/>
      </testsuite>
      <testsuite name="test access roles to view any contract page" tests="3" assertions="3" errors="0" failures="0" skipped="0" time="3.264057">
        <testcase name="test access roles to view any contract page with data set &quot;('Admin', 200)&quot;" file="tests\Tenant\Auth\ContractManagementTest.php::test access roles to view any contract page with data set &quot;('Admin', 200)&quot;" class="Tests\Tenant\Auth\ContractManagementTest" classname="Tests.Tenant.Auth.ContractManagementTest" assertions="1" time="1.089151"/>
        <testcase name="test access roles to view any contract page with data set &quot;('Maintenance Manager', 200)&quot;" file="tests\Tenant\Auth\ContractManagementTest.php::test access roles to view any contract page with data set &quot;('Maintenance Manager', 200)&quot;" class="Tests\Tenant\Auth\ContractManagementTest" classname="Tests.Tenant.Auth.ContractManagementTest" assertions="1" time="1.154048"/>
        <testcase name="test access roles to view any contract page with data set &quot;('Provider', 403)&quot;" file="tests\Tenant\Auth\ContractManagementTest.php::test access roles to view any contract page with data set &quot;('Provider', 403)&quot;" class="Tests\Tenant\Auth\ContractManagementTest" classname="Tests.Tenant.Auth.ContractManagementTest" assertions="1" time="1.020858"/>
      </testsuite>
      <testsuite name="test access roles to store a contract" tests="3" assertions="3" errors="0" failures="0" skipped="0" time="3.225749">
        <testcase name="test access roles to store a contract with data set &quot;('Admin', 200)&quot;" file="tests\Tenant\Auth\ContractManagementTest.php::test access roles to store a contract with data set &quot;('Admin', 200)&quot;" class="Tests\Tenant\Auth\ContractManagementTest" classname="Tests.Tenant.Auth.ContractManagementTest" assertions="1" time="1.090776"/>
        <testcase name="test access roles to store a contract with data set &quot;('Maintenance Manager', 200)&quot;" file="tests\Tenant\Auth\ContractManagementTest.php::test access roles to store a contract with data set &quot;('Maintenance Manager', 200)&quot;" class="Tests\Tenant\Auth\ContractManagementTest" classname="Tests.Tenant.Auth.ContractManagementTest" assertions="1" time="1.113258"/>
        <testcase name="test access roles to store a contract with data set &quot;('Provider', 403)&quot;" file="tests\Tenant\Auth\ContractManagementTest.php::test access roles to store a contract with data set &quot;('Provider', 403)&quot;" class="Tests\Tenant\Auth\ContractManagementTest" classname="Tests.Tenant.Auth.ContractManagementTest" assertions="1" time="1.021715"/>
      </testsuite>
      <testsuite name="test access roles to update any contract page" tests="3" assertions="3" errors="0" failures="0" skipped="0" time="3.143006">
        <testcase name="test access roles to update any contract page with data set &quot;('Admin', 200)&quot;" file="tests\Tenant\Auth\ContractManagementTest.php::test access roles to update any contract page with data set &quot;('Admin', 200)&quot;" class="Tests\Tenant\Auth\ContractManagementTest" classname="Tests.Tenant.Auth.ContractManagementTest" assertions="1" time="1.050289"/>
        <testcase name="test access roles to update any contract page with data set &quot;('Maintenance Manager', 200)&quot;" file="tests\Tenant\Auth\ContractManagementTest.php::test access roles to update any contract page with data set &quot;('Maintenance Manager', 200)&quot;" class="Tests\Tenant\Auth\ContractManagementTest" classname="Tests.Tenant.Auth.ContractManagementTest" assertions="1" time="1.031804"/>
        <testcase name="test access roles to update any contract page with data set &quot;('Provider', 403)&quot;" file="tests\Tenant\Auth\ContractManagementTest.php::test access roles to update any contract page with data set &quot;('Provider', 403)&quot;" class="Tests\Tenant\Auth\ContractManagementTest" classname="Tests.Tenant.Auth.ContractManagementTest" assertions="1" time="1.060913"/>
      </testsuite>
      <testsuite name="test access roles to update a contract" tests="3" assertions="3" errors="0" failures="0" skipped="0" time="3.130919">
        <testcase name="test access roles to update a contract with data set &quot;('Admin', 200)&quot;" file="tests\Tenant\Auth\ContractManagementTest.php::test access roles to update a contract with data set &quot;('Admin', 200)&quot;" class="Tests\Tenant\Auth\ContractManagementTest" classname="Tests.Tenant.Auth.ContractManagementTest" assertions="1" time="1.025864"/>
        <testcase name="test access roles to update a contract with data set &quot;('Maintenance Manager', 200)&quot;" file="tests\Tenant\Auth\ContractManagementTest.php::test access roles to update a contract with data set &quot;('Maintenance Manager', 200)&quot;" class="Tests\Tenant\Auth\ContractManagementTest" classname="Tests.Tenant.Auth.ContractManagementTest" assertions="1" time="1.061159"/>
        <testcase name="test access roles to update a contract with data set &quot;('Provider', 403)&quot;" file="tests\Tenant\Auth\ContractManagementTest.php::test access roles to update a contract with data set &quot;('Provider', 403)&quot;" class="Tests\Tenant\Auth\ContractManagementTest" classname="Tests.Tenant.Auth.ContractManagementTest" assertions="1" time="1.043896"/>
      </testsuite>
      <testsuite name="test access roles to contract page" tests="3" assertions="3" errors="0" failures="0" skipped="0" time="3.100568">
        <testcase name="test access roles to contract page with data set &quot;('Admin', 200)&quot;" file="tests\Tenant\Auth\ContractManagementTest.php::test access roles to contract page with data set &quot;('Admin', 200)&quot;" class="Tests\Tenant\Auth\ContractManagementTest" classname="Tests.Tenant.Auth.ContractManagementTest" assertions="1" time="1.038487"/>
        <testcase name="test access roles to contract page with data set &quot;('Maintenance Manager', 200)&quot;" file="tests\Tenant\Auth\ContractManagementTest.php::test access roles to contract page with data set &quot;('Maintenance Manager', 200)&quot;" class="Tests\Tenant\Auth\ContractManagementTest" classname="Tests.Tenant.Auth.ContractManagementTest" assertions="1" time="1.066287"/>
        <testcase name="test access roles to contract page with data set &quot;('Provider', 403)&quot;" file="tests\Tenant\Auth\ContractManagementTest.php::test access roles to contract page with data set &quot;('Provider', 403)&quot;" class="Tests\Tenant\Auth\ContractManagementTest" classname="Tests.Tenant.Auth.ContractManagementTest" assertions="1" time="0.995794"/>
      </testsuite>
      <testsuite name="test access roles to delete any contract" tests="3" assertions="3" errors="0" failures="0" skipped="0" time="3.059787">
        <testcase name="test access roles to delete any contract with data set &quot;('Admin', 200)&quot;" file="tests\Tenant\Auth\ContractManagementTest.php::test access roles to delete any contract with data set &quot;('Admin', 200)&quot;" class="Tests\Tenant\Auth\ContractManagementTest" classname="Tests.Tenant.Auth.ContractManagementTest" assertions="1" time="1.020499"/>
        <testcase name="test access roles to delete any contract with data set &quot;('Maintenance Manager', 403)&quot;" file="tests\Tenant\Auth\ContractManagementTest.php::test access roles to delete any contract with data set &quot;('Maintenance Manager', 403)&quot;" class="Tests\Tenant\Auth\ContractManagementTest" classname="Tests.Tenant.Auth.ContractManagementTest" assertions="1" time="1.044206"/>
        <testcase name="test access roles to delete any contract with data set &quot;('Provider', 403)&quot;" file="tests\Tenant\Auth\ContractManagementTest.php::test access roles to delete any contract with data set &quot;('Provider', 403)&quot;" class="Tests\Tenant\Auth\ContractManagementTest" classname="Tests.Tenant.Auth.ContractManagementTest" assertions="1" time="0.995082"/>
      </testsuite>
      <testsuite name="test access roles to post a new document to a contract" tests="3" assertions="3" errors="0" failures="0" skipped="0" time="3.373242">
        <testcase name="test access roles to post a new document to a contract with data set &quot;('Admin', 200)&quot;" file="tests\Tenant\Auth\ContractManagementTest.php::test access roles to post a new document to a contract with data set &quot;('Admin', 200)&quot;" class="Tests\Tenant\Auth\ContractManagementTest" classname="Tests.Tenant.Auth.ContractManagementTest" assertions="1" time="1.106275"/>
        <testcase name="test access roles to post a new document to a contract with data set &quot;('Maintenance Manager', 200)&quot;" file="tests\Tenant\Auth\ContractManagementTest.php::test access roles to post a new document to a contract with data set &quot;('Maintenance Manager', 200)&quot;" class="Tests\Tenant\Auth\ContractManagementTest" classname="Tests.Tenant.Auth.ContractManagementTest" assertions="1" time="1.143768"/>
        <testcase name="test access roles to post a new document to a contract with data set &quot;('Provider', 403)&quot;" file="tests\Tenant\Auth\ContractManagementTest.php::test access roles to post a new document to a contract with data set &quot;('Provider', 403)&quot;" class="Tests\Tenant\Auth\ContractManagementTest" classname="Tests.Tenant.Auth.ContractManagementTest" assertions="1" time="1.123199"/>
      </testsuite>
      <testsuite name="test access roles to detach a document from a contract" tests="3" assertions="3" errors="0" failures="0" skipped="0" time="3.230150">
        <testcase name="test access roles to detach a document from a contract with data set &quot;('Admin', 200)&quot;" file="tests\Tenant\Auth\ContractManagementTest.php::test access roles to detach a document from a contract with data set &quot;('Admin', 200)&quot;" class="Tests\Tenant\Auth\ContractManagementTest" classname="Tests.Tenant.Auth.ContractManagementTest" assertions="1" time="1.152271"/>
        <testcase name="test access roles to detach a document from a contract with data set &quot;('Maintenance Manager', 200)&quot;" file="tests\Tenant\Auth\ContractManagementTest.php::test access roles to detach a document from a contract with data set &quot;('Maintenance Manager', 200)&quot;" class="Tests\Tenant\Auth\ContractManagementTest" classname="Tests.Tenant.Auth.ContractManagementTest" assertions="1" time="1.061934"/>
        <testcase name="test access roles to detach a document from a contract with data set &quot;('Provider', 403)&quot;" file="tests\Tenant\Auth\ContractManagementTest.php::test access roles to detach a document from a contract with data set &quot;('Provider', 403)&quot;" class="Tests\Tenant\Auth\ContractManagementTest" classname="Tests.Tenant.Auth.ContractManagementTest" assertions="1" time="1.015944"/>
      </testsuite>
    </testsuite>
    <testsuite name="Tests\Tenant\Auth\FloorManagementTest" file="tests\Tenant\Auth\FloorManagementTest.php" tests="36" assertions="36" errors="0" failures="0" skipped="0" time="38.880523">
      <testsuite name="test access roles to floor index page" tests="3" assertions="3" errors="0" failures="0" skipped="0" time="3.074160">
        <testcase name="test access roles to floor index page with data set &quot;('Admin', 200)&quot;" file="tests\Tenant\Auth\FloorManagementTest.php::test access roles to floor index page with data set &quot;('Admin', 200)&quot;" class="Tests\Tenant\Auth\FloorManagementTest" classname="Tests.Tenant.Auth.FloorManagementTest" assertions="1" time="0.975939"/>
        <testcase name="test access roles to floor index page with data set &quot;('Maintenance Manager', 403)&quot;" file="tests\Tenant\Auth\FloorManagementTest.php::test access roles to floor index page with data set &quot;('Maintenance Manager', 403)&quot;" class="Tests\Tenant\Auth\FloorManagementTest" classname="Tests.Tenant.Auth.FloorManagementTest" assertions="1" time="0.988760"/>
        <testcase name="test access roles to floor index page with data set &quot;('Provider', 403)&quot;" file="tests\Tenant\Auth\FloorManagementTest.php::test access roles to floor index page with data set &quot;('Provider', 403)&quot;" class="Tests\Tenant\Auth\FloorManagementTest" classname="Tests.Tenant.Auth.FloorManagementTest" assertions="1" time="1.109461"/>
      </testsuite>
      <testsuite name="test access roles to create floor page" tests="3" assertions="3" errors="0" failures="0" skipped="0" time="2.883891">
        <testcase name="test access roles to create floor page with data set &quot;('Admin', 200)&quot;" file="tests\Tenant\Auth\FloorManagementTest.php::test access roles to create floor page with data set &quot;('Admin', 200)&quot;" class="Tests\Tenant\Auth\FloorManagementTest" classname="Tests.Tenant.Auth.FloorManagementTest" assertions="1" time="0.972985"/>
        <testcase name="test access roles to create floor page with data set &quot;('Maintenance Manager', 403)&quot;" file="tests\Tenant\Auth\FloorManagementTest.php::test access roles to create floor page with data set &quot;('Maintenance Manager', 403)&quot;" class="Tests\Tenant\Auth\FloorManagementTest" classname="Tests.Tenant.Auth.FloorManagementTest" assertions="1" time="0.942693"/>
        <testcase name="test access roles to create floor page with data set &quot;('Provider', 403)&quot;" file="tests\Tenant\Auth\FloorManagementTest.php::test access roles to create floor page with data set &quot;('Provider', 403)&quot;" class="Tests\Tenant\Auth\FloorManagementTest" classname="Tests.Tenant.Auth.FloorManagementTest" assertions="1" time="0.968214"/>
      </testsuite>
      <testsuite name="test access roles to view any floor page" tests="3" assertions="3" errors="0" failures="0" skipped="0" time="2.961991">
        <testcase name="test access roles to view any floor page with data set &quot;('Admin', 200)&quot;" file="tests\Tenant\Auth\FloorManagementTest.php::test access roles to view any floor page with data set &quot;('Admin', 200)&quot;" class="Tests\Tenant\Auth\FloorManagementTest" classname="Tests.Tenant.Auth.FloorManagementTest" assertions="1" time="1.149605"/>
        <testcase name="test access roles to view any floor page with data set &quot;('Maintenance Manager', 403)&quot;" file="tests\Tenant\Auth\FloorManagementTest.php::test access roles to view any floor page with data set &quot;('Maintenance Manager', 403)&quot;" class="Tests\Tenant\Auth\FloorManagementTest" classname="Tests.Tenant.Auth.FloorManagementTest" assertions="1" time="0.942159"/>
        <testcase name="test access roles to view any floor page with data set &quot;('Provider', 403)&quot;" file="tests\Tenant\Auth\FloorManagementTest.php::test access roles to view any floor page with data set &quot;('Provider', 403)&quot;" class="Tests\Tenant\Auth\FloorManagementTest" classname="Tests.Tenant.Auth.FloorManagementTest" assertions="1" time="0.870226"/>
      </testsuite>
      <testsuite name="test access roles to view floor with maintenance manager page" tests="3" assertions="3" errors="0" failures="0" skipped="0" time="2.729710">
        <testcase name="test access roles to view floor with maintenance manager page with data set &quot;('Admin', 200)&quot;" file="tests\Tenant\Auth\FloorManagementTest.php::test access roles to view floor with maintenance manager page with data set &quot;('Admin', 200)&quot;" class="Tests\Tenant\Auth\FloorManagementTest" classname="Tests.Tenant.Auth.FloorManagementTest" assertions="1" time="0.927167"/>
        <testcase name="test access roles to view floor with maintenance manager page with data set &quot;('Maintenance Manager', 200)&quot;" file="tests\Tenant\Auth\FloorManagementTest.php::test access roles to view floor with maintenance manager page with data set &quot;('Maintenance Manager', 200)&quot;" class="Tests\Tenant\Auth\FloorManagementTest" classname="Tests.Tenant.Auth.FloorManagementTest" assertions="1" time="0.912800"/>
        <testcase name="test access roles to view floor with maintenance manager page with data set &quot;('Provider', 403)&quot;" file="tests\Tenant\Auth\FloorManagementTest.php::test access roles to view floor with maintenance manager page with data set &quot;('Provider', 403)&quot;" class="Tests\Tenant\Auth\FloorManagementTest" classname="Tests.Tenant.Auth.FloorManagementTest" assertions="1" time="0.889742"/>
      </testsuite>
      <testsuite name="test access roles to store a floor" tests="3" assertions="3" errors="0" failures="0" skipped="0" time="2.580805">
        <testcase name="test access roles to store a floor with data set &quot;('Admin', 200)&quot;" file="tests\Tenant\Auth\FloorManagementTest.php::test access roles to store a floor with data set &quot;('Admin', 200)&quot;" class="Tests\Tenant\Auth\FloorManagementTest" classname="Tests.Tenant.Auth.FloorManagementTest" assertions="1" time="0.858736"/>
        <testcase name="test access roles to store a floor with data set &quot;('Maintenance Manager', 403)&quot;" file="tests\Tenant\Auth\FloorManagementTest.php::test access roles to store a floor with data set &quot;('Maintenance Manager', 403)&quot;" class="Tests\Tenant\Auth\FloorManagementTest" classname="Tests.Tenant.Auth.FloorManagementTest" assertions="1" time="0.867464"/>
        <testcase name="test access roles to store a floor with data set &quot;('Provider', 403)&quot;" file="tests\Tenant\Auth\FloorManagementTest.php::test access roles to store a floor with data set &quot;('Provider', 403)&quot;" class="Tests\Tenant\Auth\FloorManagementTest" classname="Tests.Tenant.Auth.FloorManagementTest" assertions="1" time="0.854604"/>
      </testsuite>
      <testsuite name="test access roles to update any asset page" tests="3" assertions="3" errors="0" failures="0" skipped="0" time="3.550770">
        <testcase name="test access roles to update any asset page with data set &quot;('Admin', 200)&quot;" file="tests\Tenant\Auth\FloorManagementTest.php::test access roles to update any asset page with data set &quot;('Admin', 200)&quot;" class="Tests\Tenant\Auth\FloorManagementTest" classname="Tests.Tenant.Auth.FloorManagementTest" assertions="1" time="1.120394"/>
        <testcase name="test access roles to update any asset page with data set &quot;('Maintenance Manager', 403)&quot;" file="tests\Tenant\Auth\FloorManagementTest.php::test access roles to update any asset page with data set &quot;('Maintenance Manager', 403)&quot;" class="Tests\Tenant\Auth\FloorManagementTest" classname="Tests.Tenant.Auth.FloorManagementTest" assertions="1" time="1.183706"/>
        <testcase name="test access roles to update any asset page with data set &quot;('Provider', 403)&quot;" file="tests\Tenant\Auth\FloorManagementTest.php::test access roles to update any asset page with data set &quot;('Provider', 403)&quot;" class="Tests\Tenant\Auth\FloorManagementTest" classname="Tests.Tenant.Auth.FloorManagementTest" assertions="1" time="1.246671"/>
      </testsuite>
      <testsuite name="test access roles to update floor with maintenance manager page" tests="3" assertions="3" errors="0" failures="0" skipped="0" time="3.815239">
        <testcase name="test access roles to update floor with maintenance manager page with data set &quot;('Admin', 200)&quot;" file="tests\Tenant\Auth\FloorManagementTest.php::test access roles to update floor with maintenance manager page with data set &quot;('Admin', 200)&quot;" class="Tests\Tenant\Auth\FloorManagementTest" classname="Tests.Tenant.Auth.FloorManagementTest" assertions="1" time="1.315123"/>
        <testcase name="test access roles to update floor with maintenance manager page with data set &quot;('Maintenance Manager', 200)&quot;" file="tests\Tenant\Auth\FloorManagementTest.php::test access roles to update floor with maintenance manager page with data set &quot;('Maintenance Manager', 200)&quot;" class="Tests\Tenant\Auth\FloorManagementTest" classname="Tests.Tenant.Auth.FloorManagementTest" assertions="1" time="1.292361"/>
        <testcase name="test access roles to update floor with maintenance manager page with data set &quot;('Provider', 403)&quot;" file="tests\Tenant\Auth\FloorManagementTest.php::test access roles to update floor with maintenance manager page with data set &quot;('Provider', 403)&quot;" class="Tests\Tenant\Auth\FloorManagementTest" classname="Tests.Tenant.Auth.FloorManagementTest" assertions="1" time="1.207755"/>
      </testsuite>
      <testsuite name="test access roles to update floor with maintenance manager" tests="3" assertions="3" errors="0" failures="0" skipped="0" time="3.432357">
        <testcase name="test access roles to update floor with maintenance manager with data set &quot;('Admin', 200)&quot;" file="tests\Tenant\Auth\FloorManagementTest.php::test access roles to update floor with maintenance manager with data set &quot;('Admin', 200)&quot;" class="Tests\Tenant\Auth\FloorManagementTest" classname="Tests.Tenant.Auth.FloorManagementTest" assertions="1" time="1.074663"/>
        <testcase name="test access roles to update floor with maintenance manager with data set &quot;('Maintenance Manager', 200)&quot;" file="tests\Tenant\Auth\FloorManagementTest.php::test access roles to update floor with maintenance manager with data set &quot;('Maintenance Manager', 200)&quot;" class="Tests\Tenant\Auth\FloorManagementTest" classname="Tests.Tenant.Auth.FloorManagementTest" assertions="1" time="1.176123"/>
        <testcase name="test access roles to update floor with maintenance manager with data set &quot;('Provider', 403)&quot;" file="tests\Tenant\Auth\FloorManagementTest.php::test access roles to update floor with maintenance manager with data set &quot;('Provider', 403)&quot;" class="Tests\Tenant\Auth\FloorManagementTest" classname="Tests.Tenant.Auth.FloorManagementTest" assertions="1" time="1.181571"/>
      </testsuite>
      <testsuite name="test access roles to delete any floor" tests="3" assertions="3" errors="0" failures="0" skipped="0" time="2.992707">
        <testcase name="test access roles to delete any floor with data set &quot;('Admin', 200)&quot;" file="tests\Tenant\Auth\FloorManagementTest.php::test access roles to delete any floor with data set &quot;('Admin', 200)&quot;" class="Tests\Tenant\Auth\FloorManagementTest" classname="Tests.Tenant.Auth.FloorManagementTest" assertions="1" time="1.007459"/>
        <testcase name="test access roles to delete any floor with data set &quot;('Maintenance Manager', 403)&quot;" file="tests\Tenant\Auth\FloorManagementTest.php::test access roles to delete any floor with data set &quot;('Maintenance Manager', 403)&quot;" class="Tests\Tenant\Auth\FloorManagementTest" classname="Tests.Tenant.Auth.FloorManagementTest" assertions="1" time="0.892171"/>
        <testcase name="test access roles to delete any floor with data set &quot;('Provider', 403)&quot;" file="tests\Tenant\Auth\FloorManagementTest.php::test access roles to delete any floor with data set &quot;('Provider', 403)&quot;" class="Tests\Tenant\Auth\FloorManagementTest" classname="Tests.Tenant.Auth.FloorManagementTest" assertions="1" time="1.093078"/>
      </testsuite>
      <testsuite name="test access roles to delete floor with maintenance manager" tests="3" assertions="3" errors="0" failures="0" skipped="0" time="2.676880">
        <testcase name="test access roles to delete floor with maintenance manager with data set &quot;('Admin', 200)&quot;" file="tests\Tenant\Auth\FloorManagementTest.php::test access roles to delete floor with maintenance manager with data set &quot;('Admin', 200)&quot;" class="Tests\Tenant\Auth\FloorManagementTest" classname="Tests.Tenant.Auth.FloorManagementTest" assertions="1" time="0.902202"/>
        <testcase name="test access roles to delete floor with maintenance manager with data set &quot;('Maintenance Manager', 403)&quot;" file="tests\Tenant\Auth\FloorManagementTest.php::test access roles to delete floor with maintenance manager with data set &quot;('Maintenance Manager', 403)&quot;" class="Tests\Tenant\Auth\FloorManagementTest" classname="Tests.Tenant.Auth.FloorManagementTest" assertions="1" time="0.896637"/>
        <testcase name="test access roles to delete floor with maintenance manager with data set &quot;('Provider', 403)&quot;" file="tests\Tenant\Auth\FloorManagementTest.php::test access roles to delete floor with maintenance manager with data set &quot;('Provider', 403)&quot;" class="Tests\Tenant\Auth\FloorManagementTest" classname="Tests.Tenant.Auth.FloorManagementTest" assertions="1" time="0.878041"/>
      </testsuite>
      <testsuite name="cannot regenerate a QR Code if user is not maintenance manager from the floor" tests="3" assertions="3" errors="0" failures="0" skipped="0" time="3.338499">
        <testcase name="cannot regenerate a QR Code if user is not maintenance manager from the floor with data set &quot;('Admin', 200)&quot;" file="tests\Tenant\Auth\FloorManagementTest.php::cannot regenerate a QR Code if user is not maintenance manager from the floor with data set &quot;('Admin', 200)&quot;" class="Tests\Tenant\Auth\FloorManagementTest" classname="Tests.Tenant.Auth.FloorManagementTest" assertions="1" time="1.561030"/>
        <testcase name="cannot regenerate a QR Code if user is not maintenance manager from the floor with data set &quot;('Maintenance Manager', 403)&quot;" file="tests\Tenant\Auth\FloorManagementTest.php::cannot regenerate a QR Code if user is not maintenance manager from the floor with data set &quot;('Maintenance Manager', 403)&quot;" class="Tests\Tenant\Auth\FloorManagementTest" classname="Tests.Tenant.Auth.FloorManagementTest" assertions="1" time="0.851275"/>
        <testcase name="cannot regenerate a QR Code if user is not maintenance manager from the floor with data set &quot;('Provider', 403)&quot;" file="tests\Tenant\Auth\FloorManagementTest.php::cannot regenerate a QR Code if user is not maintenance manager from the floor with data set &quot;('Provider', 403)&quot;" class="Tests\Tenant\Auth\FloorManagementTest" classname="Tests.Tenant.Auth.FloorManagementTest" assertions="1" time="0.926194"/>
      </testsuite>
      <testsuite name="can regenerate a QR Code if user is not maintenance manager from the floor" tests="3" assertions="3" errors="0" failures="0" skipped="0" time="4.843515">
        <testcase name="can regenerate a QR Code if user is not maintenance manager from the floor with data set &quot;('Admin', 200)&quot;" file="tests\Tenant\Auth\FloorManagementTest.php::can regenerate a QR Code if user is not maintenance manager from the floor with data set &quot;('Admin', 200)&quot;" class="Tests\Tenant\Auth\FloorManagementTest" classname="Tests.Tenant.Auth.FloorManagementTest" assertions="1" time="1.583547"/>
        <testcase name="can regenerate a QR Code if user is not maintenance manager from the floor with data set &quot;('Maintenance Manager', 200)&quot;" file="tests\Tenant\Auth\FloorManagementTest.php::can regenerate a QR Code if user is not maintenance manager from the floor with data set &quot;('Maintenance Manager', 200)&quot;" class="Tests\Tenant\Auth\FloorManagementTest" classname="Tests.Tenant.Auth.FloorManagementTest" assertions="1" time="2.050823"/>
        <testcase name="can regenerate a QR Code if user is not maintenance manager from the floor with data set &quot;('Provider', 403)&quot;" file="tests\Tenant\Auth\FloorManagementTest.php::can regenerate a QR Code if user is not maintenance manager from the floor with data set &quot;('Provider', 403)&quot;" class="Tests\Tenant\Auth\FloorManagementTest" classname="Tests.Tenant.Auth.FloorManagementTest" assertions="1" time="1.209145"/>
      </testsuite>
    </testsuite>
    <testsuite name="Tests\Tenant\Auth\ProviderManagementTest" file="tests\Tenant\Auth\ProviderManagementTest.php" tests="30" assertions="30" errors="0" failures="0" skipped="0" time="32.296088">
      <testsuite name="test access roles to providers index page" tests="3" assertions="3" errors="0" failures="0" skipped="0" time="3.663514">
        <testcase name="test access roles to providers index page with data set &quot;('Admin', 200)&quot;" file="tests\Tenant\Auth\ProviderManagementTest.php::test access roles to providers index page with data set &quot;('Admin', 200)&quot;" class="Tests\Tenant\Auth\ProviderManagementTest" classname="Tests.Tenant.Auth.ProviderManagementTest" assertions="1" time="1.599580"/>
        <testcase name="test access roles to providers index page with data set &quot;('Maintenance Manager', 200)&quot;" file="tests\Tenant\Auth\ProviderManagementTest.php::test access roles to providers index page with data set &quot;('Maintenance Manager', 200)&quot;" class="Tests\Tenant\Auth\ProviderManagementTest" classname="Tests.Tenant.Auth.ProviderManagementTest" assertions="1" time="1.134413"/>
        <testcase name="test access roles to providers index page with data set &quot;('Provider', 403)&quot;" file="tests\Tenant\Auth\ProviderManagementTest.php::test access roles to providers index page with data set &quot;('Provider', 403)&quot;" class="Tests\Tenant\Auth\ProviderManagementTest" classname="Tests.Tenant.Auth.ProviderManagementTest" assertions="1" time="0.929521"/>
      </testsuite>
      <testsuite name="test access roles to create provider page" tests="3" assertions="3" errors="0" failures="0" skipped="0" time="2.845801">
        <testcase name="test access roles to create provider page with data set &quot;('Admin', 200)&quot;" file="tests\Tenant\Auth\ProviderManagementTest.php::test access roles to create provider page with data set &quot;('Admin', 200)&quot;" class="Tests\Tenant\Auth\ProviderManagementTest" classname="Tests.Tenant.Auth.ProviderManagementTest" assertions="1" time="0.946763"/>
        <testcase name="test access roles to create provider page with data set &quot;('Maintenance Manager', 200)&quot;" file="tests\Tenant\Auth\ProviderManagementTest.php::test access roles to create provider page with data set &quot;('Maintenance Manager', 200)&quot;" class="Tests\Tenant\Auth\ProviderManagementTest" classname="Tests.Tenant.Auth.ProviderManagementTest" assertions="1" time="0.960790"/>
        <testcase name="test access roles to create provider page with data set &quot;('Provider', 403)&quot;" file="tests\Tenant\Auth\ProviderManagementTest.php::test access roles to create provider page with data set &quot;('Provider', 403)&quot;" class="Tests\Tenant\Auth\ProviderManagementTest" classname="Tests.Tenant.Auth.ProviderManagementTest" assertions="1" time="0.938248"/>
      </testsuite>
      <testsuite name="test access roles to view any provider page" tests="3" assertions="3" errors="0" failures="0" skipped="0" time="2.932617">
        <testcase name="test access roles to view any provider page with data set &quot;('Admin', 200)&quot;" file="tests\Tenant\Auth\ProviderManagementTest.php::test access roles to view any provider page with data set &quot;('Admin', 200)&quot;" class="Tests\Tenant\Auth\ProviderManagementTest" classname="Tests.Tenant.Auth.ProviderManagementTest" assertions="1" time="0.959075"/>
[...]
#1 F:\laragon\www\sme-facility-mysql\app\Http\Controllers\API\V1\APIUserController.php(47): App\Services\UserService-&gt;create(Array)
#2 F:\laragon\www\sme-facility-mysql\vendor\laravel\framework\src\Illuminate\Routing\ControllerDispatcher.php(46): App\Http\Controllers\API\V1\APIUserController-&gt;store(Object(App\Http\Requests\Tenant\UserRequest))
#3 F:\laragon\www\sme-facility-mysql\vendor\laravel\framework\src\Illuminate\Routing\Route.php(265): Illuminate\Routing\ControllerDispatcher-&gt;dispatch(Object(Illuminate\Routing\Route), Object(App\Http\Controllers\API\V1\APIUserController), 'store')
#4 F:\laragon\www\sme-facility-mysql\vendor\laravel\framework\src\Illuminate\Routing\Route.php(211): Illuminate\Routing\Route-&gt;runController()
#5 F:\laragon\www\sme-facility-mysql\vendor\laravel\framework\src\Illuminate\Routing\Router.php(822): Illuminate\Routing\Route-&gt;run()
#6 F:\laragon\www\sme-facility-mysql\vendor\laravel\framework\src\Illuminate\Pipeline\Pipeline.php(180): Illuminate\Routing\Router-&gt;Illuminate\Routing\{closure}(Object(Illuminate\Http\Request))
#7 F:\laragon\www\sme-facility-mysql\vendor\stancl\tenancy\src\Middleware\ScopeSessions.php(29): Illuminate\Pipeline\Pipeline-&gt;Illuminate\Pipeline\{closure}(Object(Illuminate\Http\Request))
#8 F:\laragon\www\sme-facility-mysql\vendor\laravel\framework\src\Illuminate\Pipeline\Pipeline.php(219): Stancl\Tenancy\Middleware\ScopeSessions-&gt;handle(Object(Illuminate\Http\Request), Object(Closure))
#9 F:\laragon\www\sme-facility-mysql\vendor\barryvdh\laravel-debugbar\src\Middleware\InjectDebugbar.php(59): Illuminate\Pipeline\Pipeline-&gt;Illuminate\Pipeline\{closure}(Object(Illuminate\Http\Request))
#10 F:\laragon\www\sme-facility-mysql\vendor\laravel\framework\src\Illuminate\Pipeline\Pipeline.php(219): Barryvdh\Debugbar\Middleware\InjectDebugbar-&gt;handle(Object(Illuminate\Http\Request), Object(Closure))
#11 F:\laragon\www\sme-facility-mysql\vendor\laravel\framework\src\Illuminate\Http\Middleware\HandleCors.php(61): Illuminate\Pipeline\Pipeline-&gt;Illuminate\Pipeline\{closure}(Object(Illuminate\Http\Request))
#12 F:\laragon\www\sme-facility-mysql\vendor\laravel\framework\src\Illuminate\Pipeline\Pipeline.php(219): Illuminate\Http\Middleware\HandleCors-&gt;handle(Object(Illuminate\Http\Request), Object(Closure))
#13 F:\laragon\www\sme-facility-mysql\app\Http\Middleware\AddUserContextToLogs.php(33): Illuminate\Pipeline\Pipeline-&gt;Illuminate\Pipeline\{closure}(Object(Illuminate\Http\Request))
#14 F:\laragon\www\sme-facility-mysql\vendor\laravel\framework\src\Illuminate\Pipeline\Pipeline.php(219): App\Http\Middleware\AddUserContextToLogs-&gt;handle(Object(Illuminate\Http\Request), Object(Closure))
#15 F:\laragon\www\sme-facility-mysql\vendor\laravel\framework\src\Illuminate\Http\Middleware\AddLinkHeadersForPreloadedAssets.php(32): Illuminate\Pipeline\Pipeline-&gt;Illuminate\Pipeline\{closure}(Object(Illuminate\Http\Request))
#16 F:\laragon\www\sme-facility-mysql\vendor\laravel\framework\src\Illuminate\Pipeline\Pipeline.php(219): Illuminate\Http\Middleware\AddLinkHeadersForPreloadedAssets-&gt;handle(Object(Illuminate\Http\Request), Object(Closure))
#17 F:\laragon\www\sme-facility-mysql\vendor\inertiajs\inertia-laravel\src\Middleware.php(96): Illuminate\Pipeline\Pipeline-&gt;Illuminate\Pipeline\{closure}(Object(Illuminate\Http\Request))
#18 F:\laragon\www\sme-facility-mysql\app\Http\Middleware\HandleInertiaRequests.php(38): Inertia\Middleware-&gt;handle(Object(Illuminate\Http\Request), Object(Closure))
#19 F:\laragon\www\sme-facility-mysql\vendor\laravel\framework\src\Illuminate\Pipeline\Pipeline.php(219): App\Http\Middleware\HandleInertiaRequests-&gt;handle(Object(Illuminate\Http\Request), Object(Closure))
#20 F:\laragon\www\sme-facility-mysql\app\Http\Middleware\HandleAppearance.php(21): Illuminate\Pipeline\Pipeline-&gt;Illuminate\Pipeline\{closure}(Object(Illuminate\Http\Request))
#21 F:\laragon\www\sme-facility-mysql\vendor\laravel\framework\src\Illuminate\Pipeline\Pipeline.php(219): App\Http\Middleware\HandleAppearance-&gt;handle(Object(Illuminate\Http\Request), Object(Closure))
#22 F:\laragon\www\sme-facility-mysql\vendor\laravel\framework\src\Illuminate\Routing\Middleware\SubstituteBindings.php(50): Illuminate\Pipeline\Pipeline-&gt;Illuminate\Pipeline\{closure}(Object(Illuminate\Http\Request))
#23 F:\laragon\www\sme-facility-mysql\vendor\laravel\framework\src\Illuminate\Pipeline\Pipeline.php(219): Illuminate\Routing\Middleware\SubstituteBindings-&gt;handle(Object(Illuminate\Http\Request), Object(Closure))
#24 F:\laragon\www\sme-facility-mysql\vendor\laravel\framework\src\Illuminate\Auth\Middleware\Authenticate.php(63): Illuminate\Pipeline\Pipeline-&gt;Illuminate\Pipeline\{closure}(Object(Illuminate\Http\Request))
#25 F:\laragon\www\sme-facility-mysql\vendor\laravel\framework\src\Illuminate\Pipeline\Pipeline.php(219): Illuminate\Auth\Middleware\Authenticate-&gt;handle(Object(Illuminate\Http\Request), Object(Closure), 'tenant')
#26 F:\laragon\www\sme-facility-mysql\vendor\laravel\framework\src\Illuminate\Foundation\Http\Middleware\VerifyCsrfToken.php(87): Illuminate\Pipeline\Pipeline-&gt;Illuminate\Pipeline\{closure}(Object(Illuminate\Http\Request))
#27 F:\laragon\www\sme-facility-mysql\vendor\laravel\framework\src\Illuminate\Pipeline\Pipeline.php(219): Illuminate\Foundation\Http\Middleware\VerifyCsrfToken-&gt;handle(Object(Illuminate\Http\Request), Object(Closure))
#28 F:\laragon\www\sme-facility-mysql\vendor\laravel\framework\src\Illuminate\View\Middleware\ShareErrorsFromSession.php(48): Illuminate\Pipeline\Pipeline-&gt;Illuminate\Pipeline\{closure}(Object(Illuminate\Http\Request))
#29 F:\laragon\www\sme-facility-mysql\vendor\laravel\framework\src\Illuminate\Pipeline\Pipeline.php(219): Illuminate\View\Middleware\ShareErrorsFromSession-&gt;handle(Object(Illuminate\Http\Request), Object(Closure))
#30 F:\laragon\www\sme-facility-mysql\vendor\laravel\framework\src\Illuminate\Session\Middleware\StartSession.php(120): Illuminate\Pipeline\Pipeline-&gt;Illuminate\Pipeline\{closure}(Object(Illuminate\Http\Request))
#31 F:\laragon\www\sme-facility-mysql\vendor\laravel\framework\src\Illuminate\Session\Middleware\StartSession.php(63): Illuminate\Session\Middleware\StartSession-&gt;handleStatefulRequest(Object(Illuminate\Http\Request), Object(Illuminate\Session\Store), Object(Closure))
#32 F:\laragon\www\sme-facility-mysql\vendor\laravel\framework\src\Illuminate\Pipeline\Pipeline.php(219): Illuminate\Session\Middleware\StartSession-&gt;handle(Object(Illuminate\Http\Request), Object(Closure))
#33 F:\laragon\www\sme-facility-mysql\vendor\laravel\framework\src\Illuminate\Cookie\Middleware\AddQueuedCookiesToResponse.php(36): Illuminate\Pipeline\Pipeline-&gt;Illuminate\Pipeline\{closure}(Object(Illuminate\Http\Request))
#34 F:\laragon\www\sme-facility-mysql\vendor\laravel\framework\src\Illuminate\Pipeline\Pipeline.php(219): Illuminate\Cookie\Middleware\AddQueuedCookiesToResponse-&gt;handle(Object(Illuminate\Http\Request), Object(Closure))
#35 F:\laragon\www\sme-facility-mysql\vendor\laravel\framework\src\Illuminate\Cookie\Middleware\EncryptCookies.php(74): Illuminate\Pipeline\Pipeline-&gt;Illuminate\Pipeline\{closure}(Object(Illuminate\Http\Request))
#36 F:\laragon\www\sme-facility-mysql\vendor\laravel\framework\src\Illuminate\Pipeline\Pipeline.php(219): Illuminate\Cookie\Middleware\EncryptCookies-&gt;handle(Object(Illuminate\Http\Request), Object(Closure))
#37 F:\laragon\www\sme-facility-mysql\vendor\stancl\tenancy\src\Middleware\IdentificationMiddleware.php(36): Illuminate\Pipeline\Pipeline-&gt;Illuminate\Pipeline\{closure}(Object(Illuminate\Http\Request))
#38 F:\laragon\www\sme-facility-mysql\vendor\stancl\tenancy\src\Middleware\InitializeTenancyBySubdomain.php(51): Stancl\Tenancy\Middleware\IdentificationMiddleware-&gt;initializeTenancy(Object(Illuminate\Http\Request), Object(Closure), 'test')
#39 F:\laragon\www\sme-facility-mysql\vendor\laravel\framework\src\Illuminate\Pipeline\Pipeline.php(219): Stancl\Tenancy\Middleware\InitializeTenancyBySubdomain-&gt;handle(Object(Illuminate\Http\Request), Object(Closure))
#40 F:\laragon\www\sme-facility-mysql\vendor\stancl\tenancy\src\Middleware\PreventAccessFromCentralDomains.php(29): Illuminate\Pipeline\Pipeline-&gt;Illuminate\Pipeline\{closure}(Object(Illuminate\Http\Request))
#41 F:\laragon\www\sme-facility-mysql\vendor\laravel\framework\src\Illuminate\Pipeline\Pipeline.php(219): Stancl\Tenancy\Middleware\PreventAccessFromCentralDomains-&gt;handle(Object(Illuminate\Http\Request), Object(Closure))
#42 F:\laragon\www\sme-facility-mysql\vendor\laravel\framework\src\Illuminate\Pipeline\Pipeline.php(137): Illuminate\Pipeline\Pipeline-&gt;Illuminate\Pipeline\{closure}(Object(Illuminate\Http\Request))
#43 F:\laragon\www\sme-facility-mysql\vendor\laravel\framework\src\Illuminate\Routing\Router.php(821): Illuminate\Pipeline\Pipeline-&gt;then(Object(Closure))
#44 F:\laragon\www\sme-facility-mysql\vendor\laravel\framework\src\Illuminate\Routing\Router.php(800): Illuminate\Routing\Router-&gt;runRouteWithinStack(Object(Illuminate\Routing\Route), Object(Illuminate\Http\Request))
#45 F:\laragon\www\sme-facility-mysql\vendor\laravel\framework\src\Illuminate\Routing\Router.php(764): Illuminate\Routing\Router-&gt;runRoute(Object(Illuminate\Http\Request), Object(Illuminate\Routing\Route))
#46 F:\laragon\www\sme-facility-mysql\vendor\laravel\framework\src\Illuminate\Routing\Router.php(753): Illuminate\Routing\Router-&gt;dispatchToRoute(Object(Illuminate\Http\Request))
#47 F:\laragon\www\sme-facility-mysql\vendor\laravel\framework\src\Illuminate\Foundation\Http\Kernel.php(200): Illuminate\Routing\Router-&gt;dispatch(Object(Illuminate\Http\Request))
#48 F:\laragon\www\sme-facility-mysql\vendor\laravel\framework\src\Illuminate\Pipeline\Pipeline.php(180): Illuminate\Foundation\Http\Kernel-&gt;Illuminate\Foundation\Http\{closure}(Object(Illuminate\Http\Request))
#49 F:\laragon\www\sme-facility-mysql\vendor\barryvdh\laravel-debugbar\src\Middleware\InjectDebugbar.php(59): Illuminate\Pipeline\Pipeline-&gt;Illuminate\Pipeline\{closure}(Object(Illuminate\Http\Request))
#50 F:\laragon\www\sme-facility-mysql\vendor\laravel\framework\src\Illuminate\Pipeline\Pipeline.php(219): Barryvdh\Debugbar\Middleware\InjectDebugbar-&gt;handle(Object(Illuminate\Http\Request), Object(Closure))
#51 F:\laragon\www\sme-facility-mysql\vendor\laravel\framework\src\Illuminate\Foundation\Http\Middleware\TransformsRequest.php(21): Illuminate\Pipeline\Pipeline-&gt;Illuminate\Pipeline\{closure}(Object(Illuminate\Http\Request))
#52 F:\laragon\www\sme-facility-mysql\vendor\laravel\framework\src\Illuminate\Foundation\Http\Middleware\ConvertEmptyStringsToNull.php(31): Illuminate\Foundation\Http\Middleware\TransformsRequest-&gt;handle(Object(Illuminate\Http\Request), Object(Closure))
#53 F:\laragon\www\sme-facility-mysql\vendor\laravel\framework\src\Illuminate\Pipeline\Pipeline.php(219): Illuminate\Foundation\Http\Middleware\ConvertEmptyStringsToNull-&gt;handle(Object(Illuminate\Http\Request), Object(Closure))
#54 F:\laragon\www\sme-facility-mysql\vendor\laravel\framework\src\Illuminate\Foundation\Http\Middleware\TransformsRequest.php(21): Illuminate\Pipeline\Pipeline-&gt;Illuminate\Pipeline\{closure}(Object(Illuminate\Http\Request))
#55 F:\laragon\www\sme-facility-mysql\vendor\laravel\framework\src\Illuminate\Foundation\Http\Middleware\TrimStrings.php(51): Illuminate\Foundation\Http\Middleware\TransformsRequest-&gt;handle(Object(Illuminate\Http\Request), Object(Closure))
#56 F:\laragon\www\sme-facility-mysql\vendor\laravel\framework\src\Illuminate\Pipeline\Pipeline.php(219): Illuminate\Foundation\Http\Middleware\TrimStrings-&gt;handle(Object(Illuminate\Http\Request), Object(Closure))
#57 F:\laragon\www\sme-facility-mysql\vendor\laravel\framework\src\Illuminate\Http\Middleware\ValidatePostSize.php(27): Illuminate\Pipeline\Pipeline-&gt;Illuminate\Pipeline\{closure}(Object(Illuminate\Http\Request))
#58 F:\laragon\www\sme-facility-mysql\vendor\laravel\framework\src\Illuminate\Pipeline\Pipeline.php(219): Illuminate\Http\Middleware\ValidatePostSize-&gt;handle(Object(Illuminate\Http\Request), Object(Closure))
#59 F:\laragon\www\sme-facility-mysql\vendor\laravel\framework\src\Illuminate\Foundation\Http\Middleware\PreventRequestsDuringMaintenance.php(109): Illuminate\Pipeline\Pipeline-&gt;Illuminate\Pipeline\{closure}(Object(Illuminate\Http\Request))
#60 F:\laragon\www\sme-facility-mysql\vendor\laravel\framework\src\Illuminate\Pipeline\Pipeline.php(219): Illuminate\Foundation\Http\Middleware\PreventRequestsDuringMaintenance-&gt;handle(Object(Illuminate\Http\Request), Object(Closure))
#61 F:\laragon\www\sme-facility-mysql\vendor\laravel\framework\src\Illuminate\Http\Middleware\HandleCors.php(61): Illuminate\Pipeline\Pipeline-&gt;Illuminate\Pipeline\{closure}(Object(Illuminate\Http\Request))
#62 F:\laragon\www\sme-facility-mysql\vendor\laravel\framework\src\Illuminate\Pipeline\Pipeline.php(219): Illuminate\Http\Middleware\HandleCors-&gt;handle(Object(Illuminate\Http\Request), Object(Closure))
#63 F:\laragon\www\sme-facility-mysql\vendor\laravel\framework\src\Illuminate\Http\Middleware\TrustProxies.php(58): Illuminate\Pipeline\Pipeline-&gt;Illuminate\Pipeline\{closure}(Object(Illuminate\Http\Request))
#64 F:\laragon\www\sme-facility-mysql\vendor\laravel\framework\src\Illuminate\Pipeline\Pipeline.php(219): Illuminate\Http\Middleware\TrustProxies-&gt;handle(Object(Illuminate\Http\Request), Object(Closure))
#65 F:\laragon\www\sme-facility-mysql\vendor\laravel\framework\src\Illuminate\Foundation\Http\Middleware\InvokeDeferredCallbacks.php(22): Illuminate\Pipeline\Pipeline-&gt;Illuminate\Pipeline\{closure}(Object(Illuminate\Http\Request))
#66 F:\laragon\www\sme-facility-mysql\vendor\laravel\framework\src\Illuminate\Pipeline\Pipeline.php(219): Illuminate\Foundation\Http\Middleware\InvokeDeferredCallbacks-&gt;handle(Object(Illuminate\Http\Request), Object(Closure))
#67 F:\laragon\www\sme-facility-mysql\vendor\laravel\framework\src\Illuminate\Http\Middleware\ValidatePathEncoding.php(26): Illuminate\Pipeline\Pipeline-&gt;Illuminate\Pipeline\{closure}(Object(Illuminate\Http\Request))
#68 F:\laragon\www\sme-facility-mysql\vendor\laravel\framework\src\Illuminate\Pipeline\Pipeline.php(219): Illuminate\Http\Middleware\ValidatePathEncoding-&gt;handle(Object(Illuminate\Http\Request), Object(Closure))
#69 F:\laragon\www\sme-facility-mysql\vendor\laravel\framework\src\Illuminate\Pipeline\Pipeline.php(137): Illuminate\Pipeline\Pipeline-&gt;Illuminate\Pipeline\{closure}(Object(Illuminate\Http\Request))
#70 F:\laragon\www\sme-facility-mysql\vendor\laravel\framework\src\Illuminate\Foundation\Http\Kernel.php(175): Illuminate\Pipeline\Pipeline-&gt;then(Object(Closure))
#71 F:\laragon\www\sme-facility-mysql\vendor\laravel\framework\src\Illuminate\Foundation\Http\Kernel.php(144): Illuminate\Foundation\Http\Kernel-&gt;sendRequestThroughRouter(Object(Illuminate\Http\Request))
#72 F:\laragon\www\sme-facility-mysql\vendor\laravel\framework\src\Illuminate\Foundation\Testing\Concerns\MakesHttpRequests.php(607): Illuminate\Foundation\Http\Kernel-&gt;handle(Object(Illuminate\Http\Request))
#73 F:\laragon\www\sme-facility-mysql\vendor\laravel\framework\src\Illuminate\Foundation\Testing\Concerns\MakesHttpRequests.php(397): Illuminate\Foundation\Testing\TestCase-&gt;call('POST', 'http://test.loc...', Array, Array, Array, Array)
#74 F:\laragon\www\sme-facility-mysql\tests\TenantTestCase.php(102): Illuminate\Foundation\Testing\TestCase-&gt;post('http://test.loc...', Array, Array)
#75 F:\laragon\www\sme-facility-mysql\tests\Tenant\Users\UserTest.php(88): Tests\TenantTestCase-&gt;postToTenant('api.users.store', Array)
#76 F:\laragon\www\sme-facility-mysql\vendor\pestphp\pest\src\Factories\TestCaseMethodFactory.php(168): P\Tests\Tenant\Users\UserTest-&gt;{closure}()
#77 [internal function]: P\Tests\Tenant\Users\UserTest-&gt;Pest\Factories\{closure}()
#78 F:\laragon\www\sme-facility-mysql\vendor\pestphp\pest\src\Concerns\Testable.php(419): call_user_func_array(Object(Closure), Array)
#79 F:\laragon\www\sme-facility-mysql\vendor\pestphp\pest\src\Support\ExceptionTrace.php(26): P\Tests\Tenant\Users\UserTest-&gt;Pest\Concerns\{closure}()
#80 F:\laragon\www\sme-facility-mysql\vendor\pestphp\pest\src\Concerns\Testable.php(419): Pest\Support\ExceptionTrace::ensure(Object(Closure))
#81 F:\laragon\www\sme-facility-mysql\vendor\pestphp\pest\src\Concerns\Testable.php(321): P\Tests\Tenant\Users\UserTest-&gt;__callClosure(Object(Closure), Array)
#82 F:\laragon\www\sme-facility-mysql\vendor\pestphp\pest\src\Factories\TestCaseFactory.php(169) : eval()'d code(62): P\Tests\Tenant\Users\UserTest-&gt;__runTest(Object(Closure))
#83 F:\laragon\www\sme-facility-mysql\vendor\phpunit\phpunit\src\Framework\TestCase.php(1656): P\Tests\Tenant\Users\UserTest-&gt;__pest_evaluable_it_can_post_a_new__loginable__user()
#84 F:\laragon\www\sme-facility-mysql\vendor\phpunit\phpunit\src\Framework\TestCase.php(514): PHPUnit\Framework\TestCase-&gt;runTest()
#85 F:\laragon\www\sme-facility-mysql\vendor\phpunit\phpunit\src\Framework\TestRunner\TestRunner.php(87): PHPUnit\Framework\TestCase-&gt;runBare()
#86 F:\laragon\www\sme-facility-mysql\vendor\phpunit\phpunit\src\Framework\TestCase.php(361): PHPUnit\Framework\TestRunner-&gt;run(Object(P\Tests\Tenant\Users\UserTest))
#87 F:\laragon\www\sme-facility-mysql\vendor\phpunit\phpunit\src\Framework\TestSuite.php(369): PHPUnit\Framework\TestCase-&gt;run()
#88 F:\laragon\www\sme-facility-mysql\vendor\phpunit\phpunit\src\Framework\TestSuite.php(369): PHPUnit\Framework\TestSuite-&gt;run()
#89 F:\laragon\www\sme-facility-mysql\vendor\phpunit\phpunit\src\TextUI\TestRunner.php(64): PHPUnit\Framework\TestSuite-&gt;run()
#90 F:\laragon\www\sme-facility-mysql\vendor\phpunit\phpunit\src\TextUI\Application.php(211): PHPUnit\TextUI\TestRunner-&gt;run(Object(PHPUnit\TextUI\Configuration\Configuration), Object(PHPUnit\Runner\ResultCache\DefaultResultCache), Object(PHPUnit\Framework\TestSuite))
#91 F:\laragon\www\sme-facility-mysql\vendor\pestphp\pest\src\Kernel.php(103): PHPUnit\TextUI\Application-&gt;run(Array)
#92 F:\laragon\www\sme-facility-mysql\vendor\pestphp\pest\bin\pest(184): Pest\Kernel-&gt;handle(Array, Array)
#93 F:\laragon\www\sme-facility-mysql\vendor\pestphp\pest\bin\pest(192): {closure}()
#94 {main}

----------------------------------------------------------------------------------

Cannot use object of type Illuminate\Http\Testing\File as array&#13;
&#13;
at vendor\laravel\framework\src\Illuminate\Testing\TestResponseAssert.php:45
at vendor\laravel\framework\src\Illuminate\Testing\TestResponse.php:174
at tests\Tenant\Users\UserTest.php:89</failure>
      </testcase>
      <testcase name="it can post a new &quot;non loginable&quot; user and attach a provider" file="tests\Tenant\Users\UserTest.php::it can post a new &quot;non loginable&quot; user and attach a provider" class="Tests\Tenant\Users\UserTest" classname="Tests.Tenant.Users.UserTest" assertions="4" time="0.836173"/>
      <testcase name="it can update an existing user" file="tests\Tenant\Users\UserTest.php::it can update an existing user" class="Tests\Tenant\Users\UserTest" classname="Tests.Tenant.Users.UserTest" assertions="4" time="0.824160"/>
      <testcase name="it can update the role of an existing user" file="tests\Tenant\Users\UserTest.php::it can update the role of an existing user" class="Tests\Tenant\Users\UserTest" classname="Tests.Tenant.Users.UserTest" assertions="5" time="0.768924"/>
      <testcase name="it can delete an existing user" file="tests\Tenant\Users\UserTest.php::it can delete an existing user" class="Tests\Tenant\Users\UserTest" classname="Tests.Tenant.Users.UserTest" assertions="3" time="0.781594"/>
    </testsuite>
  </testsuite>
</testsuites>
