<?xml version="1.0" encoding="UTF-8"?>
<testsuites>
  <testsuite name="CLI Arguments" tests="1565" assertions="5191" errors="0" failures="9" skipped="0" time="2789.104424">
    <testsuite name="Tests\Tenant\Notifications\Assets\AssetDepreciationNotificationsTest" file="tests\Tenant\Notifications\Assets\AssetDepreciationNotificationsTest.php" tests="23" assertions="84" errors="0" failures="0" skipped="0" time="38.750249">
      <testcase name="it creates depreciation notification for admin &amp; maintenance manager for a new created asset" file="tests\Tenant\Notifications\Assets\AssetDepreciationNotificationsTest.php::it creates depreciation notification for admin &amp; maintenance manager for a new created asset" class="Tests\Tenant\Notifications\Assets\AssetDepreciationNotificationsTest" classname="Tests.Tenant.Notifications.Assets.AssetDepreciationNotificationsTest" assertions="3" time="1.831931"/>
      <testcase name="it creates a depreciation notification for admin &amp; maintenance manager if scheduled_at if depreciation_end_date &gt; today" file="tests\Tenant\Notifications\Assets\AssetDepreciationNotificationsTest.php::it creates a depreciation notification for admin &amp; maintenance manager if scheduled_at if depreciation_end_date &gt; today" class="Tests\Tenant\Notifications\Assets\AssetDepreciationNotificationsTest" classname="Tests.Tenant.Notifications.Assets.AssetDepreciationNotificationsTest" assertions="3" time="1.703920"/>
      <testcase name="it does not create a depreciation notification if depreciation_end_date is today or in the past" file="tests\Tenant\Notifications\Assets\AssetDepreciationNotificationsTest.php::it does not create a depreciation notification if depreciation_end_date is today or in the past" class="Tests\Tenant\Notifications\Assets\AssetDepreciationNotificationsTest" classname="Tests.Tenant.Notifications.Assets.AssetDepreciationNotificationsTest" assertions="1" time="1.104411"/>
      <testcase name="it creates depreciation notification when depreciable passes from false to true" file="tests\Tenant\Notifications\Assets\AssetDepreciationNotificationsTest.php::it creates depreciation notification when depreciable passes from false to true" class="Tests\Tenant\Notifications\Assets\AssetDepreciationNotificationsTest" classname="Tests.Tenant.Notifications.Assets.AssetDepreciationNotificationsTest" assertions="6" time="1.553968"/>
      <testcase name="it updates depreciation notification when depreciable_end_date changes" file="tests\Tenant\Notifications\Assets\AssetDepreciationNotificationsTest.php::it updates depreciation notification when depreciable_end_date changes" class="Tests\Tenant\Notifications\Assets\AssetDepreciationNotificationsTest" classname="Tests.Tenant.Notifications.Assets.AssetDepreciationNotificationsTest" assertions="8" time="1.694020"/>
      <testcase name="it deletes depreciation notification when depreciable passes from true to false and status is `pending`" file="tests\Tenant\Notifications\Assets\AssetDepreciationNotificationsTest.php::it deletes depreciation notification when depreciable passes from true to false and status is `pending`" class="Tests\Tenant\Notifications\Assets\AssetDepreciationNotificationsTest" classname="Tests.Tenant.Notifications.Assets.AssetDepreciationNotificationsTest" assertions="6" time="1.649508"/>
      <testcase name="it does not delete depreciation notification when depreciable passes from true to false and notification has status `sent`" file="tests\Tenant\Notifications\Assets\AssetDepreciationNotificationsTest.php::it does not delete depreciation notification when depreciable passes from true to false and notification has status `sent`" class="Tests\Tenant\Notifications\Assets\AssetDepreciationNotificationsTest" classname="Tests.Tenant.Notifications.Assets.AssetDepreciationNotificationsTest" assertions="6" time="1.677769"/>
      <testcase name="it creates depreciation notification when maintenance manager is defined when creating asset" file="tests\Tenant\Notifications\Assets\AssetDepreciationNotificationsTest.php::it creates depreciation notification when maintenance manager is defined when creating asset" class="Tests\Tenant\Notifications\Assets\AssetDepreciationNotificationsTest" classname="Tests.Tenant.Notifications.Assets.AssetDepreciationNotificationsTest" assertions="3" time="1.672835"/>
      <testcase name="it creates notification for maintenance manager when maintenance manager is added to an asset" file="tests\Tenant\Notifications\Assets\AssetDepreciationNotificationsTest.php::it creates notification for maintenance manager when maintenance manager is added to an asset" class="Tests\Tenant\Notifications\Assets\AssetDepreciationNotificationsTest" classname="Tests.Tenant.Notifications.Assets.AssetDepreciationNotificationsTest" assertions="3" time="1.727398"/>
      <testcase name="it deletes depreciation notification when maintenance manager is removed from the asset if status is `pending`" file="tests\Tenant\Notifications\Assets\AssetDepreciationNotificationsTest.php::it deletes depreciation notification when maintenance manager is removed from the asset if status is `pending`" class="Tests\Tenant\Notifications\Assets\AssetDepreciationNotificationsTest" classname="Tests.Tenant.Notifications.Assets.AssetDepreciationNotificationsTest" assertions="3" time="1.712304"/>
      <testcase name="it does not delete depreciation notification when maintenance manager is removed from the asset if status is `sent`" file="tests\Tenant\Notifications\Assets\AssetDepreciationNotificationsTest.php::it does not delete depreciation notification when maintenance manager is removed from the asset if status is `sent`" class="Tests\Tenant\Notifications\Assets\AssetDepreciationNotificationsTest" classname="Tests.Tenant.Notifications.Assets.AssetDepreciationNotificationsTest" assertions="3" time="1.637301"/>
      <testcase name="it removes old maintenance manager depreciation notification when new one is added" file="tests\Tenant\Notifications\Assets\AssetDepreciationNotificationsTest.php::it removes old maintenance manager depreciation notification when new one is added" class="Tests\Tenant\Notifications\Assets\AssetDepreciationNotificationsTest" classname="Tests.Tenant.Notifications.Assets.AssetDepreciationNotificationsTest" assertions="3" time="1.761711"/>
      <testcase name="it creates depreciation notification when maintenance manager is replaced in an asset" file="tests\Tenant\Notifications\Assets\AssetDepreciationNotificationsTest.php::it creates depreciation notification when maintenance manager is replaced in an asset" class="Tests\Tenant\Notifications\Assets\AssetDepreciationNotificationsTest" classname="Tests.Tenant.Notifications.Assets.AssetDepreciationNotificationsTest" assertions="3" time="1.752209"/>
      <testcase name="it updates notifications when notification preference depreciation_end_date of user changes" file="tests\Tenant\Notifications\Assets\AssetDepreciationNotificationsTest.php::it updates notifications when notification preference depreciation_end_date of user changes" class="Tests\Tenant\Notifications\Assets\AssetDepreciationNotificationsTest" classname="Tests.Tenant.Notifications.Assets.AssetDepreciationNotificationsTest" assertions="4" time="1.634129"/>
      <testcase name="it deletes notifications when notification preference depreciation_end_date of user is disabled and status is `pending`" file="tests\Tenant\Notifications\Assets\AssetDepreciationNotificationsTest.php::it deletes notifications when notification preference depreciation_end_date of user is disabled and status is `pending`" class="Tests\Tenant\Notifications\Assets\AssetDepreciationNotificationsTest" classname="Tests.Tenant.Notifications.Assets.AssetDepreciationNotificationsTest" assertions="3" time="1.592732"/>
      <testcase name="it does not delete depreciation notifications when notification preference depreciation_end_date of user is disabled and status is `sent`" file="tests\Tenant\Notifications\Assets\AssetDepreciationNotificationsTest.php::it does not delete depreciation notifications when notification preference depreciation_end_date of user is disabled and status is `sent`" class="Tests\Tenant\Notifications\Assets\AssetDepreciationNotificationsTest" classname="Tests.Tenant.Notifications.Assets.AssetDepreciationNotificationsTest" assertions="3" time="1.154634"/>
      <testcase name="it creates depreciation notifications for admin when notification preference depreciation_end_date of user is enabled for depreciation_end_date &gt; today" file="tests\Tenant\Notifications\Assets\AssetDepreciationNotificationsTest.php::it creates depreciation notifications for admin when notification preference depreciation_end_date of user is enabled for depreciation_end_date &gt; today" class="Tests\Tenant\Notifications\Assets\AssetDepreciationNotificationsTest" classname="Tests.Tenant.Notifications.Assets.AssetDepreciationNotificationsTest" assertions="4" time="1.614943"/>
      <testcase name="it creates depreciation notifications for maintenance manager when notification preference depreciation_end_date of user is enabled for depreciation_end_date &gt; today" file="tests\Tenant\Notifications\Assets\AssetDepreciationNotificationsTest.php::it creates depreciation notifications for maintenance manager when notification preference depreciation_end_date of user is enabled for depreciation_end_date &gt; today" class="Tests\Tenant\Notifications\Assets\AssetDepreciationNotificationsTest" classname="Tests.Tenant.Notifications.Assets.AssetDepreciationNotificationsTest" assertions="5" time="1.715971"/>
      <testcase name="it creates depreciation notifications for a new created user with admin role and only for not soft deleted assets" file="tests\Tenant\Notifications\Assets\AssetDepreciationNotificationsTest.php::it creates depreciation notifications for a new created user with admin role and only for not soft deleted assets" class="Tests\Tenant\Notifications\Assets\AssetDepreciationNotificationsTest" classname="Tests.Tenant.Notifications.Assets.AssetDepreciationNotificationsTest" assertions="2" time="1.879236"/>
      <testcase name="it creates depreciation notifications when the role of a maintenance manager changes to admin" file="tests\Tenant\Notifications\Assets\AssetDepreciationNotificationsTest.php::it creates depreciation notifications when the role of a maintenance manager changes to admin" class="Tests\Tenant\Notifications\Assets\AssetDepreciationNotificationsTest" classname="Tests.Tenant.Notifications.Assets.AssetDepreciationNotificationsTest" assertions="4" time="1.833878"/>
      <testcase name="it deletes depreciation notifications when the role of an admin changes to maintenance manager" file="tests\Tenant\Notifications\Assets\AssetDepreciationNotificationsTest.php::it deletes depreciation notifications when the role of an admin changes to maintenance manager" class="Tests\Tenant\Notifications\Assets\AssetDepreciationNotificationsTest" classname="Tests.Tenant.Notifications.Assets.AssetDepreciationNotificationsTest" assertions="2" time="2.023618"/>
      <testcase name="it deletes depreciation notifications when the role of an admin changes to maintenance manager for assets only where he is not maintenance manager" file="tests\Tenant\Notifications\Assets\AssetDepreciationNotificationsTest.php::it deletes depreciation notifications when the role of an admin changes to maintenance manager for assets only where he is not maintenance manager" class="Tests\Tenant\Notifications\Assets\AssetDepreciationNotificationsTest" classname="Tests.Tenant.Notifications.Assets.AssetDepreciationNotificationsTest" assertions="4" time="1.948500"/>
      <testcase name="it deletes depreciation notifications when a user is deleted" file="tests\Tenant\Notifications\Assets\AssetDepreciationNotificationsTest.php::it deletes depreciation notifications when a user is deleted" class="Tests\Tenant\Notifications\Assets\AssetDepreciationNotificationsTest" classname="Tests.Tenant.Notifications.Assets.AssetDepreciationNotificationsTest" assertions="2" time="1.873323"/>
    </testsuite>
    <testsuite name="Tests\Tenant\Notifications\Assets\AssetMaintenanceManagerNotificationsTest" file="tests\Tenant\Notifications\Assets\AssetMaintenanceManagerNotificationsTest.php" tests="32" assertions="232" errors="0" failures="0" skipped="0" time="55.340252">
      <testsuite name="it creates notification when adding maintenance manager to existing asset without maintenance manager" tests="8" assertions="40" errors="0" failures="0" skipped="0" time="14.501019">
        <testcase name="it creates notification when adding maintenance manager to existing asset without maintenance manager with data set &quot;('daily')&quot;" file="tests\Tenant\Notifications\Assets\AssetMaintenanceManagerNotificationsTest.php::it creates notification when adding maintenance manager to existing asset without maintenance manager with data set &quot;('daily')&quot;" class="Tests\Tenant\Notifications\Assets\AssetMaintenanceManagerNotificationsTest" classname="Tests.Tenant.Notifications.Assets.AssetMaintenanceManagerNotificationsTest" assertions="5" time="1.706379"/>
        <testcase name="it creates notification when adding maintenance manager to existing asset without maintenance manager with data set &quot;('weekly')&quot;" file="tests\Tenant\Notifications\Assets\AssetMaintenanceManagerNotificationsTest.php::it creates notification when adding maintenance manager to existing asset without maintenance manager with data set &quot;('weekly')&quot;" class="Tests\Tenant\Notifications\Assets\AssetMaintenanceManagerNotificationsTest" classname="Tests.Tenant.Notifications.Assets.AssetMaintenanceManagerNotificationsTest" assertions="5" time="1.768044"/>
        <testcase name="it creates notification when adding maintenance manager to existing asset without maintenance manager with data set &quot;('bimonthly')&quot;" file="tests\Tenant\Notifications\Assets\AssetMaintenanceManagerNotificationsTest.php::it creates notification when adding maintenance manager to existing asset without maintenance manager with data set &quot;('bimonthly')&quot;" class="Tests\Tenant\Notifications\Assets\AssetMaintenanceManagerNotificationsTest" classname="Tests.Tenant.Notifications.Assets.AssetMaintenanceManagerNotificationsTest" assertions="5" time="1.698929"/>
        <testcase name="it creates notification when adding maintenance manager to existing asset without maintenance manager with data set &quot;('monthly')&quot;" file="tests\Tenant\Notifications\Assets\AssetMaintenanceManagerNotificationsTest.php::it creates notification when adding maintenance manager to existing asset without maintenance manager with data set &quot;('monthly')&quot;" class="Tests\Tenant\Notifications\Assets\AssetMaintenanceManagerNotificationsTest" classname="Tests.Tenant.Notifications.Assets.AssetMaintenanceManagerNotificationsTest" assertions="5" time="1.996826"/>
        <testcase name="it creates notification when adding maintenance manager to existing asset without maintenance manager with data set &quot;('quarterly')&quot;" file="tests\Tenant\Notifications\Assets\AssetMaintenanceManagerNotificationsTest.php::it creates notification when adding maintenance manager to existing asset without maintenance manager with data set &quot;('quarterly')&quot;" class="Tests\Tenant\Notifications\Assets\AssetMaintenanceManagerNotificationsTest" classname="Tests.Tenant.Notifications.Assets.AssetMaintenanceManagerNotificationsTest" assertions="5" time="1.979808"/>
        <testcase name="it creates notification when adding maintenance manager to existing asset without maintenance manager with data set &quot;('biannual')&quot;" file="tests\Tenant\Notifications\Assets\AssetMaintenanceManagerNotificationsTest.php::it creates notification when adding maintenance manager to existing asset without maintenance manager with data set &quot;('biannual')&quot;" class="Tests\Tenant\Notifications\Assets\AssetMaintenanceManagerNotificationsTest" classname="Tests.Tenant.Notifications.Assets.AssetMaintenanceManagerNotificationsTest" assertions="5" time="1.777350"/>
        <testcase name="it creates notification when adding maintenance manager to existing asset without maintenance manager with data set &quot;('annual')&quot;" file="tests\Tenant\Notifications\Assets\AssetMaintenanceManagerNotificationsTest.php::it creates notification when adding maintenance manager to existing asset without maintenance manager with data set &quot;('annual')&quot;" class="Tests\Tenant\Notifications\Assets\AssetMaintenanceManagerNotificationsTest" classname="Tests.Tenant.Notifications.Assets.AssetMaintenanceManagerNotificationsTest" assertions="5" time="1.830104"/>
        <testcase name="it creates notification when adding maintenance manager to existing asset without maintenance manager with data set &quot;('biennial')&quot;" file="tests\Tenant\Notifications\Assets\AssetMaintenanceManagerNotificationsTest.php::it creates notification when adding maintenance manager to existing asset without maintenance manager with data set &quot;('biennial')&quot;" class="Tests\Tenant\Notifications\Assets\AssetMaintenanceManagerNotificationsTest" classname="Tests.Tenant.Notifications.Assets.AssetMaintenanceManagerNotificationsTest" assertions="5" time="1.743578"/>
      </testsuite>
      <testsuite name="it creates notification when replacing maintenance manager for the asset and removes notifications for old maintenance manager" tests="8" assertions="56" errors="0" failures="0" skipped="0" time="13.320867">
        <testcase name="it creates notification when replacing maintenance manager for the asset and removes notifications for old maintenance manager with data set &quot;('daily')&quot;" file="tests\Tenant\Notifications\Assets\AssetMaintenanceManagerNotificationsTest.php::it creates notification when replacing maintenance manager for the asset and removes notifications for old maintenance manager with data set &quot;('daily')&quot;" class="Tests\Tenant\Notifications\Assets\AssetMaintenanceManagerNotificationsTest" classname="Tests.Tenant.Notifications.Assets.AssetMaintenanceManagerNotificationsTest" assertions="7" time="1.762649"/>
        <testcase name="it creates notification when replacing maintenance manager for the asset and removes notifications for old maintenance manager with data set &quot;('weekly')&quot;" file="tests\Tenant\Notifications\Assets\AssetMaintenanceManagerNotificationsTest.php::it creates notification when replacing maintenance manager for the asset and removes notifications for old maintenance manager with data set &quot;('weekly')&quot;" class="Tests\Tenant\Notifications\Assets\AssetMaintenanceManagerNotificationsTest" classname="Tests.Tenant.Notifications.Assets.AssetMaintenanceManagerNotificationsTest" assertions="7" time="1.752141"/>
        <testcase name="it creates notification when replacing maintenance manager for the asset and removes notifications for old maintenance manager with data set &quot;('bimonthly')&quot;" file="tests\Tenant\Notifications\Assets\AssetMaintenanceManagerNotificationsTest.php::it creates notification when replacing maintenance manager for the asset and removes notifications for old maintenance manager with data set &quot;('bimonthly')&quot;" class="Tests\Tenant\Notifications\Assets\AssetMaintenanceManagerNotificationsTest" classname="Tests.Tenant.Notifications.Assets.AssetMaintenanceManagerNotificationsTest" assertions="7" time="1.353772"/>
        <testcase name="it creates notification when replacing maintenance manager for the asset and removes notifications for old maintenance manager with data set &quot;('monthly')&quot;" file="tests\Tenant\Notifications\Assets\AssetMaintenanceManagerNotificationsTest.php::it creates notification when replacing maintenance manager for the asset and removes notifications for old maintenance manager with data set &quot;('monthly')&quot;" class="Tests\Tenant\Notifications\Assets\AssetMaintenanceManagerNotificationsTest" classname="Tests.Tenant.Notifications.Assets.AssetMaintenanceManagerNotificationsTest" assertions="7" time="1.724886"/>
        <testcase name="it creates notification when replacing maintenance manager for the asset and removes notifications for old maintenance manager with data set &quot;('quarterly')&quot;" file="tests\Tenant\Notifications\Assets\AssetMaintenanceManagerNotificationsTest.php::it creates notification when replacing maintenance manager for the asset and removes notifications for old maintenance manager with data set &quot;('quarterly')&quot;" class="Tests\Tenant\Notifications\Assets\AssetMaintenanceManagerNotificationsTest" classname="Tests.Tenant.Notifications.Assets.AssetMaintenanceManagerNotificationsTest" assertions="7" time="1.798898"/>
        <testcase name="it creates notification when replacing maintenance manager for the asset and removes notifications for old maintenance manager with data set &quot;('biannual')&quot;" file="tests\Tenant\Notifications\Assets\AssetMaintenanceManagerNotificationsTest.php::it creates notification when replacing maintenance manager for the asset and removes notifications for old maintenance manager with data set &quot;('biannual')&quot;" class="Tests\Tenant\Notifications\Assets\AssetMaintenanceManagerNotificationsTest" classname="Tests.Tenant.Notifications.Assets.AssetMaintenanceManagerNotificationsTest" assertions="7" time="1.499915"/>
        <testcase name="it creates notification when replacing maintenance manager for the asset and removes notifications for old maintenance manager with data set &quot;('annual')&quot;" file="tests\Tenant\Notifications\Assets\AssetMaintenanceManagerNotificationsTest.php::it creates notification when replacing maintenance manager for the asset and removes notifications for old maintenance manager with data set &quot;('annual')&quot;" class="Tests\Tenant\Notifications\Assets\AssetMaintenanceManagerNotificationsTest" classname="Tests.Tenant.Notifications.Assets.AssetMaintenanceManagerNotificationsTest" assertions="7" time="1.730342"/>
        <testcase name="it creates notification when replacing maintenance manager for the asset and removes notifications for old maintenance manager with data set &quot;('biennial')&quot;" file="tests\Tenant\Notifications\Assets\AssetMaintenanceManagerNotificationsTest.php::it creates notification when replacing maintenance manager for the asset and removes notifications for old maintenance manager with data set &quot;('biennial')&quot;" class="Tests\Tenant\Notifications\Assets\AssetMaintenanceManagerNotificationsTest" classname="Tests.Tenant.Notifications.Assets.AssetMaintenanceManagerNotificationsTest" assertions="7" time="1.698264"/>
      </testsuite>
      <testsuite name="it deletes notification when removing maintenance_manager from existing asset" tests="8" assertions="64" errors="0" failures="0" skipped="0" time="14.027129">
        <testcase name="it deletes notification when removing maintenance_manager from existing asset with data set &quot;('daily')&quot;" file="tests\Tenant\Notifications\Assets\AssetMaintenanceManagerNotificationsTest.php::it deletes notification when removing maintenance_manager from existing asset with data set &quot;('daily')&quot;" class="Tests\Tenant\Notifications\Assets\AssetMaintenanceManagerNotificationsTest" classname="Tests.Tenant.Notifications.Assets.AssetMaintenanceManagerNotificationsTest" assertions="8" time="1.715654"/>
        <testcase name="it deletes notification when removing maintenance_manager from existing asset with data set &quot;('weekly')&quot;" file="tests\Tenant\Notifications\Assets\AssetMaintenanceManagerNotificationsTest.php::it deletes notification when removing maintenance_manager from existing asset with data set &quot;('weekly')&quot;" class="Tests\Tenant\Notifications\Assets\AssetMaintenanceManagerNotificationsTest" classname="Tests.Tenant.Notifications.Assets.AssetMaintenanceManagerNotificationsTest" assertions="8" time="1.806675"/>
        <testcase name="it deletes notification when removing maintenance_manager from existing asset with data set &quot;('bimonthly')&quot;" file="tests\Tenant\Notifications\Assets\AssetMaintenanceManagerNotificationsTest.php::it deletes notification when removing maintenance_manager from existing asset with data set &quot;('bimonthly')&quot;" class="Tests\Tenant\Notifications\Assets\AssetMaintenanceManagerNotificationsTest" classname="Tests.Tenant.Notifications.Assets.AssetMaintenanceManagerNotificationsTest" assertions="8" time="1.665191"/>
        <testcase name="it deletes notification when removing maintenance_manager from existing asset with data set &quot;('monthly')&quot;" file="tests\Tenant\Notifications\Assets\AssetMaintenanceManagerNotificationsTest.php::it deletes notification when removing maintenance_manager from existing asset with data set &quot;('monthly')&quot;" class="Tests\Tenant\Notifications\Assets\AssetMaintenanceManagerNotificationsTest" classname="Tests.Tenant.Notifications.Assets.AssetMaintenanceManagerNotificationsTest" assertions="8" time="1.666791"/>
        <testcase name="it deletes notification when removing maintenance_manager from existing asset with data set &quot;('quarterly')&quot;" file="tests\Tenant\Notifications\Assets\AssetMaintenanceManagerNotificationsTest.php::it deletes notification when removing maintenance_manager from existing asset with data set &quot;('quarterly')&quot;" class="Tests\Tenant\Notifications\Assets\AssetMaintenanceManagerNotificationsTest" classname="Tests.Tenant.Notifications.Assets.AssetMaintenanceManagerNotificationsTest" assertions="8" time="1.832123"/>
        <testcase name="it deletes notification when removing maintenance_manager from existing asset with data set &quot;('biannual')&quot;" file="tests\Tenant\Notifications\Assets\AssetMaintenanceManagerNotificationsTest.php::it deletes notification when removing maintenance_manager from existing asset with data set &quot;('biannual')&quot;" class="Tests\Tenant\Notifications\Assets\AssetMaintenanceManagerNotificationsTest" classname="Tests.Tenant.Notifications.Assets.AssetMaintenanceManagerNotificationsTest" assertions="8" time="1.793084"/>
        <testcase name="it deletes notification when removing maintenance_manager from existing asset with data set &quot;('annual')&quot;" file="tests\Tenant\Notifications\Assets\AssetMaintenanceManagerNotificationsTest.php::it deletes notification when removing maintenance_manager from existing asset with data set &quot;('annual')&quot;" class="Tests\Tenant\Notifications\Assets\AssetMaintenanceManagerNotificationsTest" classname="Tests.Tenant.Notifications.Assets.AssetMaintenanceManagerNotificationsTest" assertions="8" time="1.786906"/>
        <testcase name="it deletes notification when removing maintenance_manager from existing asset with data set &quot;('biennial')&quot;" file="tests\Tenant\Notifications\Assets\AssetMaintenanceManagerNotificationsTest.php::it deletes notification when removing maintenance_manager from existing asset with data set &quot;('biennial')&quot;" class="Tests\Tenant\Notifications\Assets\AssetMaintenanceManagerNotificationsTest" classname="Tests.Tenant.Notifications.Assets.AssetMaintenanceManagerNotificationsTest" assertions="8" time="1.760705"/>
      </testsuite>
      <testsuite name="it deletes only pending notification when removing maintenance_manager from existing asset" tests="8" assertions="72" errors="0" failures="0" skipped="0" time="13.491236">
        <testcase name="it deletes only pending notification when removing maintenance_manager from existing asset with data set &quot;('daily')&quot;" file="tests\Tenant\Notifications\Assets\AssetMaintenanceManagerNotificationsTest.php::it deletes only pending notification when removing maintenance_manager from existing asset with data set &quot;('daily')&quot;" class="Tests\Tenant\Notifications\Assets\AssetMaintenanceManagerNotificationsTest" classname="Tests.Tenant.Notifications.Assets.AssetMaintenanceManagerNotificationsTest" assertions="9" time="1.726510"/>
        <testcase name="it deletes only pending notification when removing maintenance_manager from existing asset with data set &quot;('weekly')&quot;" file="tests\Tenant\Notifications\Assets\AssetMaintenanceManagerNotificationsTest.php::it deletes only pending notification when removing maintenance_manager from existing asset with data set &quot;('weekly')&quot;" class="Tests\Tenant\Notifications\Assets\AssetMaintenanceManagerNotificationsTest" classname="Tests.Tenant.Notifications.Assets.AssetMaintenanceManagerNotificationsTest" assertions="9" time="1.732625"/>
        <testcase name="it deletes only pending notification when removing maintenance_manager from existing asset with data set &quot;('bimonthly')&quot;" file="tests\Tenant\Notifications\Assets\AssetMaintenanceManagerNotificationsTest.php::it deletes only pending notification when removing maintenance_manager from existing asset with data set &quot;('bimonthly')&quot;" class="Tests\Tenant\Notifications\Assets\AssetMaintenanceManagerNotificationsTest" classname="Tests.Tenant.Notifications.Assets.AssetMaintenanceManagerNotificationsTest" assertions="9" time="1.421439"/>
        <testcase name="it deletes only pending notification when removing maintenance_manager from existing asset with data set &quot;('monthly')&quot;" file="tests\Tenant\Notifications\Assets\AssetMaintenanceManagerNotificationsTest.php::it deletes only pending notification when removing maintenance_manager from existing asset with data set &quot;('monthly')&quot;" class="Tests\Tenant\Notifications\Assets\AssetMaintenanceManagerNotificationsTest" classname="Tests.Tenant.Notifications.Assets.AssetMaintenanceManagerNotificationsTest" assertions="9" time="1.644379"/>
        <testcase name="it deletes only pending notification when removing maintenance_manager from existing asset with data set &quot;('quarterly')&quot;" file="tests\Tenant\Notifications\Assets\AssetMaintenanceManagerNotificationsTest.php::it deletes only pending notification when removing maintenance_manager from existing asset with data set &quot;('quarterly')&quot;" class="Tests\Tenant\Notifications\Assets\AssetMaintenanceManagerNotificationsTest" classname="Tests.Tenant.Notifications.Assets.AssetMaintenanceManagerNotificationsTest" assertions="9" time="1.777074"/>
        <testcase name="it deletes only pending notification when removing maintenance_manager from existing asset with data set &quot;('biannual')&quot;" file="tests\Tenant\Notifications\Assets\AssetMaintenanceManagerNotificationsTest.php::it deletes only pending notification when removing maintenance_manager from existing asset with data set &quot;('biannual')&quot;" class="Tests\Tenant\Notifications\Assets\AssetMaintenanceManagerNotificationsTest" classname="Tests.Tenant.Notifications.Assets.AssetMaintenanceManagerNotificationsTest" assertions="9" time="1.731740"/>
        <testcase name="it deletes only pending notification when removing maintenance_manager from existing asset with data set &quot;('annual')&quot;" file="tests\Tenant\Notifications\Assets\AssetMaintenanceManagerNotificationsTest.php::it deletes only pending notification when removing maintenance_manager from existing asset with data set &quot;('annual')&quot;" class="Tests\Tenant\Notifications\Assets\AssetMaintenanceManagerNotificationsTest" classname="Tests.Tenant.Notifications.Assets.AssetMaintenanceManagerNotificationsTest" assertions="9" time="1.760305"/>
        <testcase name="it deletes only pending notification when removing maintenance_manager from existing asset with data set &quot;('biennial')&quot;" file="tests\Tenant\Notifications\Assets\AssetMaintenanceManagerNotificationsTest.php::it deletes only pending notification when removing maintenance_manager from existing asset with data set &quot;('biennial')&quot;" class="Tests\Tenant\Notifications\Assets\AssetMaintenanceManagerNotificationsTest" classname="Tests.Tenant.Notifications.Assets.AssetMaintenanceManagerNotificationsTest" assertions="9" time="1.697164"/>
      </testsuite>
    </testsuite>
    <testsuite name="Tests\Tenant\Notifications\Assets\AssetMaintenanceNotificationsTest" file="tests\Tenant\Notifications\Assets\AssetMaintenanceNotificationsTest.php" tests="156" assertions="673" errors="0" failures="8" skipped="0" time="281.100662">
      <testsuite name="it creates next_maintenance_date notification (for admin &amp; manager) based on frequency when a new asset is created with next_maintenance_date defined" tests="8" assertions="32" errors="0" failures="0" skipped="0" time="13.058151">
        <testcase name="it creates next_maintenance_date notification (for admin &amp; manager) based on frequency when a new asset is created with next_maintenance_date defined with data set &quot;('daily')&quot;" file="tests\Tenant\Notifications\Assets\AssetMaintenanceNotificationsTest.php::it creates next_maintenance_date notification (for admin &amp; manager) based on frequency when a new asset is created with next_maintenance_date defined with data set &quot;('daily')&quot;" class="Tests\Tenant\Notifications\Assets\AssetMaintenanceNotificationsTest" classname="Tests.Tenant.Notifications.Assets.AssetMaintenanceNotificationsTest" assertions="4" time="1.594256"/>
        <testcase name="it creates next_maintenance_date notification (for admin &amp; manager) based on frequency when a new asset is created with next_maintenance_date defined with data set &quot;('weekly')&quot;" file="tests\Tenant\Notifications\Assets\AssetMaintenanceNotificationsTest.php::it creates next_maintenance_date notification (for admin &amp; manager) based on frequency when a new asset is created with next_maintenance_date defined with data set &quot;('weekly')&quot;" class="Tests\Tenant\Notifications\Assets\AssetMaintenanceNotificationsTest" classname="Tests.Tenant.Notifications.Assets.AssetMaintenanceNotificationsTest" assertions="4" time="1.648044"/>
        <testcase name="it creates next_maintenance_date notification (for admin &amp; manager) based on frequency when a new asset is created with next_maintenance_date defined with data set &quot;('bimonthly')&quot;" file="tests\Tenant\Notifications\Assets\AssetMaintenanceNotificationsTest.php::it creates next_maintenance_date notification (for admin &amp; manager) based on frequency when a new asset is created with next_maintenance_date defined with data set &quot;('bimonthly')&quot;" class="Tests\Tenant\Notifications\Assets\AssetMaintenanceNotificationsTest" classname="Tests.Tenant.Notifications.Assets.AssetMaintenanceNotificationsTest" assertions="4" time="1.662396"/>
        <testcase name="it creates next_maintenance_date notification (for admin &amp; manager) based on frequency when a new asset is created with next_maintenance_date defined with data set &quot;('monthly')&quot;" file="tests\Tenant\Notifications\Assets\AssetMaintenanceNotificationsTest.php::it creates next_maintenance_date notification (for admin &amp; manager) based on frequency when a new asset is created with next_maintenance_date defined with data set &quot;('monthly')&quot;" class="Tests\Tenant\Notifications\Assets\AssetMaintenanceNotificationsTest" classname="Tests.Tenant.Notifications.Assets.AssetMaintenanceNotificationsTest" assertions="4" time="1.620030"/>
        <testcase name="it creates next_maintenance_date notification (for admin &amp; manager) based on frequency when a new asset is created with next_maintenance_date defined with data set &quot;('quarterly')&quot;" file="tests\Tenant\Notifications\Assets\AssetMaintenanceNotificationsTest.php::it creates next_maintenance_date notification (for admin &amp; manager) based on frequency when a new asset is created with next_maintenance_date defined with data set &quot;('quarterly')&quot;" class="Tests\Tenant\Notifications\Assets\AssetMaintenanceNotificationsTest" classname="Tests.Tenant.Notifications.Assets.AssetMaintenanceNotificationsTest" assertions="4" time="1.619223"/>
        <testcase name="it creates next_maintenance_date notification (for admin &amp; manager) based on frequency when a new asset is created with next_maintenance_date defined with data set &quot;('biannual')&quot;" file="tests\Tenant\Notifications\Assets\AssetMaintenanceNotificationsTest.php::it creates next_maintenance_date notification (for admin &amp; manager) based on frequency when a new asset is created with next_maintenance_date defined with data set &quot;('biannual')&quot;" class="Tests\Tenant\Notifications\Assets\AssetMaintenanceNotificationsTest" classname="Tests.Tenant.Notifications.Assets.AssetMaintenanceNotificationsTest" assertions="4" time="1.605594"/>
        <testcase name="it creates next_maintenance_date notification (for admin &amp; manager) based on frequency when a new asset is created with next_maintenance_date defined with data set &quot;('annual')&quot;" file="tests\Tenant\Notifications\Assets\AssetMaintenanceNotificationsTest.php::it creates next_maintenance_date notification (for admin &amp; manager) based on frequency when a new asset is created with next_maintenance_date defined with data set &quot;('annual')&quot;" class="Tests\Tenant\Notifications\Assets\AssetMaintenanceNotificationsTest" classname="Tests.Tenant.Notifications.Assets.AssetMaintenanceNotificationsTest" assertions="4" time="1.499518"/>
        <testcase name="it creates next_maintenance_date notification (for admin &amp; manager) based on frequency when a new asset is created with next_maintenance_date defined with data set &quot;('biennial')&quot;" file="tests\Tenant\Notifications\Assets\AssetMaintenanceNotificationsTest.php::it creates next_maintenance_date notification (for admin &amp; manager) based on frequency when a new asset is created with next_maintenance_date defined with data set &quot;('biennial')&quot;" class="Tests\Tenant\Notifications\Assets\AssetMaintenanceNotificationsTest" classname="Tests.Tenant.Notifications.Assets.AssetMaintenanceNotificationsTest" assertions="4" time="1.809090"/>
      </testsuite>
      <testsuite name="it creates next_maintenance_date notification when next_maintenance_date is not defined and last_maintenance_date is defined" tests="8" assertions="32" errors="0" failures="0" skipped="0" time="13.330352">
        <testcase name="it creates next_maintenance_date notification when next_maintenance_date is not defined and last_maintenance_date is defined with data set &quot;('daily')&quot;" file="tests\Tenant\Notifications\Assets\AssetMaintenanceNotificationsTest.php::it creates next_maintenance_date notification when next_maintenance_date is not defined and last_maintenance_date is defined with data set &quot;('daily')&quot;" class="Tests\Tenant\Notifications\Assets\AssetMaintenanceNotificationsTest" classname="Tests.Tenant.Notifications.Assets.AssetMaintenanceNotificationsTest" assertions="4" time="1.838797"/>
        <testcase name="it creates next_maintenance_date notification when next_maintenance_date is not defined and last_maintenance_date is defined with data set &quot;('weekly')&quot;" file="tests\Tenant\Notifications\Assets\AssetMaintenanceNotificationsTest.php::it creates next_maintenance_date notification when next_maintenance_date is not defined and last_maintenance_date is defined with data set &quot;('weekly')&quot;" class="Tests\Tenant\Notifications\Assets\AssetMaintenanceNotificationsTest" classname="Tests.Tenant.Notifications.Assets.AssetMaintenanceNotificationsTest" assertions="4" time="1.812202"/>
        <testcase name="it creates next_maintenance_date notification when next_maintenance_date is not defined and last_maintenance_date is defined with data set &quot;('bimonthly')&quot;" file="tests\Tenant\Notifications\Assets\AssetMaintenanceNotificationsTest.php::it creates next_maintenance_date notification when next_maintenance_date is not defined and last_maintenance_date is defined with data set &quot;('bimonthly')&quot;" class="Tests\Tenant\Notifications\Assets\AssetMaintenanceNotificationsTest" classname="Tests.Tenant.Notifications.Assets.AssetMaintenanceNotificationsTest" assertions="4" time="1.592588"/>
        <testcase name="it creates next_maintenance_date notification when next_maintenance_date is not defined and last_maintenance_date is defined with data set &quot;('monthly')&quot;" file="tests\Tenant\Notifications\Assets\AssetMaintenanceNotificationsTest.php::it creates next_maintenance_date notification when next_maintenance_date is not defined and last_maintenance_date is defined with data set &quot;('monthly')&quot;" class="Tests\Tenant\Notifications\Assets\AssetMaintenanceNotificationsTest" classname="Tests.Tenant.Notifications.Assets.AssetMaintenanceNotificationsTest" assertions="4" time="1.609299"/>
        <testcase name="it creates next_maintenance_date notification when next_maintenance_date is not defined and last_maintenance_date is defined with data set &quot;('quarterly')&quot;" file="tests\Tenant\Notifications\Assets\AssetMaintenanceNotificationsTest.php::it creates next_maintenance_date notification when next_maintenance_date is not defined and last_maintenance_date is defined with data set &quot;('quarterly')&quot;" class="Tests\Tenant\Notifications\Assets\AssetMaintenanceNotificationsTest" classname="Tests.Tenant.Notifications.Assets.AssetMaintenanceNotificationsTest" assertions="4" time="1.613950"/>
        <testcase name="it creates next_maintenance_date notification when next_maintenance_date is not defined and last_maintenance_date is defined with data set &quot;('biannual')&quot;" file="tests\Tenant\Notifications\Assets\AssetMaintenanceNotificationsTest.php::it creates next_maintenance_date notification when next_maintenance_date is not defined and last_maintenance_date is defined with data set &quot;('biannual')&quot;" class="Tests\Tenant\Notifications\Assets\AssetMaintenanceNotificationsTest" classname="Tests.Tenant.Notifications.Assets.AssetMaintenanceNotificationsTest" assertions="4" time="1.604997"/>
        <testcase name="it creates next_maintenance_date notification when next_maintenance_date is not defined and last_maintenance_date is defined with data set &quot;('annual')&quot;" file="tests\Tenant\Notifications\Assets\AssetMaintenanceNotificationsTest.php::it creates next_maintenance_date notification when next_maintenance_date is not defined and last_maintenance_date is defined with data set &quot;('annual')&quot;" class="Tests\Tenant\Notifications\Assets\AssetMaintenanceNotificationsTest" classname="Tests.Tenant.Notifications.Assets.AssetMaintenanceNotificationsTest" assertions="4" time="1.558750"/>
        <testcase name="it creates next_maintenance_date notification when next_maintenance_date is not defined and last_maintenance_date is defined with data set &quot;('biennial')&quot;" file="tests\Tenant\Notifications\Assets\AssetMaintenanceNotificationsTest.php::it creates next_maintenance_date notification when next_maintenance_date is not defined and last_maintenance_date is defined with data set &quot;('biennial')&quot;" class="Tests\Tenant\Notifications\Assets\AssetMaintenanceNotificationsTest" classname="Tests.Tenant.Notifications.Assets.AssetMaintenanceNotificationsTest" assertions="4" time="1.699768"/>
      </testsuite>
      <testsuite name="it creates next_maintenance_date notification when next/last_maintenance_date are not defined " tests="8" assertions="32" errors="0" failures="0" skipped="0" time="12.946430">
        <testcase name="it creates next_maintenance_date notification when next/last_maintenance_date are not defined  with data set &quot;('daily')&quot;" file="tests\Tenant\Notifications\Assets\AssetMaintenanceNotificationsTest.php::it creates next_maintenance_date notification when next/last_maintenance_date are not defined  with data set &quot;('daily')&quot;" class="Tests\Tenant\Notifications\Assets\AssetMaintenanceNotificationsTest" classname="Tests.Tenant.Notifications.Assets.AssetMaintenanceNotificationsTest" assertions="4" time="1.607942"/>
        <testcase name="it creates next_maintenance_date notification when next/last_maintenance_date are not defined  with data set &quot;('weekly')&quot;" file="tests\Tenant\Notifications\Assets\AssetMaintenanceNotificationsTest.php::it creates next_maintenance_date notification when next/last_maintenance_date are not defined  with data set &quot;('weekly')&quot;" class="Tests\Tenant\Notifications\Assets\AssetMaintenanceNotificationsTest" classname="Tests.Tenant.Notifications.Assets.AssetMaintenanceNotificationsTest" assertions="4" time="1.624683"/>
        <testcase name="it creates next_maintenance_date notification when next/last_maintenance_date are not defined  with data set &quot;('bimonthly')&quot;" file="tests\Tenant\Notifications\Assets\AssetMaintenanceNotificationsTest.php::it creates next_maintenance_date notification when next/last_maintenance_date are not defined  with data set &quot;('bimonthly')&quot;" class="Tests\Tenant\Notifications\Assets\AssetMaintenanceNotificationsTest" classname="Tests.Tenant.Notifications.Assets.AssetMaintenanceNotificationsTest" assertions="4" time="1.655241"/>
        <testcase name="it creates next_maintenance_date notification when next/last_maintenance_date are not defined  with data set &quot;('monthly')&quot;" file="tests\Tenant\Notifications\Assets\AssetMaintenanceNotificationsTest.php::it creates next_maintenance_date notification when next/last_maintenance_date are not defined  with data set &quot;('monthly')&quot;" class="Tests\Tenant\Notifications\Assets\AssetMaintenanceNotificationsTest" classname="Tests.Tenant.Notifications.Assets.AssetMaintenanceNotificationsTest" assertions="4" time="1.641632"/>
        <testcase name="it creates next_maintenance_date notification when next/last_maintenance_date are not defined  with data set &quot;('quarterly')&quot;" file="tests\Tenant\Notifications\Assets\AssetMaintenanceNotificationsTest.php::it creates next_maintenance_date notification when next/last_maintenance_date are not defined  with data set &quot;('quarterly')&quot;" class="Tests\Tenant\Notifications\Assets\AssetMaintenanceNotificationsTest" classname="Tests.Tenant.Notifications.Assets.AssetMaintenanceNotificationsTest" assertions="4" time="1.605858"/>
        <testcase name="it creates next_maintenance_date notification when next/last_maintenance_date are not defined  with data set &quot;('biannual')&quot;" file="tests\Tenant\Notifications\Assets\AssetMaintenanceNotificationsTest.php::it creates next_maintenance_date notification when next/last_maintenance_date are not defined  with data set &quot;('biannual')&quot;" class="Tests\Tenant\Notifications\Assets\AssetMaintenanceNotificationsTest" classname="Tests.Tenant.Notifications.Assets.AssetMaintenanceNotificationsTest" assertions="4" time="1.654156"/>
        <testcase name="it creates next_maintenance_date notification when next/last_maintenance_date are not defined  with data set &quot;('annual')&quot;" file="tests\Tenant\Notifications\Assets\AssetMaintenanceNotificationsTest.php::it creates next_maintenance_date notification when next/last_maintenance_date are not defined  with data set &quot;('annual')&quot;" class="Tests\Tenant\Notifications\Assets\AssetMaintenanceNotificationsTest" classname="Tests.Tenant.Notifications.Assets.AssetMaintenanceNotificationsTest" assertions="4" time="1.625464"/>
        <testcase name="it creates next_maintenance_date notification when next/last_maintenance_date are not defined  with data set &quot;('biennial')&quot;" file="tests\Tenant\Notifications\Assets\AssetMaintenanceNotificationsTest.php::it creates next_maintenance_date notification when next/last_maintenance_date are not defined  with data set &quot;('biennial')&quot;" class="Tests\Tenant\Notifications\Assets\AssetMaintenanceNotificationsTest" classname="Tests.Tenant.Notifications.Assets.AssetMaintenanceNotificationsTest" assertions="4" time="1.531452"/>
      </testsuite>
      <testsuite name="it updates next_maintenance_date notification when updating next_maintenance_date of the asset" tests="8" assertions="64" errors="0" failures="0" skipped="0" time="13.935320">
        <testcase name="it updates next_maintenance_date notification when updating next_maintenance_date of the asset with data set &quot;('daily')&quot;" file="tests\Tenant\Notifications\Assets\AssetMaintenanceNotificationsTest.php::it updates next_maintenance_date notification when updating next_maintenance_date of the asset with data set &quot;('daily')&quot;" class="Tests\Tenant\Notifications\Assets\AssetMaintenanceNotificationsTest" classname="Tests.Tenant.Notifications.Assets.AssetMaintenanceNotificationsTest" assertions="8" time="1.722224"/>
        <testcase name="it updates next_maintenance_date notification when updating next_maintenance_date of the asset with data set &quot;('weekly')&quot;" file="tests\Tenant\Notifications\Assets\AssetMaintenanceNotificationsTest.php::it updates next_maintenance_date notification when updating next_maintenance_date of the asset with data set &quot;('weekly')&quot;" class="Tests\Tenant\Notifications\Assets\AssetMaintenanceNotificationsTest" classname="Tests.Tenant.Notifications.Assets.AssetMaintenanceNotificationsTest" assertions="8" time="1.670778"/>
        <testcase name="it updates next_maintenance_date notification when updating next_maintenance_date of the asset with data set &quot;('bimonthly')&quot;" file="tests\Tenant\Notifications\Assets\AssetMaintenanceNotificationsTest.php::it updates next_maintenance_date notification when updating next_maintenance_date of the asset with data set &quot;('bimonthly')&quot;" class="Tests\Tenant\Notifications\Assets\AssetMaintenanceNotificationsTest" classname="Tests.Tenant.Notifications.Assets.AssetMaintenanceNotificationsTest" assertions="8" time="1.728549"/>
        <testcase name="it updates next_maintenance_date notification when updating next_maintenance_date of the asset with data set &quot;('monthly')&quot;" file="tests\Tenant\Notifications\Assets\AssetMaintenanceNotificationsTest.php::it updates next_maintenance_date notification when updating next_maintenance_date of the asset with data set &quot;('monthly')&quot;" class="Tests\Tenant\Notifications\Assets\AssetMaintenanceNotificationsTest" classname="Tests.Tenant.Notifications.Assets.AssetMaintenanceNotificationsTest" assertions="8" time="1.766259"/>
        <testcase name="it updates next_maintenance_date notification when updating next_maintenance_date of the asset with data set &quot;('quarterly')&quot;" file="tests\Tenant\Notifications\Assets\AssetMaintenanceNotificationsTest.php::it updates next_maintenance_date notification when updating next_maintenance_date of the asset with data set &quot;('quarterly')&quot;" class="Tests\Tenant\Notifications\Assets\AssetMaintenanceNotificationsTest" classname="Tests.Tenant.Notifications.Assets.AssetMaintenanceNotificationsTest" assertions="8" time="1.875489"/>
        <testcase name="it updates next_maintenance_date notification when updating next_maintenance_date of the asset with data set &quot;('biannual')&quot;" file="tests\Tenant\Notifications\Assets\AssetMaintenanceNotificationsTest.php::it updates next_maintenance_date notification when updating next_maintenance_date of the asset with data set &quot;('biannual')&quot;" class="Tests\Tenant\Notifications\Assets\AssetMaintenanceNotificationsTest" classname="Tests.Tenant.Notifications.Assets.AssetMaintenanceNotificationsTest" assertions="8" time="1.924426"/>
        <testcase name="it updates next_maintenance_date notification when updating next_maintenance_date of the asset with data set &quot;('annual')&quot;" file="tests\Tenant\Notifications\Assets\AssetMaintenanceNotificationsTest.php::it updates next_maintenance_date notification when updating next_maintenance_date of the asset with data set &quot;('annual')&quot;" class="Tests\Tenant\Notifications\Assets\AssetMaintenanceNotificationsTest" classname="Tests.Tenant.Notifications.Assets.AssetMaintenanceNotificationsTest" assertions="8" time="1.516628"/>
        <testcase name="it updates next_maintenance_date notification when updating next_maintenance_date of the asset with data set &quot;('biennial')&quot;" file="tests\Tenant\Notifications\Assets\AssetMaintenanceNotificationsTest.php::it updates next_maintenance_date notification when updating next_maintenance_date of the asset with data set &quot;('biennial')&quot;" class="Tests\Tenant\Notifications\Assets\AssetMaintenanceNotificationsTest" classname="Tests.Tenant.Notifications.Assets.AssetMaintenanceNotificationsTest" assertions="8" time="1.730967"/>
      </testsuite>
      <testsuite name="it does not create a next_maintenance_date notification when next_maintenance_date is today" tests="8" assertions="8" errors="0" failures="0" skipped="0" time="13.387930">
        <testcase name="it does not create a next_maintenance_date notification when next_maintenance_date is today with data set &quot;('daily')&quot;" file="tests\Tenant\Notifications\Assets\AssetMaintenanceNotificationsTest.php::it does not create a next_maintenance_date notification when next_maintenance_date is today with data set &quot;('daily')&quot;" class="Tests\Tenant\Notifications\Assets\AssetMaintenanceNotificationsTest" classname="Tests.Tenant.Notifications.Assets.AssetMaintenanceNotificationsTest" assertions="1" time="1.636382"/>
        <testcase name="it does not create a next_maintenance_date notification when next_maintenance_date is today with data set &quot;('weekly')&quot;" file="tests\Tenant\Notifications\Assets\AssetMaintenanceNotificationsTest.php::it does not create a next_maintenance_date notification when next_maintenance_date is today with data set &quot;('weekly')&quot;" class="Tests\Tenant\Notifications\Assets\AssetMaintenanceNotificationsTest" classname="Tests.Tenant.Notifications.Assets.AssetMaintenanceNotificationsTest" assertions="1" time="1.560782"/>
        <testcase name="it does not create a next_maintenance_date notification when next_maintenance_date is today with data set &quot;('bimonthly')&quot;" file="tests\Tenant\Notifications\Assets\AssetMaintenanceNotificationsTest.php::it does not create a next_maintenance_date notification when next_maintenance_date is today with data set &quot;('bimonthly')&quot;" class="Tests\Tenant\Notifications\Assets\AssetMaintenanceNotificationsTest" classname="Tests.Tenant.Notifications.Assets.AssetMaintenanceNotificationsTest" assertions="1" time="2.025179"/>
        <testcase name="it does not create a next_maintenance_date notification when next_maintenance_date is today with data set &quot;('monthly')&quot;" file="tests\Tenant\Notifications\Assets\AssetMaintenanceNotificationsTest.php::it does not create a next_maintenance_date notification when next_maintenance_date is today with data set &quot;('monthly')&quot;" class="Tests\Tenant\Notifications\Assets\AssetMaintenanceNotificationsTest" classname="Tests.Tenant.Notifications.Assets.AssetMaintenanceNotificationsTest" assertions="1" time="1.620479"/>
        <testcase name="it does not create a next_maintenance_date notification when next_maintenance_date is today with data set &quot;('quarterly')&quot;" file="tests\Tenant\Notifications\Assets\AssetMaintenanceNotificationsTest.php::it does not create a next_maintenance_date notification when next_maintenance_date is today with data set &quot;('quarterly')&quot;" class="Tests\Tenant\Notifications\Assets\AssetMaintenanceNotificationsTest" classname="Tests.Tenant.Notifications.Assets.AssetMaintenanceNotificationsTest" assertions="1" time="1.522437"/>
        <testcase name="it does not create a next_maintenance_date notification when next_maintenance_date is today with data set &quot;('biannual')&quot;" file="tests\Tenant\Notifications\Assets\AssetMaintenanceNotificationsTest.php::it does not create a next_maintenance_date notification when next_maintenance_date is today with data set &quot;('biannual')&quot;" class="Tests\Tenant\Notifications\Assets\AssetMaintenanceNotificationsTest" classname="Tests.Tenant.Notifications.Assets.AssetMaintenanceNotificationsTest" assertions="1" time="1.667750"/>
        <testcase name="it does not create a next_maintenance_date notification when next_maintenance_date is today with data set &quot;('annual')&quot;" file="tests\Tenant\Notifications\Assets\AssetMaintenanceNotificationsTest.php::it does not create a next_maintenance_date notification when next_maintenance_date is today with data set &quot;('annual')&quot;" class="Tests\Tenant\Notifications\Assets\AssetMaintenanceNotificationsTest" classname="Tests.Tenant.Notifications.Assets.AssetMaintenanceNotificationsTest" assertions="1" time="1.802242"/>
        <testcase name="it does not create a next_maintenance_date notification when next_maintenance_date is today with data set &quot;('biennial')&quot;" file="tests\Tenant\Notifications\Assets\AssetMaintenanceNotificationsTest.php::it does not create a next_maintenance_date notification when next_maintenance_date is today with data set &quot;('biennial')&quot;" class="Tests\Tenant\Notifications\Assets\AssetMaintenanceNotificationsTest" classname="Tests.Tenant.Notifications.Assets.AssetMaintenanceNotificationsTest" assertions="1" time="1.552679"/>
      </testsuite>
      <testsuite name="it creates a notification if next_maintenance_date is &gt; today even if the scheduled_at is in the past" tests="8" assertions="24" errors="0" failures="0" skipped="0" time="13.558345">
        <testcase name="it creates a notification if next_maintenance_date is &gt; today even if the scheduled_at is in the past with data set &quot;('daily')&quot;" file="tests\Tenant\Notifications\Assets\AssetMaintenanceNotificationsTest.php::it creates a notification if next_maintenance_date is &gt; today even if the scheduled_at is in the past with data set &quot;('daily')&quot;" class="Tests\Tenant\Notifications\Assets\AssetMaintenanceNotificationsTest" classname="Tests.Tenant.Notifications.Assets.AssetMaintenanceNotificationsTest" assertions="3" time="1.703668"/>
        <testcase name="it creates a notification if next_maintenance_date is &gt; today even if the scheduled_at is in the past with data set &quot;('weekly')&quot;" file="tests\Tenant\Notifications\Assets\AssetMaintenanceNotificationsTest.php::it creates a notification if next_maintenance_date is &gt; today even if the scheduled_at is in the past with data set &quot;('weekly')&quot;" class="Tests\Tenant\Notifications\Assets\AssetMaintenanceNotificationsTest" classname="Tests.Tenant.Notifications.Assets.AssetMaintenanceNotificationsTest" assertions="3" time="1.667028"/>
        <testcase name="it creates a notification if next_maintenance_date is &gt; today even if the scheduled_at is in the past with data set &quot;('bimonthly')&quot;" file="tests\Tenant\Notifications\Assets\AssetMaintenanceNotificationsTest.php::it creates a notification if next_maintenance_date is &gt; today even if the scheduled_at is in the past with data set &quot;('bimonthly')&quot;" class="Tests\Tenant\Notifications\Assets\AssetMaintenanceNotificationsTest" classname="Tests.Tenant.Notifications.Assets.AssetMaintenanceNotificationsTest" assertions="3" time="1.725763"/>
        <testcase name="it creates a notification if next_maintenance_date is &gt; today even if the scheduled_at is in the past with data set &quot;('monthly')&quot;" file="tests\Tenant\Notifications\Assets\AssetMaintenanceNotificationsTest.php::it creates a notification if next_maintenance_date is &gt; today even if the scheduled_at is in the past with data set &quot;('monthly')&quot;" class="Tests\Tenant\Notifications\Assets\AssetMaintenanceNotificationsTest" classname="Tests.Tenant.Notifications.Assets.AssetMaintenanceNotificationsTest" assertions="3" time="1.629819"/>
        <testcase name="it creates a notification if next_maintenance_date is &gt; today even if the scheduled_at is in the past with data set &quot;('quarterly')&quot;" file="tests\Tenant\Notifications\Assets\AssetMaintenanceNotificationsTest.php::it creates a notification if next_maintenance_date is &gt; today even if the scheduled_at is in the past with data set &quot;('quarterly')&quot;" class="Tests\Tenant\Notifications\Assets\AssetMaintenanceNotificationsTest" classname="Tests.Tenant.Notifications.Assets.AssetMaintenanceNotificationsTest" assertions="3" time="1.644578"/>
        <testcase name="it creates a notification if next_maintenance_date is &gt; today even if the scheduled_at is in the past with data set &quot;('biannual')&quot;" file="tests\Tenant\Notifications\Assets\AssetMaintenanceNotificationsTest.php::it creates a notification if next_maintenance_date is &gt; today even if the scheduled_at is in the past with data set &quot;('biannual')&quot;" class="Tests\Tenant\Notifications\Assets\AssetMaintenanceNotificationsTest" classname="Tests.Tenant.Notifications.Assets.AssetMaintenanceNotificationsTest" assertions="3" time="1.684551"/>
        <testcase name="it creates a notification if next_maintenance_date is &gt; today even if the scheduled_at is in the past with data set &quot;('annual')&quot;" file="tests\Tenant\Notifications\Assets\AssetMaintenanceNotificationsTest.php::it creates a notification if next_maintenance_date is &gt; today even if the scheduled_at is in the past with data set &quot;('annual')&quot;" class="Tests\Tenant\Notifications\Assets\AssetMaintenanceNotificationsTest" classname="Tests.Tenant.Notifications.Assets.AssetMaintenanceNotificationsTest" assertions="3" time="1.748404"/>
        <testcase name="it creates a notification if next_maintenance_date is &gt; today even if the scheduled_at is in the past with data set &quot;('biennial')&quot;" file="tests\Tenant\Notifications\Assets\AssetMaintenanceNotificationsTest.php::it creates a notification if next_maintenance_date is &gt; today even if the scheduled_at is in the past with data set &quot;('biennial')&quot;" class="Tests\Tenant\Notifications\Assets\AssetMaintenanceNotificationsTest" classname="Tests.Tenant.Notifications.Assets.AssetMaintenanceNotificationsTest" assertions="3" time="1.754535"/>
      </testsuite>
      <testsuite name="it updates notification when updating next_maintenance_date of the asset and scheduled_at will be in the past" tests="8" assertions="48" errors="0" failures="0" skipped="0" time="13.640616">
        <testcase name="it updates notification when updating next_maintenance_date of the asset and scheduled_at will be in the past with data set &quot;('daily')&quot;" file="tests\Tenant\Notifications\Assets\AssetMaintenanceNotificationsTest.php::it updates notification when updating next_maintenance_date of the asset and scheduled_at will be in the past with data set &quot;('daily')&quot;" class="Tests\Tenant\Notifications\Assets\AssetMaintenanceNotificationsTest" classname="Tests.Tenant.Notifications.Assets.AssetMaintenanceNotificationsTest" assertions="6" time="1.726572"/>
        <testcase name="it updates notification when updating next_maintenance_date of the asset and scheduled_at will be in the past with data set &quot;('weekly')&quot;" file="tests\Tenant\Notifications\Assets\AssetMaintenanceNotificationsTest.php::it updates notification when updating next_maintenance_date of the asset and scheduled_at will be in the past with data set &quot;('weekly')&quot;" class="Tests\Tenant\Notifications\Assets\AssetMaintenanceNotificationsTest" classname="Tests.Tenant.Notifications.Assets.AssetMaintenanceNotificationsTest" assertions="6" time="1.777789"/>
        <testcase name="it updates notification when updating next_maintenance_date of the asset and scheduled_at will be in the past with data set &quot;('bimonthly')&quot;" file="tests\Tenant\Notifications\Assets\AssetMaintenanceNotificationsTest.php::it updates notification when updating next_maintenance_date of the asset and scheduled_at will be in the past with data set &quot;('bimonthly')&quot;" class="Tests\Tenant\Notifications\Assets\AssetMaintenanceNotificationsTest" classname="Tests.Tenant.Notifications.Assets.AssetMaintenanceNotificationsTest" assertions="6" time="1.665195"/>
        <testcase name="it updates notification when updating next_maintenance_date of the asset and scheduled_at will be in the past with data set &quot;('monthly')&quot;" file="tests\Tenant\Notifications\Assets\AssetMaintenanceNotificationsTest.php::it updates notification when updating next_maintenance_date of the asset and scheduled_at will be in the past with data set &quot;('monthly')&quot;" class="Tests\Tenant\Notifications\Assets\AssetMaintenanceNotificationsTest" classname="Tests.Tenant.Notifications.Assets.AssetMaintenanceNotificationsTest" assertions="6" time="1.690047"/>
        <testcase name="it updates notification when updating next_maintenance_date of the asset and scheduled_at will be in the past with data set &quot;('quarterly')&quot;" file="tests\Tenant\Notifications\Assets\AssetMaintenanceNotificationsTest.php::it updates notification when updating next_maintenance_date of the asset and scheduled_at will be in the past with data set &quot;('quarterly')&quot;" class="Tests\Tenant\Notifications\Assets\AssetMaintenanceNotificationsTest" classname="Tests.Tenant.Notifications.Assets.AssetMaintenanceNotificationsTest" assertions="6" time="1.751102"/>
        <testcase name="it updates notification when updating next_maintenance_date of the asset and scheduled_at will be in the past with data set &quot;('biannual')&quot;" file="tests\Tenant\Notifications\Assets\AssetMaintenanceNotificationsTest.php::it updates notification when updating next_maintenance_date of the asset and scheduled_at will be in the past with data set &quot;('biannual')&quot;" class="Tests\Tenant\Notifications\Assets\AssetMaintenanceNotificationsTest" classname="Tests.Tenant.Notifications.Assets.AssetMaintenanceNotificationsTest" assertions="6" time="1.618190"/>
        <testcase name="it updates notification when updating next_maintenance_date of the asset and scheduled_at will be in the past with data set &quot;('annual')&quot;" file="tests\Tenant\Notifications\Assets\AssetMaintenanceNotificationsTest.php::it updates notification when updating next_maintenance_date of the asset and scheduled_at will be in the past with data set &quot;('annual')&quot;" class="Tests\Tenant\Notifications\Assets\AssetMaintenanceNotificationsTest" classname="Tests.Tenant.Notifications.Assets.AssetMaintenanceNotificationsTest" assertions="6" time="1.712524"/>
        <testcase name="it updates notification when updating next_maintenance_date of the asset and scheduled_at will be in the past with data set &quot;('biennial')&quot;" file="tests\Tenant\Notifications\Assets\AssetMaintenanceNotificationsTest.php::it updates notification when updating next_maintenance_date of the asset and scheduled_at will be in the past with data set &quot;('biennial')&quot;" class="Tests\Tenant\Notifications\Assets\AssetMaintenanceNotificationsTest" classname="Tests.Tenant.Notifications.Assets.AssetMaintenanceNotificationsTest" assertions="6" time="1.699199"/>
      </testsuite>
      <testcase name="it creates notification when the scheduled_at notification was previously in the past" file="tests\Tenant\Notifications\Assets\AssetMaintenanceNotificationsTest.php::it creates notification when the scheduled_at notification was previously in the past" class="Tests\Tenant\Notifications\Assets\AssetMaintenanceNotificationsTest" classname="Tests.Tenant.Notifications.Assets.AssetMaintenanceNotificationsTest" assertions="5" time="1.910989"/>
      <testsuite name="it creates notification when need_maintenance passes from false to true" tests="8" assertions="32" errors="0" failures="8" skipped="0" time="15.971744">
        <testcase name="it creates notification when need_maintenance passes from false to true with data set &quot;('daily')&quot;" file="tests\Tenant\Notifications\Assets\AssetMaintenanceNotificationsTest.php::it creates notification when need_maintenance passes from false to true with data set &quot;('daily')&quot;" class="Tests\Tenant\Notifications\Assets\AssetMaintenanceNotificationsTest" classname="Tests.Tenant.Notifications.Assets.AssetMaintenanceNotificationsTest" assertions="4" time="1.892793">
          <failure type="PHPUnit\Framework\ExpectationFailedException">it creates notification when need_maintenance passes from false to true with data set "('daily')"Failed asserting that table [scheduled_notifications] matches expected entries count of 1. Entries found: 2.
.&#13;
at vendor\laravel\framework\src\Illuminate\Foundation\Testing\Concerns\InteractsWithDatabase.php:94
at vendor\pestphp\pest-plugin-laravel\src\Database.php:68
at tests\Tenant\Notifications\Assets\AssetMaintenanceNotificationsTest.php:456</failure>
        </testcase>
        <testcase name="it creates notification when need_maintenance passes from false to true with data set &quot;('weekly')&quot;" file="tests\Tenant\Notifications\Assets\AssetMaintenanceNotificationsTest.php::it creates notification when need_maintenance passes from false to true with data set &quot;('weekly')&quot;" class="Tests\Tenant\Notifications\Assets\AssetMaintenanceNotificationsTest" classname="Tests.Tenant.Notifications.Assets.AssetMaintenanceNotificationsTest" assertions="4" time="1.711257">
          <failure type="PHPUnit\Framework\ExpectationFailedException">it creates notification when need_maintenance passes from false to true with data set "('weekly')"Failed asserting that table [scheduled_notifications] matches expected entries count of 1. Entries found: 2.
.&#13;
at vendor\laravel\framework\src\Illuminate\Foundation\Testing\Concerns\InteractsWithDatabase.php:94
at vendor\pestphp\pest-plugin-laravel\src\Database.php:68
at tests\Tenant\Notifications\Assets\AssetMaintenanceNotificationsTest.php:456</failure>
        </testcase>
        <testcase name="it creates notification when need_maintenance passes from false to true with data set &quot;('bimonthly')&quot;" file="tests\Tenant\Notifications\Assets\AssetMaintenanceNotificationsTest.php::it creates notification when need_maintenance passes from false to true with data set &quot;('bimonthly')&quot;" class="Tests\Tenant\Notifications\Assets\AssetMaintenanceNotificationsTest" classname="Tests.Tenant.Notifications.Assets.AssetMaintenanceNotificationsTest" assertions="4" time="2.344836">
          <failure type="PHPUnit\Framework\ExpectationFailedException">it creates notification when need_maintenance passes from false to true with data set "('bimonthly')"Failed asserting that table [scheduled_notifications] matches expected entries count of 1. Entries found: 2.
.&#13;
at vendor\laravel\framework\src\Illuminate\Foundation\Testing\Concerns\InteractsWithDatabase.php:94
at vendor\pestphp\pest-plugin-laravel\src\Database.php:68
at tests\Tenant\Notifications\Assets\AssetMaintenanceNotificationsTest.php:456</failure>
        </testcase>
        <testcase name="it creates notification when need_maintenance passes from false to true with data set &quot;('monthly')&quot;" file="tests\Tenant\Notifications\Assets\AssetMaintenanceNotificationsTest.php::it creates notification when need_maintenance passes from false to true with data set &quot;('monthly')&quot;" class="Tests\Tenant\Notifications\Assets\AssetMaintenanceNotificationsTest" classname="Tests.Tenant.Notifications.Assets.AssetMaintenanceNotificationsTest" assertions="4" time="2.028967">
          <failure type="PHPUnit\Framework\ExpectationFailedException">it creates notification when need_maintenance passes from false to true with data set "('monthly')"Failed asserting that table [scheduled_notifications] matches expected entries count of 1. Entries found: 2.
.&#13;
at vendor\laravel\framework\src\Illuminate\Foundation\Testing\Concerns\InteractsWithDatabase.php:94
at vendor\pestphp\pest-plugin-laravel\src\Database.php:68
at tests\Tenant\Notifications\Assets\AssetMaintenanceNotificationsTest.php:456</failure>
        </testcase>
        <testcase name="it creates notification when need_maintenance passes from false to true with data set &quot;('quarterly')&quot;" file="tests\Tenant\Notifications\Assets\AssetMaintenanceNotificationsTest.php::it creates notification when need_maintenance passes from false to true with data set &quot;('quarterly')&quot;" class="Tests\Tenant\Notifications\Assets\AssetMaintenanceNotificationsTest" classname="Tests.Tenant.Notifications.Assets.AssetMaintenanceNotificationsTest" assertions="4" time="2.074348">
          <failure type="PHPUnit\Framework\ExpectationFailedException">it creates notification when need_maintenance passes from false to true with data set "('quarterly')"Failed asserting that table [scheduled_notifications] matches expected entries count of 1. Entries found: 2.
.&#13;
at vendor\laravel\framework\src\Illuminate\Foundation\Testing\Concerns\InteractsWithDatabase.php:94
at vendor\pestphp\pest-plugin-laravel\src\Database.php:68
at tests\Tenant\Notifications\Assets\AssetMaintenanceNotificationsTest.php:456</failure>
        </testcase>
        <testcase name="it creates notification when need_maintenance passes from false to true with data set &quot;('biannual')&quot;" file="tests\Tenant\Notifications\Assets\AssetMaintenanceNotificationsTest.php::it creates notification when need_maintenance passes from false to true with data set &quot;('biannual')&quot;" class="Tests\Tenant\Notifications\Assets\AssetMaintenanceNotificationsTest" classname="Tests.Tenant.Notifications.Assets.AssetMaintenanceNotificationsTest" assertions="4" time="2.120400">
          <failure type="PHPUnit\Framework\ExpectationFailedException">it creates notification when need_maintenance passes from false to true with data set "('biannual')"Failed asserting that table [scheduled_notifications] matches expected entries count of 1. Entries found: 2.
.&#13;
at vendor\laravel\framework\src\Illuminate\Foundation\Testing\Concerns\InteractsWithDatabase.php:94
at vendor\pestphp\pest-plugin-laravel\src\Database.php:68
at tests\Tenant\Notifications\Assets\AssetMaintenanceNotificationsTest.php:456</failure>
        </testcase>
        <testcase name="it creates notification when need_maintenance passes from false to true with data set &quot;('annual')&quot;" file="tests\Tenant\Notifications\Assets\AssetMaintenanceNotificationsTest.php::it creates notification when need_maintenance passes from false to true with data set &quot;('annual')&quot;" class="Tests\Tenant\Notifications\Assets\AssetMaintenanceNotificationsTest" classname="Tests.Tenant.Notifications.Assets.AssetMaintenanceNotificationsTest" assertions="4" time="2.069415">
          <failure type="PHPUnit\Framework\ExpectationFailedException">it creates notification when need_maintenance passes from false to true with data set "('annual')"Failed asserting that table [scheduled_notifications] matches expected entries count of 1. Entries found: 2.
.&#13;
at vendor\laravel\framework\src\Illuminate\Foundation\Testing\Concerns\InteractsWithDatabase.php:94
at vendor\pestphp\pest-plugin-laravel\src\Database.php:68
at tests\Tenant\Notifications\Assets\AssetMaintenanceNotificationsTest.php:456</failure>
        </testcase>
        <testcase name="it creates notification when need_maintenance passes from false to true with data set &quot;('biennial')&quot;" file="tests\Tenant\Notifications\Assets\AssetMaintenanceNotificationsTest.php::it creates notification when need_maintenance passes from false to true with data set &quot;('biennial')&quot;" class="Tests\Tenant\Notifications\Assets\AssetMaintenanceNotificationsTest" classname="Tests.Tenant.Notifications.Assets.AssetMaintenanceNotificationsTest" assertions="4" time="1.729729">
          <failure type="PHPUnit\Framework\ExpectationFailedException">it creates notification when need_maintenance passes from false to true with data set "('biennial')"Failed asserting that table [scheduled_notifications] matches expected entries count of 1. Entries found: 2.
.&#13;
at vendor\laravel\framework\src\Illuminate\Foundation\Testing\Concerns\InteractsWithDatabase.php:94
at vendor\pestphp\pest-plugin-laravel\src\Database.php:68
at tests\Tenant\Notifications\Assets\AssetMaintenanceNotificationsTest.php:456</failure>
        </testcase>
      </testsuite>
      <testsuite name="it deletes notification when need_maintenance passes from true to false" tests="8" assertions="48" errors="0" failures="0" skipped="0" time="14.353146">
        <testcase name="it deletes notification when need_maintenance passes from true to false with data set &quot;('daily')&quot;" file="tests\Tenant\Notifications\Assets\AssetMaintenanceNotificationsTest.php::it deletes notification when need_maintenance passes from true to false with data set &quot;('daily')&quot;" class="Tests\Tenant\Notifications\Assets\AssetMaintenanceNotificationsTest" classname="Tests.Tenant.Notifications.Assets.AssetMaintenanceNotificationsTest" assertions="6" time="2.287797"/>
        <testcase name="it deletes notification when need_maintenance passes from true to false with data set &quot;('weekly')&quot;" file="tests\Tenant\Notifications\Assets\AssetMaintenanceNotificationsTest.php::it deletes notification when need_maintenance passes from true to false with data set &quot;('weekly')&quot;" class="Tests\Tenant\Notifications\Assets\AssetMaintenanceNotificationsTest" classname="Tests.Tenant.Notifications.Assets.AssetMaintenanceNotificationsTest" assertions="6" time="1.964196"/>
        <testcase name="it deletes notification when need_maintenance passes from true to false with data set &quot;('bimonthly')&quot;" file="tests\Tenant\Notifications\Assets\AssetMaintenanceNotificationsTest.php::it deletes notification when need_maintenance passes from true to false with data set &quot;('bimonthly')&quot;" class="Tests\Tenant\Notifications\Assets\AssetMaintenanceNotificationsTest" classname="Tests.Tenant.Notifications.Assets.AssetMaintenanceNotificationsTest" assertions="6" time="1.693080"/>
        <testcase name="it deletes notification when need_maintenance passes from true to false with data set &quot;('monthly')&quot;" file="tests\Tenant\Notifications\Assets\AssetMaintenanceNotificationsTest.php::it deletes notification when need_maintenance passes from true to false with data set &quot;('monthly')&quot;" class="Tests\Tenant\Notifications\Assets\AssetMaintenanceNotificationsTest" classname="Tests.Tenant.Notifications.Assets.AssetMaintenanceNotificationsTest" assertions="6" time="1.671399"/>
        <testcase name="it deletes notification when need_maintenance passes from true to false with data set &quot;('quarterly')&quot;" file="tests\Tenant\Notifications\Assets\AssetMaintenanceNotificationsTest.php::it deletes notification when need_maintenance passes from true to false with data set &quot;('quarterly')&quot;" class="Tests\Tenant\Notifications\Assets\AssetMaintenanceNotificationsTest" classname="Tests.Tenant.Notifications.Assets.AssetMaintenanceNotificationsTest" assertions="6" time="1.683817"/>
        <testcase name="it deletes notification when need_maintenance passes from true to false with data set &quot;('biannual')&quot;" file="tests\Tenant\Notifications\Assets\AssetMaintenanceNotificationsTest.php::it deletes notification when need_maintenance passes from true to false with data set &quot;('biannual')&quot;" class="Tests\Tenant\Notifications\Assets\AssetMaintenanceNotificationsTest" classname="Tests.Tenant.Notifications.Assets.AssetMaintenanceNotificationsTest" assertions="6" time="1.710841"/>
[...]
        <testcase name="it deletes next_maintenance_date notifications when the role of an admin changes to maintenance manager for sites only where he is not maintenance manager with data set &quot;('monthly')&quot;" file="tests\Tenant\Notifications\Sites\SiteMaintenanceNotificationsTest.php::it deletes next_maintenance_date notifications when the role of an admin changes to maintenance manager for sites only where he is not maintenance manager with data set &quot;('monthly')&quot;" class="Tests\Tenant\Notifications\Sites\SiteMaintenanceNotificationsTest" classname="Tests.Tenant.Notifications.Sites.SiteMaintenanceNotificationsTest" assertions="4" time="1.850268"/>
        <testcase name="it deletes next_maintenance_date notifications when the role of an admin changes to maintenance manager for sites only where he is not maintenance manager with data set &quot;('quarterly')&quot;" file="tests\Tenant\Notifications\Sites\SiteMaintenanceNotificationsTest.php::it deletes next_maintenance_date notifications when the role of an admin changes to maintenance manager for sites only where he is not maintenance manager with data set &quot;('quarterly')&quot;" class="Tests\Tenant\Notifications\Sites\SiteMaintenanceNotificationsTest" classname="Tests.Tenant.Notifications.Sites.SiteMaintenanceNotificationsTest" assertions="4" time="1.972911"/>
        <testcase name="it deletes next_maintenance_date notifications when the role of an admin changes to maintenance manager for sites only where he is not maintenance manager with data set &quot;('biannual')&quot;" file="tests\Tenant\Notifications\Sites\SiteMaintenanceNotificationsTest.php::it deletes next_maintenance_date notifications when the role of an admin changes to maintenance manager for sites only where he is not maintenance manager with data set &quot;('biannual')&quot;" class="Tests\Tenant\Notifications\Sites\SiteMaintenanceNotificationsTest" classname="Tests.Tenant.Notifications.Sites.SiteMaintenanceNotificationsTest" assertions="4" time="1.972141"/>
        <testcase name="it deletes next_maintenance_date notifications when the role of an admin changes to maintenance manager for sites only where he is not maintenance manager with data set &quot;('annual')&quot;" file="tests\Tenant\Notifications\Sites\SiteMaintenanceNotificationsTest.php::it deletes next_maintenance_date notifications when the role of an admin changes to maintenance manager for sites only where he is not maintenance manager with data set &quot;('annual')&quot;" class="Tests\Tenant\Notifications\Sites\SiteMaintenanceNotificationsTest" classname="Tests.Tenant.Notifications.Sites.SiteMaintenanceNotificationsTest" assertions="4" time="1.805687"/>
        <testcase name="it deletes next_maintenance_date notifications when the role of an admin changes to maintenance manager for sites only where he is not maintenance manager with data set &quot;('biennial')&quot;" file="tests\Tenant\Notifications\Sites\SiteMaintenanceNotificationsTest.php::it deletes next_maintenance_date notifications when the role of an admin changes to maintenance manager for sites only where he is not maintenance manager with data set &quot;('biennial')&quot;" class="Tests\Tenant\Notifications\Sites\SiteMaintenanceNotificationsTest" classname="Tests.Tenant.Notifications.Sites.SiteMaintenanceNotificationsTest" assertions="4" time="1.395865"/>
      </testsuite>
      <testsuite name="it deletes next_maintenance_date notifications when a user is deleted" tests="8" assertions="16" errors="0" failures="0" skipped="0" time="15.730156">
        <testcase name="it deletes next_maintenance_date notifications when a user is deleted with data set &quot;('daily')&quot;" file="tests\Tenant\Notifications\Sites\SiteMaintenanceNotificationsTest.php::it deletes next_maintenance_date notifications when a user is deleted with data set &quot;('daily')&quot;" class="Tests\Tenant\Notifications\Sites\SiteMaintenanceNotificationsTest" classname="Tests.Tenant.Notifications.Sites.SiteMaintenanceNotificationsTest" assertions="2" time="1.769943"/>
        <testcase name="it deletes next_maintenance_date notifications when a user is deleted with data set &quot;('weekly')&quot;" file="tests\Tenant\Notifications\Sites\SiteMaintenanceNotificationsTest.php::it deletes next_maintenance_date notifications when a user is deleted with data set &quot;('weekly')&quot;" class="Tests\Tenant\Notifications\Sites\SiteMaintenanceNotificationsTest" classname="Tests.Tenant.Notifications.Sites.SiteMaintenanceNotificationsTest" assertions="2" time="1.817608"/>
        <testcase name="it deletes next_maintenance_date notifications when a user is deleted with data set &quot;('bimonthly')&quot;" file="tests\Tenant\Notifications\Sites\SiteMaintenanceNotificationsTest.php::it deletes next_maintenance_date notifications when a user is deleted with data set &quot;('bimonthly')&quot;" class="Tests\Tenant\Notifications\Sites\SiteMaintenanceNotificationsTest" classname="Tests.Tenant.Notifications.Sites.SiteMaintenanceNotificationsTest" assertions="2" time="1.970047"/>
        <testcase name="it deletes next_maintenance_date notifications when a user is deleted with data set &quot;('monthly')&quot;" file="tests\Tenant\Notifications\Sites\SiteMaintenanceNotificationsTest.php::it deletes next_maintenance_date notifications when a user is deleted with data set &quot;('monthly')&quot;" class="Tests\Tenant\Notifications\Sites\SiteMaintenanceNotificationsTest" classname="Tests.Tenant.Notifications.Sites.SiteMaintenanceNotificationsTest" assertions="2" time="2.185308"/>
        <testcase name="it deletes next_maintenance_date notifications when a user is deleted with data set &quot;('quarterly')&quot;" file="tests\Tenant\Notifications\Sites\SiteMaintenanceNotificationsTest.php::it deletes next_maintenance_date notifications when a user is deleted with data set &quot;('quarterly')&quot;" class="Tests\Tenant\Notifications\Sites\SiteMaintenanceNotificationsTest" classname="Tests.Tenant.Notifications.Sites.SiteMaintenanceNotificationsTest" assertions="2" time="1.953866"/>
        <testcase name="it deletes next_maintenance_date notifications when a user is deleted with data set &quot;('biannual')&quot;" file="tests\Tenant\Notifications\Sites\SiteMaintenanceNotificationsTest.php::it deletes next_maintenance_date notifications when a user is deleted with data set &quot;('biannual')&quot;" class="Tests\Tenant\Notifications\Sites\SiteMaintenanceNotificationsTest" classname="Tests.Tenant.Notifications.Sites.SiteMaintenanceNotificationsTest" assertions="2" time="2.028166"/>
        <testcase name="it deletes next_maintenance_date notifications when a user is deleted with data set &quot;('annual')&quot;" file="tests\Tenant\Notifications\Sites\SiteMaintenanceNotificationsTest.php::it deletes next_maintenance_date notifications when a user is deleted with data set &quot;('annual')&quot;" class="Tests\Tenant\Notifications\Sites\SiteMaintenanceNotificationsTest" classname="Tests.Tenant.Notifications.Sites.SiteMaintenanceNotificationsTest" assertions="2" time="2.062858"/>
        <testcase name="it deletes next_maintenance_date notifications when a user is deleted with data set &quot;('biennial')&quot;" file="tests\Tenant\Notifications\Sites\SiteMaintenanceNotificationsTest.php::it deletes next_maintenance_date notifications when a user is deleted with data set &quot;('biennial')&quot;" class="Tests\Tenant\Notifications\Sites\SiteMaintenanceNotificationsTest" classname="Tests.Tenant.Notifications.Sites.SiteMaintenanceNotificationsTest" assertions="2" time="1.942360"/>
      </testsuite>
    </testsuite>
    <testsuite name="Tests\Tenant\Notifications\Sites\SiteNotificationTest" file="tests\Tenant\Notifications\Sites\SiteNotificationTest.php" tests="2" assertions="9" errors="0" failures="0" skipped="0" time="3.379002">
      <testcase name="it creates notifications (maintenance, warranty) for a new created site" file="tests\Tenant\Notifications\Sites\SiteNotificationTest.php::it creates notifications (maintenance, warranty) for a new created site" class="Tests\Tenant\Notifications\Sites\SiteNotificationTest" classname="Tests.Tenant.Notifications.Sites.SiteNotificationTest" assertions="5" time="1.788124"/>
      <testcase name="it deletes notifications when site is deleted" file="tests\Tenant\Notifications\Sites\SiteNotificationTest.php::it deletes notifications when site is deleted" class="Tests\Tenant\Notifications\Sites\SiteNotificationTest" classname="Tests.Tenant.Notifications.Sites.SiteNotificationTest" assertions="4" time="1.590878"/>
    </testsuite>
    <testsuite name="Tests\Tenant\Notifications\Sites\SiteWarrantyNotificationsTest" file="tests\Tenant\Notifications\Sites\SiteWarrantyNotificationsTest.php" tests="19" assertions="52" errors="0" failures="0" skipped="0" time="38.866903">
      <testcase name="it creates end of warranty notification for admin &amp; maintenance manager for a new created site when end_warranty_date &gt; today" file="tests\Tenant\Notifications\Sites\SiteWarrantyNotificationsTest.php::it creates end of warranty notification for admin &amp; maintenance manager for a new created site when end_warranty_date &gt; today" class="Tests\Tenant\Notifications\Sites\SiteWarrantyNotificationsTest" classname="Tests.Tenant.Notifications.Sites.SiteWarrantyNotificationsTest" assertions="3" time="2.129188"/>
      <testcase name="it does not create end of warranty notification for admin &amp; maintenance manager for a new created site when end_warranty_date &lt;= today" file="tests\Tenant\Notifications\Sites\SiteWarrantyNotificationsTest.php::it does not create end of warranty notification for admin &amp; maintenance manager for a new created site when end_warranty_date &lt;= today" class="Tests\Tenant\Notifications\Sites\SiteWarrantyNotificationsTest" classname="Tests.Tenant.Notifications.Sites.SiteWarrantyNotificationsTest" assertions="2" time="1.562432"/>
      <testcase name="it updates end of warranty notification when end_warranty_date changes" file="tests\Tenant\Notifications\Sites\SiteWarrantyNotificationsTest.php::it updates end of warranty notification when end_warranty_date changes" class="Tests\Tenant\Notifications\Sites\SiteWarrantyNotificationsTest" classname="Tests.Tenant.Notifications.Sites.SiteWarrantyNotificationsTest" assertions="5" time="1.672061"/>
      <testcase name="it creates warranty notifications for admin when under_warranty passes from false to true" file="tests\Tenant\Notifications\Sites\SiteWarrantyNotificationsTest.php::it creates warranty notifications for admin when under_warranty passes from false to true" class="Tests\Tenant\Notifications\Sites\SiteWarrantyNotificationsTest" classname="Tests.Tenant.Notifications.Sites.SiteWarrantyNotificationsTest" assertions="3" time="1.559641"/>
      <testcase name="it creates warranty notifications for maintenance manager when under_warranty passes from false to true" file="tests\Tenant\Notifications\Sites\SiteWarrantyNotificationsTest.php::it creates warranty notifications for maintenance manager when under_warranty passes from false to true" class="Tests\Tenant\Notifications\Sites\SiteWarrantyNotificationsTest" classname="Tests.Tenant.Notifications.Sites.SiteWarrantyNotificationsTest" assertions="2" time="1.856380"/>
      <testcase name="it deletes warranty notifications for admin when under_warranty passes from true to false" file="tests\Tenant\Notifications\Sites\SiteWarrantyNotificationsTest.php::it deletes warranty notifications for admin when under_warranty passes from true to false" class="Tests\Tenant\Notifications\Sites\SiteWarrantyNotificationsTest" classname="Tests.Tenant.Notifications.Sites.SiteWarrantyNotificationsTest" assertions="6" time="1.963798"/>
      <testcase name="it deletes warranty notifications for maintenance manager when under_warranty passes from true to false" file="tests\Tenant\Notifications\Sites\SiteWarrantyNotificationsTest.php::it deletes warranty notifications for maintenance manager when under_warranty passes from true to false" class="Tests\Tenant\Notifications\Sites\SiteWarrantyNotificationsTest" classname="Tests.Tenant.Notifications.Sites.SiteWarrantyNotificationsTest" assertions="2" time="2.014214"/>
      <testcase name="it deletes warranty notifications for maintenance manager when maintenance manager is removed from the site" file="tests\Tenant\Notifications\Sites\SiteWarrantyNotificationsTest.php::it deletes warranty notifications for maintenance manager when maintenance manager is removed from the site" class="Tests\Tenant\Notifications\Sites\SiteWarrantyNotificationsTest" classname="Tests.Tenant.Notifications.Sites.SiteWarrantyNotificationsTest" assertions="2" time="1.940059"/>
      <testcase name="it updates warranty notifications when notification preference end_warranty_date of user changes" file="tests\Tenant\Notifications\Sites\SiteWarrantyNotificationsTest.php::it updates warranty notifications when notification preference end_warranty_date of user changes" class="Tests\Tenant\Notifications\Sites\SiteWarrantyNotificationsTest" classname="Tests.Tenant.Notifications.Sites.SiteWarrantyNotificationsTest" assertions="2" time="2.075529"/>
      <testcase name="it deletes warranty notifications when notification preference end_warranty_date of user is disabled" file="tests\Tenant\Notifications\Sites\SiteWarrantyNotificationsTest.php::it deletes warranty notifications when notification preference end_warranty_date of user is disabled" class="Tests\Tenant\Notifications\Sites\SiteWarrantyNotificationsTest" classname="Tests.Tenant.Notifications.Sites.SiteWarrantyNotificationsTest" assertions="2" time="2.577769"/>
      <testcase name="it creates warranty notification for admin when notification preference warranty_end_date of user is enabled" file="tests\Tenant\Notifications\Sites\SiteWarrantyNotificationsTest.php::it creates warranty notification for admin when notification preference warranty_end_date of user is enabled" class="Tests\Tenant\Notifications\Sites\SiteWarrantyNotificationsTest" classname="Tests.Tenant.Notifications.Sites.SiteWarrantyNotificationsTest" assertions="2" time="2.480837"/>
      <testcase name="it creates warranty notification for maintenance manager when notification preference warranty_end_date of user is enabled" file="tests\Tenant\Notifications\Sites\SiteWarrantyNotificationsTest.php::it creates warranty notification for maintenance manager when notification preference warranty_end_date of user is enabled" class="Tests\Tenant\Notifications\Sites\SiteWarrantyNotificationsTest" classname="Tests.Tenant.Notifications.Sites.SiteWarrantyNotificationsTest" assertions="2" time="2.501818"/>
      <testcase name="it creates warranty notification for admin when notification preference warranty_end_date of user is enabled for warranty_end_date &gt; today" file="tests\Tenant\Notifications\Sites\SiteWarrantyNotificationsTest.php::it creates warranty notification for admin when notification preference warranty_end_date of user is enabled for warranty_end_date &gt; today" class="Tests\Tenant\Notifications\Sites\SiteWarrantyNotificationsTest" classname="Tests.Tenant.Notifications.Sites.SiteWarrantyNotificationsTest" assertions="4" time="1.968672"/>
      <testcase name="it creates warranty notification for maintenance manager when notification preference warranty_end_date of user is enabled for warranty_end_date &gt; today" file="tests\Tenant\Notifications\Sites\SiteWarrantyNotificationsTest.php::it creates warranty notification for maintenance manager when notification preference warranty_end_date of user is enabled for warranty_end_date &gt; today" class="Tests\Tenant\Notifications\Sites\SiteWarrantyNotificationsTest" classname="Tests.Tenant.Notifications.Sites.SiteWarrantyNotificationsTest" assertions="4" time="2.075234"/>
      <testcase name="it creates warranty notifications for a new created user with admin role" file="tests\Tenant\Notifications\Sites\SiteWarrantyNotificationsTest.php::it creates warranty notifications for a new created user with admin role" class="Tests\Tenant\Notifications\Sites\SiteWarrantyNotificationsTest" classname="Tests.Tenant.Notifications.Sites.SiteWarrantyNotificationsTest" assertions="1" time="2.263893"/>
      <testcase name="it creates warranty notifications when the role of a maintenance manager changes to admin" file="tests\Tenant\Notifications\Sites\SiteWarrantyNotificationsTest.php::it creates warranty notifications when the role of a maintenance manager changes to admin" class="Tests\Tenant\Notifications\Sites\SiteWarrantyNotificationsTest" classname="Tests.Tenant.Notifications.Sites.SiteWarrantyNotificationsTest" assertions="2" time="2.562823"/>
      <testcase name="it deletes warranty notifications when the role of an admin changes to maintenance manager" file="tests\Tenant\Notifications\Sites\SiteWarrantyNotificationsTest.php::it deletes warranty notifications when the role of an admin changes to maintenance manager" class="Tests\Tenant\Notifications\Sites\SiteWarrantyNotificationsTest" classname="Tests.Tenant.Notifications.Sites.SiteWarrantyNotificationsTest" assertions="2" time="2.046245"/>
      <testcase name="it deletes warranty notifications when the role of an admin changes to maintenance manager for sites where he is not maintenance manager" file="tests\Tenant\Notifications\Sites\SiteWarrantyNotificationsTest.php::it deletes warranty notifications when the role of an admin changes to maintenance manager for sites where he is not maintenance manager" class="Tests\Tenant\Notifications\Sites\SiteWarrantyNotificationsTest" classname="Tests.Tenant.Notifications.Sites.SiteWarrantyNotificationsTest" assertions="4" time="1.871831"/>
      <testcase name="it deletes warranty notifications when a user is deleted" file="tests\Tenant\Notifications\Sites\SiteWarrantyNotificationsTest.php::it deletes warranty notifications when a user is deleted" class="Tests\Tenant\Notifications\Sites\SiteWarrantyNotificationsTest" classname="Tests.Tenant.Notifications.Sites.SiteWarrantyNotificationsTest" assertions="2" time="1.744478"/>
    </testsuite>
    <testsuite name="Tests\Tenant\Notifications\UserNotificationPreferencesTest" file="tests\Tenant\Notifications\UserNotificationPreferencesTest.php" tests="4" assertions="12" errors="0" failures="0" skipped="0" time="7.197021">
      <testcase name="it creates default notification preferences when admin is created" file="tests\Tenant\Notifications\UserNotificationPreferencesTest.php::it creates default notification preferences when admin is created" class="Tests\Tenant\Notifications\UserNotificationPreferencesTest" classname="Tests.Tenant.Notifications.UserNotificationPreferencesTest" assertions="4" time="1.674295"/>
      <testcase name="it creates default notification preferences when maintenance manager is created" file="tests\Tenant\Notifications\UserNotificationPreferencesTest.php::it creates default notification preferences when maintenance manager is created" class="Tests\Tenant\Notifications\UserNotificationPreferencesTest" classname="Tests.Tenant.Notifications.UserNotificationPreferencesTest" assertions="4" time="1.738475"/>
      <testcase name="it can create a new notification preference" file="tests\Tenant\Notifications\UserNotificationPreferencesTest.php::it can create a new notification preference" class="Tests\Tenant\Notifications\UserNotificationPreferencesTest" classname="Tests.Tenant.Notifications.UserNotificationPreferencesTest" assertions="2" time="1.778423"/>
      <testcase name="it can update notification preferences" file="tests\Tenant\Notifications\UserNotificationPreferencesTest.php::it can update notification preferences" class="Tests\Tenant\Notifications\UserNotificationPreferencesTest" classname="Tests.Tenant.Notifications.UserNotificationPreferencesTest" assertions="2" time="2.005828"/>
    </testsuite>
  </testsuite>
</testsuites>
